TN:
SF:env.d.ts
FN:1,(empty-report)
FNF:1
FNH:1
FNDA:1,(empty-report)
LF:0
LH:0
BRDA:1,0,0,1
BRF:1
BRH:1
end_of_record
TN:
SF:src/App.vue
FN:16,setup
FN:29,mounted
FNF:2
FNH:2
FNDA:1,setup
FNDA:1,mounted
DA:1,1
DA:2,1
DA:3,1
DA:7,1
DA:8,1
DA:9,1
DA:10,1
DA:12,1
DA:13,1
DA:14,1
DA:16,1
DA:17,1
DA:18,1
DA:19,1
DA:20,0
DA:21,0
DA:22,0
DA:23,0
DA:24,0
DA:25,0
DA:26,0
DA:27,1
DA:28,1
DA:29,1
DA:30,1
DA:31,1
DA:32,1
DA:33,0
DA:34,1
DA:35,1
DA:36,1
DA:37,1
DA:38,1
LF:33
LH:25
BRDA:16,0,0,1
BRDA:18,1,0,1
BRDA:29,2,0,1
BRDA:32,3,0,0
BRF:4
BRH:3
end_of_record
TN:
SF:src/axios.ts
FNF:0
FNH:0
DA:1,1
DA:2,1
DA:4,1
DA:5,1
DA:6,1
DA:8,1
DA:9,48
DA:11,48
DA:12,48
DA:14,1
LF:10
LH:10
BRDA:8,0,0,48
BRF:1
BRH:1
end_of_record
TN:
SF:src/components/DieFace.vue
FN:19,dots
FNF:1
FNH:1
FNDA:34,dots
DA:1,1
DA:2,1
DA:3,1
DA:4,1
DA:8,1
DA:10,1
DA:11,1
DA:12,1
DA:13,1
DA:14,1
DA:15,1
DA:16,1
DA:17,1
DA:18,1
DA:19,1
DA:20,34
DA:21,34
DA:22,34
DA:23,34
DA:24,34
DA:25,34
DA:26,34
DA:27,34
DA:28,34
DA:29,34
DA:30,1
DA:31,1
LF:27
LH:27
BRDA:19,0,0,34
BRDA:28,1,0,18
BRF:2
BRH:2
end_of_record
TN:
SF:src/components/ErrorContainer.vue
FN:21,setup
FNF:1
FNH:1
FNDA:3,setup
DA:1,1
DA:2,1
DA:3,1
DA:4,1
DA:5,1
DA:6,1
DA:7,1
DA:8,1
DA:9,1
DA:13,1
DA:14,1
DA:15,1
DA:16,1
DA:18,1
DA:19,1
DA:20,1
DA:21,1
DA:22,3
DA:23,3
DA:25,3
DA:26,3
DA:27,3
DA:28,3
DA:29,3
DA:30,1
LF:25
LH:25
BRDA:21,0,0,3
BRF:1
BRH:1
end_of_record
TN:
SF:src/components/GameBoard.vue
FN:123,data
FN:138,created
FN:143,dice
FN:147,configuration
FN:155,isThereAWinner
FN:163,selectPoint
FN:179,deselectPoint
FN:187,movePiece
FN:241,checkMoveValidity
FN:259,swapPlayers
FN:283,getAllowedPointIndices
FN:324,allowedPointIndices
FN:330,isMoveAvailable
FN:342,bearOffAllowed
FN:345,bearOffCountPlayer1
FN:352,bearOffCountPlayer2
FN:359,showBearOff
FN:16,onSelectPoint
FN:28,onSelectPoint
FN:58,onSelectPoint
FN:70,onSelectPoint
FN:86,__vite_ssr_import_3__.createElementBlock._ctx.showBearOff.__vite_ssr_import_3__.createElementBlock.__vite_ssr_import_3__.createElementVNode.onClick._cache.<computed>._cache.<computed>
FNF:22
FNH:17
FNDA:38,data
FNDA:38,created
FNDA:1,dice
FNDA:0,configuration
FNDA:4,isThereAWinner
FNDA:4,selectPoint
FNDA:1,deselectPoint
FNDA:18,movePiece
FNDA:18,checkMoveValidity
FNDA:6,swapPlayers
FNDA:91,getAllowedPointIndices
FNDA:73,allowedPointIndices
FNDA:38,isMoveAvailable
FNDA:11,bearOffAllowed
FNDA:202,bearOffCountPlayer1
FNDA:157,bearOffCountPlayer2
FNDA:127,showBearOff
FNDA:0,onSelectPoint
FNDA:0,onSelectPoint
FNDA:0,onSelectPoint
FNDA:1,onSelectPoint
FNDA:0,__vite_ssr_import_3__.createElementBlock._ctx.showBearOff.__vite_ssr_import_3__.createElementBlock.__vite_ssr_import_3__.createElementVNode.onClick._cache.<computed>._cache.<computed>
DA:1,148
DA:2,1
DA:3,1
DA:4,1
DA:5,1
DA:6,1
DA:7,1
DA:8,1
DA:9,1
DA:10,1
DA:11,1
DA:12,1
DA:13,1
DA:14,1
DA:15,1
DA:16,1
DA:17,1
DA:18,1
DA:19,1
DA:20,1
DA:21,1
DA:22,1
DA:23,1
DA:24,1
DA:25,1
DA:26,1
DA:27,1
DA:28,1
DA:29,1
DA:30,1
DA:31,1
DA:33,1
DA:34,1
DA:35,1
DA:36,1
DA:37,1
DA:39,1
DA:40,1
DA:41,1
DA:42,43
DA:43,1
DA:44,1
DA:46,1
DA:47,1
DA:48,1
DA:49,1
DA:50,1
DA:51,1
DA:52,1
DA:53,1
DA:54,1
DA:55,1
DA:56,1
DA:57,1
DA:58,1
DA:59,1
DA:60,1
DA:61,1
DA:62,1
DA:63,1
DA:64,1
DA:65,1
DA:66,1
DA:67,1
DA:68,1
DA:69,1
DA:70,1
DA:71,1
DA:72,1
DA:73,1
DA:74,1
DA:75,1
DA:76,1
DA:77,1
DA:79,1
DA:80,1
DA:81,1
DA:82,1
DA:83,1
DA:84,1
DA:85,1
DA:86,1
DA:88,1
DA:89,1
DA:90,1
DA:91,1
DA:95,1
DA:96,1
DA:97,1
DA:99,1
DA:100,1
DA:101,1
DA:102,1
DA:103,1
DA:104,1
DA:105,1
DA:106,1
DA:107,1
DA:108,1
DA:109,1
DA:110,1
DA:111,1
DA:112,1
DA:113,1
DA:114,1
DA:115,1
DA:116,1
DA:117,1
DA:118,1
DA:119,1
DA:120,1
DA:121,1
DA:122,1
DA:123,1
DA:124,38
DA:126,38
DA:129,38
DA:132,38
DA:135,38
DA:136,38
DA:137,38
DA:138,1
DA:139,38
DA:140,38
DA:141,38
DA:142,1
DA:143,1
DA:144,1
DA:145,1
DA:146,1
DA:147,1
DA:148,0
DA:149,0
DA:150,1
DA:151,1
DA:155,1
DA:156,4
DA:157,4
DA:158,4
DA:163,1
DA:165,4
DA:166,1
DA:167,1
DA:168,4
DA:169,1
DA:170,4
DA:171,1
DA:172,1
DA:173,1
DA:174,1
DA:175,4
DA:179,1
DA:180,1
DA:181,1
DA:187,1
DA:190,18
DA:193,18
DA:194,2
DA:195,18
DA:196,7
DA:197,7
DA:199,18
DA:200,7
DA:203,7
DA:204,2
DA:205,2
DA:206,2
DA:207,7
DA:210,18
DA:211,14
DA:212,9
DA:213,9
DA:214,5
DA:215,18
DA:217,18
DA:218,0
DA:219,18
DA:220,9
DA:221,9
DA:222,9
DA:223,9
DA:224,9
DA:226,9
DA:229,18
DA:232,18
DA:233,6
DA:234,6
DA:235,18
DA:241,1
DA:242,18
DA:243,18
DA:244,14
DA:245,14
DA:246,13
DA:248,12
DA:249,11
DA:251,12
DA:252,10
DA:253,10
DA:254,18
DA:259,1
DA:260,6
DA:263,6
DA:264,144
DA:265,144
DA:266,144
DA:267,144
DA:270,6
DA:273,6
DA:274,6
DA:275,6
DA:277,6
DA:278,6
DA:283,1
DA:284,91
DA:285,91
DA:286,91
DA:287,91
DA:288,91
DA:290,66
DA:291,91
DA:293,2
DA:294,2
DA:295,2
DA:296,25
DA:298,14
DA:299,14
DA:300,14
DA:301,23
DA:303,9
DA:304,9
DA:305,9
DA:308,9
DA:309,9
DA:310,4
DA:311,9
DA:312,4
DA:313,4
DA:315,9
DA:316,9
DA:317,91
DA:318,1
DA:319,1
DA:324,1
DA:325,73
DA:326,73
DA:330,1
DA:331,38
DA:332,20
DA:333,38
DA:334,0
DA:335,18
DA:336,18
DA:337,18
DA:338,18
DA:339,18
DA:340,18
DA:341,38
DA:342,1
DA:343,11
DA:344,11
DA:345,1
DA:346,202
DA:347,202
DA:348,202
DA:349,202
DA:351,202
DA:352,1
DA:353,157
DA:354,157
DA:355,157
DA:356,157
DA:358,157
DA:359,1
DA:360,127
DA:361,127
DA:362,1
DA:363,1
LF:278
LH:274
BRDA:123,0,0,38
BRDA:138,1,0,38
BRDA:139,2,0,33
BRDA:139,3,0,5
BRDA:143,4,0,1
BRDA:155,5,0,4
BRDA:156,6,0,0
BRDA:157,7,0,1
BRDA:156,8,0,7
BRDA:157,9,0,27
BRDA:163,10,0,4
BRDA:165,11,0,1
BRDA:167,12,0,3
BRDA:168,13,0,1
BRDA:170,14,0,2
BRDA:170,15,0,1
BRDA:179,16,0,1
BRDA:187,17,0,18
BRDA:193,18,0,2
BRDA:195,19,0,7
BRDA:197,20,0,9
BRDA:199,21,0,7
BRDA:203,22,0,2
BRDA:207,23,0,9
BRDA:217,24,0,9
BRDA:217,25,0,0
BRDA:219,26,0,9
BRDA:229,27,0,0
BRDA:232,28,0,9
BRDA:232,29,0,3
BRDA:232,30,0,6
BRDA:210,31,0,14
BRDA:211,32,0,9
BRDA:213,33,0,5
BRDA:241,34,0,18
BRDA:242,35,0,17
BRDA:242,36,0,16
BRDA:242,37,0,15
BRDA:243,38,0,4
BRDA:243,39,0,14
BRDA:244,40,0,3
BRDA:245,41,0,1
BRDA:245,42,0,13
BRDA:246,43,0,1
BRDA:246,44,0,12
BRDA:248,45,0,3
BRDA:248,46,0,11
BRDA:249,47,0,9
BRDA:251,48,0,2
BRDA:251,49,0,10
BRDA:253,50,0,1
BRDA:259,51,0,6
BRDA:263,52,0,144
BRDA:283,53,0,91
BRDA:288,54,0,32
BRDA:288,55,0,26
BRDA:288,56,0,66
BRDA:291,57,0,25
BRDA:291,58,0,2
BRDA:296,59,0,23
BRDA:296,60,0,14
BRDA:301,61,0,9
BRDA:309,62,0,4
BRDA:311,63,0,4
BRDA:294,64,0,2
BRDA:295,65,0,2
BRDA:299,66,0,336
BRDA:299,67,0,59
BRDA:299,68,0,277
BRDA:300,69,0,336
BRDA:304,70,0,18
BRDA:304,71,0,0
BRDA:305,72,0,18
BRDA:305,73,0,10
BRDA:309,74,0,82
BRDA:310,75,0,4
BRDA:310,76,0,0
BRDA:324,77,0,73
BRDA:330,78,0,38
BRDA:331,79,0,20
BRDA:333,80,0,18
BRDA:333,81,0,0
BRDA:342,82,0,11
BRDA:345,83,0,202
BRDA:348,84,0,4848
BRDA:352,85,0,157
BRDA:355,86,0,3768
BRDA:359,87,0,127
BRDA:360,88,0,117
BRDA:3,89,0,38
BRDA:39,90,0,121
BRDA:41,91,0,43
BRDA:42,92,0,116
BRDA:81,93,0,6
BRDA:84,94,0,2
BRDA:84,95,0,9
BRDA:84,96,0,2
BRDA:84,97,0,9
BRDA:86,98,0,6
BRDA:1,99,0,148
BRDA:70,100,0,1
BRF:101
BRH:95
end_of_record
TN:
SF:src/components/NotificationComponent.vue
FNF:0
FNH:0
DA:1,1
DA:2,1
DA:3,1
DA:4,1
DA:8,1
DA:10,1
DA:11,1
DA:12,1
DA:13,1
DA:14,1
DA:15,1
DA:16,1
DA:17,1
DA:18,1
DA:19,1
DA:20,1
DA:21,1
DA:22,1
LF:18
LH:18
BRF:0
BRH:0
end_of_record
TN:
SF:src/components/PointComponent.vue
FN:66,data
FN:70,selectPoint
FN:78,aboveMaxPieces
FNF:3
FNH:3
FNDA:933,data
FNDA:2,selectPoint
FNDA:518,aboveMaxPieces
DA:1,1
DA:2,1
DA:3,1
DA:4,1
DA:5,1
DA:6,1
DA:7,1
DA:8,1
DA:9,1
DA:10,1
DA:11,1
DA:12,1
DA:13,1
DA:14,1
DA:15,1
DA:16,71
DA:18,71
DA:19,1
DA:20,1
DA:21,1
DA:23,1
DA:24,1
DA:25,1
DA:26,45
DA:28,45
DA:29,1
DA:30,1
DA:31,1
DA:32,1
DA:33,1
DA:34,1
DA:38,1
DA:41,1
DA:42,1
DA:43,1
DA:44,1
DA:45,1
DA:46,1
DA:47,1
DA:48,1
DA:49,1
DA:50,1
DA:51,1
DA:52,1
DA:53,1
DA:54,1
DA:55,1
DA:56,1
DA:57,1
DA:58,1
DA:59,1
DA:60,1
DA:61,1
DA:62,1
DA:63,1
DA:64,1
DA:65,1
DA:66,1
DA:67,933
DA:68,933
DA:69,1
DA:70,1
DA:71,2
DA:72,2
DA:73,1
DA:74,1
DA:78,1
DA:79,518
DA:80,518
DA:81,1
DA:82,1
LF:71
LH:71
BRDA:66,0,0,933
BRDA:70,1,0,2
BRDA:78,2,0,518
BRDA:2,3,0,933
BRDA:10,4,0,8
BRDA:10,5,0,1360
BRDA:10,6,0,31
BRDA:10,7,0,1329
BRDA:10,8,0,573
BRDA:10,9,0,756
BRDA:15,10,0,371
BRDA:15,11,0,71
BRDA:25,12,0,194
BRDA:25,13,0,45
BRDA:2,14,0,2
BRF:15
BRH:15
end_of_record
TN:
SF:src/components/__tests__/Board.test.ts
FNF:0
FNH:0
DA:1,1
DA:2,1
DA:3,1
DA:4,1
DA:5,1
DA:6,1
DA:7,1
DA:9,1
DA:10,1
DA:12,1
DA:13,1
DA:14,1
DA:15,1
DA:17,1
DA:18,34
DA:19,34
DA:21,1
DA:22,1
DA:24,1
DA:25,4
DA:26,4
DA:27,4
DA:28,4
DA:29,4
DA:30,4
DA:31,4
DA:32,1
DA:34,1
DA:35,1
DA:36,1
DA:38,1
DA:39,1
DA:40,1
DA:41,1
DA:43,1
DA:44,1
DA:45,1
DA:46,1
DA:47,1
DA:49,1
DA:50,1
DA:51,1
DA:52,1
DA:53,1
DA:55,1
DA:56,1
DA:58,1
DA:59,4
DA:60,4
DA:61,4
DA:62,4
DA:63,4
DA:64,4
DA:65,4
DA:66,1
DA:68,1
DA:69,1
DA:70,1
DA:72,1
DA:73,1
DA:74,1
DA:76,1
DA:77,1
DA:78,1
DA:79,1
DA:81,1
DA:82,1
DA:83,1
DA:85,1
DA:86,1
DA:87,1
DA:89,1
DA:90,1
DA:91,1
DA:93,1
DA:94,1
DA:95,1
DA:96,1
DA:97,1
DA:99,1
DA:100,1
DA:102,1
DA:103,4
DA:106,4
DA:107,4
DA:108,4
DA:111,4
DA:113,4
DA:114,4
DA:115,4
DA:116,4
DA:117,4
DA:118,4
DA:119,4
DA:120,1
DA:122,1
DA:123,1
DA:124,1
DA:126,1
DA:127,1
DA:128,1
DA:130,1
DA:131,1
DA:132,1
DA:133,1
DA:135,1
DA:136,1
DA:137,1
DA:139,1
DA:140,1
DA:141,1
DA:143,1
DA:144,1
DA:145,1
DA:147,1
DA:148,1
DA:151,1
DA:152,1
DA:153,1
DA:154,1
DA:155,1
DA:156,1
DA:157,1
DA:158,1
DA:159,1
DA:160,1
DA:161,1
DA:162,1
DA:165,1
DA:166,1
DA:167,1
DA:168,1
DA:169,1
DA:170,1
DA:171,1
DA:172,1
DA:173,1
DA:174,1
DA:175,1
DA:176,1
DA:179,1
DA:180,1
DA:181,1
DA:182,1
DA:183,1
DA:184,1
DA:185,1
DA:186,1
DA:187,1
DA:188,1
DA:189,1
DA:190,1
DA:191,1
DA:192,1
DA:194,1
DA:195,1
DA:197,1
DA:198,5
DA:199,5
DA:200,5
DA:201,5
DA:202,5
DA:203,5
DA:204,5
DA:205,1
DA:207,1
DA:208,1
DA:209,1
DA:210,1
DA:211,1
DA:212,1
DA:213,1
DA:214,1
DA:215,1
DA:216,1
DA:217,1
DA:219,1
DA:220,1
DA:222,1
DA:224,1
DA:225,1
DA:226,24
DA:227,24
DA:229,1
DA:230,1
DA:232,1
DA:233,1
DA:234,1
DA:236,1
DA:238,1
DA:240,1
DA:241,1
DA:243,1
DA:244,1
DA:245,1
DA:247,1
DA:249,1
DA:250,1
DA:252,1
DA:253,1
DA:254,1
DA:255,1
DA:256,1
DA:257,1
DA:259,1
DA:260,1
DA:262,1
DA:263,1
DA:265,1
DA:266,1
DA:268,1
DA:270,1
DA:271,1
DA:272,1
DA:274,1
DA:275,1
DA:277,1
DA:278,10
DA:279,10
DA:280,10
DA:281,10
DA:282,10
DA:283,10
DA:284,10
DA:285,1
DA:287,1
DA:288,1
DA:289,1
DA:291,1
DA:292,1
DA:294,1
DA:295,1
DA:296,1
DA:297,1
DA:299,1
DA:300,1
DA:301,1
DA:303,1
DA:304,1
DA:306,1
DA:308,1
DA:309,1
DA:310,1
DA:311,1
DA:313,1
DA:314,1
DA:315,1
DA:316,1
DA:317,1
DA:318,1
DA:320,1
DA:321,1
DA:322,1
DA:323,1
DA:324,1
DA:325,1
DA:327,1
DA:328,1
DA:329,1
DA:330,1
DA:331,1
DA:332,1
DA:334,1
DA:335,1
DA:336,1
DA:337,1
DA:338,1
DA:339,1
DA:341,1
DA:342,1
DA:343,1
DA:344,1
DA:345,1
DA:347,1
DA:348,1
DA:349,1
DA:351,1
DA:352,1
DA:353,1
DA:354,1
DA:355,1
DA:356,1
DA:358,1
DA:359,1
DA:360,1
DA:361,1
DA:363,1
DA:364,1
DA:365,1
DA:367,1
DA:368,1
DA:369,1
DA:370,1
DA:371,1
DA:372,1
DA:374,1
DA:375,1
DA:376,1
DA:377,1
DA:378,1
DA:379,1
DA:380,1
DA:383,1
DA:384,1
DA:385,1
DA:386,1
DA:387,1
DA:388,1
DA:389,1
DA:390,1
DA:391,1
DA:392,1
DA:394,1
DA:395,1
DA:396,1
DA:397,1
DA:399,1
DA:401,1
DA:402,1
DA:403,1
DA:404,1
DA:406,1
DA:407,1
DA:408,1
DA:409,1
DA:410,1
DA:411,1
DA:413,1
DA:414,1
DA:415,1
DA:416,1
DA:417,1
DA:418,1
DA:419,1
DA:420,1
DA:422,1
DA:423,1
DA:424,1
DA:426,1
DA:427,1
DA:428,1
DA:429,1
DA:430,1
DA:431,1
DA:433,1
DA:434,1
DA:435,1
DA:437,1
DA:438,1
DA:439,1
DA:440,1
DA:441,1
DA:442,1
DA:443,1
DA:444,1
DA:445,1
DA:446,1
DA:448,1
DA:449,1
DA:450,1
DA:451,1
DA:453,1
DA:454,1
DA:455,1
DA:456,1
DA:457,1
DA:458,1
DA:459,1
DA:461,1
DA:462,1
DA:463,1
DA:464,1
DA:465,1
DA:466,1
DA:467,1
DA:468,1
DA:469,1
DA:470,1
DA:472,1
DA:473,1
DA:474,1
DA:475,1
DA:477,1
DA:478,1
DA:479,1
DA:480,1
DA:481,1
DA:482,1
DA:483,1
DA:484,1
DA:485,1
DA:486,1
DA:488,1
DA:489,1
DA:490,1
DA:491,1
DA:492,1
LF:397
LH:397
BRDA:12,0,0,1
BRDA:17,1,0,34
BRDA:21,2,0,1
BRDA:24,3,0,4
BRDA:34,4,0,1
BRDA:38,5,0,1
BRDA:43,6,0,1
BRDA:45,7,0,24
BRDA:49,8,0,1
BRDA:55,9,0,1
BRDA:58,10,0,4
BRDA:68,11,0,1
BRDA:76,12,0,1
BRDA:78,13,0,24
BRDA:78,14,0,82
BRDA:79,15,0,24
BRDA:79,16,0,78
BRDA:85,17,0,1
BRDA:93,18,0,1
BRDA:99,19,0,1
BRDA:102,20,0,4
BRDA:122,21,0,1
BRDA:130,22,0,1
BRDA:132,23,0,24
BRDA:132,24,0,82
BRDA:133,25,0,24
BRDA:133,26,0,78
BRDA:139,27,0,1
BRDA:147,28,0,1
BRDA:194,29,0,1
BRDA:197,30,0,5
BRDA:207,31,0,1
BRDA:225,32,0,24
BRDA:232,33,0,1
BRDA:243,34,0,1
BRDA:252,35,0,1
BRDA:265,36,0,1
BRDA:274,37,0,1
BRDA:277,38,0,10
BRDA:287,39,0,1
BRDA:299,40,0,1
BRDA:313,41,0,1
BRDA:327,42,0,1
BRDA:341,43,0,1
BRDA:351,44,0,1
BRDA:352,45,0,1
BRDA:353,46,0,1
BRDA:354,47,0,1
BRDA:355,48,0,1
BRDA:358,49,0,1
BRDA:360,50,0,1
BRDA:363,51,0,1
BRDA:364,52,0,1
BRDA:367,53,0,1
BRDA:369,54,0,1
BRDA:371,55,0,1
BRDA:374,56,0,1
BRDA:378,57,0,1
BRDA:383,58,0,1
BRDA:384,59,0,1
BRDA:394,60,0,24
BRDA:395,61,0,24
BRDA:401,62,0,24
BRDA:402,63,0,24
BRDA:413,64,0,1
BRDA:422,65,0,1
BRDA:426,66,0,1
BRDA:437,67,0,1
BRDA:453,68,0,1
BRDA:461,69,0,1
BRDA:477,70,0,1
BRF:71
BRH:71
end_of_record
TN:
SF:src/components/__tests__/DieFace.test.ts
FNF:0
FNH:0
DA:1,1
DA:2,1
DA:3,1
DA:5,1
DA:6,1
DA:7,1
DA:8,1
DA:9,1
DA:10,1
DA:11,1
DA:12,1
DA:13,1
DA:15,1
DA:16,1
DA:17,1
DA:18,1
DA:19,1
DA:20,1
DA:21,1
DA:22,1
DA:23,1
DA:25,1
DA:26,1
DA:27,1
DA:28,1
DA:29,1
DA:30,1
DA:31,1
DA:32,1
DA:33,1
DA:34,1
DA:36,1
DA:37,1
DA:38,1
DA:39,1
DA:40,1
DA:41,1
DA:42,1
DA:43,1
DA:44,1
DA:45,1
DA:46,1
DA:48,1
DA:49,1
DA:50,1
DA:51,1
DA:52,1
DA:53,1
DA:54,1
DA:55,1
DA:56,1
DA:57,1
DA:58,1
DA:59,1
DA:61,1
DA:62,1
DA:63,1
DA:64,1
DA:65,1
DA:66,1
DA:67,1
DA:68,1
DA:69,1
DA:70,1
DA:71,1
DA:72,1
DA:73,1
DA:74,1
LF:68
LH:68
BRDA:5,0,0,1
BRDA:6,1,0,1
BRDA:15,2,0,1
BRDA:25,3,0,1
BRDA:36,4,0,1
BRDA:48,5,0,1
BRDA:61,6,0,1
BRF:7
BRH:7
end_of_record
TN:
SF:src/components/__tests__/ErrorContainer.test.ts
FNF:0
FNH:0
DA:1,1
DA:2,1
DA:3,1
DA:4,1
DA:5,1
DA:6,1
DA:8,1
DA:9,1
DA:11,1
DA:12,1
DA:13,1
DA:15,1
DA:16,1
DA:17,1
DA:18,1
DA:20,1
DA:22,1
DA:23,1
DA:24,1
DA:25,1
DA:26,1
DA:27,1
LF:22
LH:22
BRDA:8,0,0,1
BRDA:11,1,0,1
BRDA:15,2,0,1
BRF:3
BRH:3
end_of_record
TN:
SF:src/components/__tests__/NotificationComponent.test.ts
FNF:0
FNH:0
DA:1,1
DA:2,1
DA:3,1
DA:5,1
DA:6,1
DA:7,1
DA:8,1
DA:9,1
DA:10,1
DA:11,1
DA:12,1
DA:14,1
DA:15,1
DA:16,1
DA:17,1
DA:18,1
DA:19,1
DA:20,1
DA:21,1
LF:19
LH:19
BRDA:5,0,0,1
BRDA:6,1,0,1
BRDA:14,2,0,1
BRF:3
BRH:3
end_of_record
TN:
SF:src/components/__tests__/Point.test.ts
FNF:0
FNH:0
DA:1,1
DA:2,1
DA:3,1
DA:5,1
DA:6,1
DA:7,1
DA:8,1
DA:9,1
DA:10,1
DA:11,1
DA:12,1
DA:13,1
DA:15,1
DA:16,1
DA:17,1
DA:19,1
DA:20,1
DA:21,1
DA:22,1
DA:23,1
DA:24,1
DA:25,1
DA:26,1
DA:28,1
DA:29,1
DA:30,1
DA:31,1
DA:32,1
DA:34,1
DA:35,1
DA:36,1
DA:37,1
DA:38,1
DA:39,1
DA:40,1
DA:41,1
DA:43,1
DA:44,1
DA:46,1
DA:47,1
DA:48,1
DA:49,1
DA:50,1
DA:51,1
DA:52,1
DA:53,1
DA:55,1
DA:56,1
DA:57,1
DA:59,1
DA:60,1
DA:61,1
DA:62,1
DA:63,1
DA:64,1
DA:65,1
DA:66,1
DA:68,1
DA:69,1
DA:70,1
DA:72,1
DA:73,1
DA:74,1
DA:76,1
DA:77,10
DA:78,10
DA:79,10
DA:80,10
DA:81,10
DA:82,10
DA:83,10
DA:84,10
DA:86,10
DA:87,10
DA:88,5
DA:89,5
DA:90,5
DA:91,5
DA:92,10
DA:94,1
DA:95,1
DA:96,1
DA:97,1
DA:99,1
DA:100,1
DA:101,1
DA:102,1
DA:103,1
DA:104,1
DA:105,1
DA:107,1
DA:109,1
DA:110,4
DA:111,4
DA:112,4
DA:113,4
DA:114,4
DA:115,4
DA:116,4
DA:117,4
DA:118,4
DA:120,4
DA:121,4
DA:122,4
DA:123,4
DA:124,1
DA:126,1
DA:127,1
DA:128,1
DA:129,1
DA:130,1
DA:131,1
DA:133,1
DA:134,1
DA:135,1
DA:136,1
DA:137,1
DA:138,1
DA:139,1
DA:140,1
DA:141,1
DA:142,1
DA:144,1
DA:146,1
DA:147,1
DA:149,1
DA:150,1
DA:152,1
DA:153,1
DA:154,1
DA:155,1
DA:156,1
DA:157,1
DA:158,1
DA:159,1
DA:161,1
DA:162,1
DA:163,1
DA:164,1
LF:139
LH:139
BRDA:5,0,0,1
BRDA:6,1,0,1
BRDA:19,2,0,1
BRDA:34,3,0,1
BRDA:46,4,0,1
BRDA:59,5,0,1
BRDA:72,6,0,1
BRDA:76,7,0,10
BRDA:87,8,0,5
BRDA:99,9,0,1
BRDA:109,10,0,4
BRDA:133,11,0,1
BRDA:134,12,0,1
BRDA:152,13,0,1
BRF:14
BRH:14
end_of_record
TN:
SF:src/models/BoardConfiguration.ts
FN:5,PointConfiguration
FN:43,BoardConfiguration
FNF:2
FNH:2
FNDA:730,PointConfiguration
FNDA:74,BoardConfiguration
DA:1,1
DA:5,1
DA:6,730
DA:7,730
DA:8,730
DA:9,1
DA:12,1
DA:13,1
DA:14,1
DA:15,1
DA:16,1
DA:17,1
DA:18,1
DA:19,1
DA:20,1
DA:21,1
DA:22,1
DA:23,1
DA:24,1
DA:25,1
DA:26,1
DA:27,1
DA:28,1
DA:29,1
DA:30,1
DA:31,1
DA:32,1
DA:33,1
DA:34,1
DA:35,1
DA:36,1
DA:37,1
DA:39,1
DA:43,1
DA:44,74
DA:45,74
DA:46,74
DA:47,1
LF:38
LH:38
BRDA:5,0,0,730
BRDA:43,1,0,74
BRDA:44,2,0,59
BRDA:45,3,0,59
BRF:4
BRH:4
end_of_record
TN:
SF:src/models/Match.ts
FN:21,Match
FNF:1
FNH:1
FNDA:2,Match
DA:1,1
DA:3,1
DA:21,1
DA:22,2
DA:23,2
DA:24,2
DA:25,2
DA:26,2
DA:27,2
DA:28,2
DA:29,2
DA:30,2
DA:31,2
DA:32,2
DA:33,2
DA:34,2
DA:35,2
DA:36,2
DA:37,2
DA:38,2
DA:39,2
DA:40,2
DA:41,2
DA:42,2
DA:43,2
DA:44,2
DA:45,2
DA:46,2
DA:47,1
LF:29
LH:29
BRDA:21,0,0,2
BRDA:35,1,0,0
BRF:2
BRH:1
end_of_record
TN:
SF:src/router/index.ts
FNF:0
FNH:0
DA:1,1
DA:2,1
DA:3,1
DA:4,1
DA:5,1
DA:6,1
DA:7,1
DA:8,1
DA:9,1
DA:10,1
DA:12,1
DA:13,1
DA:14,1
DA:15,1
DA:16,1
DA:17,1
DA:18,1
DA:19,1
DA:20,1
DA:21,1
DA:22,1
DA:23,1
DA:24,1
DA:25,1
DA:26,1
DA:27,1
DA:28,1
DA:29,1
DA:30,1
DA:31,1
DA:32,1
DA:33,1
DA:34,1
DA:35,1
DA:36,1
DA:37,1
DA:38,1
DA:39,1
DA:40,1
DA:41,1
DA:42,1
DA:43,1
DA:44,1
DA:45,1
DA:46,1
DA:47,1
DA:48,1
DA:49,1
DA:50,1
DA:51,1
DA:52,1
DA:53,1
DA:54,1
DA:55,1
DA:56,1
DA:57,1
DA:58,1
DA:60,1
DA:61,1
DA:62,1
DA:63,1
DA:65,1
DA:66,4
DA:67,1
DA:68,1
DA:69,1
DA:70,0
DA:71,0
DA:72,4
DA:73,3
DA:74,3
DA:75,4
DA:77,1
LF:73
LH:71
BRDA:65,0,0,4
BRDA:66,1,0,1
BRDA:69,2,0,0
BRDA:72,3,0,3
BRDA:66,4,0,4
BRF:5
BRH:4
end_of_record
TN:
SF:src/services/authService.ts
FN:5,registerOrLogin
FN:22,requestPasswordRecovery
FN:26,resetPassword
FN:30,logout
FN:35,isAuthenticated
FNF:5
FNH:5
FNDA:5,registerOrLogin
FNDA:2,requestPasswordRecovery
FNDA:2,resetPassword
FNDA:2,logout
FNDA:1,isAuthenticated
DA:1,1
DA:5,1
DA:6,5
DA:7,5
DA:8,5
DA:9,5
DA:10,5
DA:11,5
DA:12,5
DA:13,5
DA:14,5
DA:15,5
DA:16,5
DA:17,5
DA:18,5
DA:19,3
DA:20,3
DA:22,1
DA:23,2
DA:24,2
DA:26,1
DA:27,2
DA:28,2
DA:30,1
DA:31,2
DA:32,2
DA:33,2
DA:35,1
DA:36,1
DA:37,1
LF:30
LH:30
BRDA:5,0,0,5
BRDA:16,1,0,4
BRDA:16,2,0,1
BRDA:17,3,0,4
BRDA:17,4,0,1
BRDA:18,5,0,3
BRDA:22,6,0,2
BRDA:26,7,0,2
BRDA:30,8,0,2
BRDA:35,9,0,1
BRF:10
BRH:10
end_of_record
TN:
SF:src/services/gameService.ts
FN:3,swapPlayers
FN:24,moveOnBoard
FN:49,findUsedDie
FN:64,checkMoveValidity
FN:88,getAllowedPointIndices
FN:123,doRandomMove
FNF:6
FNH:6
FNDA:2,swapPlayers
FNDA:5,moveOnBoard
FNDA:3,findUsedDie
FNDA:14,checkMoveValidity
FNDA:16,getAllowedPointIndices
FNDA:3,doRandomMove
DA:3,1
DA:4,2
DA:7,2
DA:8,6
DA:9,6
DA:10,6
DA:11,6
DA:14,2
DA:17,2
DA:18,2
DA:19,2
DA:21,2
DA:22,2
DA:24,1
DA:25,5
DA:26,5
DA:27,5
DA:28,5
DA:29,5
DA:30,5
DA:32,5
DA:33,2
DA:34,5
DA:35,3
DA:36,3
DA:38,5
DA:39,5
DA:42,5
DA:43,1
DA:44,1
DA:45,1
DA:46,5
DA:47,5
DA:49,1
DA:50,3
DA:51,10
DA:52,1
DA:53,1
DA:54,9
DA:55,3
DA:57,3
DA:58,2
DA:59,3
DA:60,1
DA:61,1
DA:62,3
DA:64,1
DA:65,14
DA:66,14
DA:67,14
DA:68,14
DA:69,14
DA:70,14
DA:71,14
DA:72,10
DA:73,10
DA:74,9
DA:76,8
DA:77,7
DA:79,8
DA:80,6
DA:81,1
DA:82,1
DA:83,5
DA:84,0
DA:85,0
DA:86,14
DA:88,1
DA:89,16
DA:90,16
DA:91,16
DA:92,16
DA:93,16
DA:95,1
DA:96,16
DA:98,4
DA:99,4
DA:100,4
DA:101,15
DA:103,3
DA:104,11
DA:107,8
DA:108,8
DA:109,8
DA:112,8
DA:113,8
DA:114,1
DA:115,8
DA:116,1
DA:117,1
DA:119,8
DA:120,8
DA:121,16
DA:123,1
DA:125,3
DA:127,3
DA:128,2
DA:129,2
DA:130,2
DA:131,2
DA:132,2
DA:133,2
DA:134,2
DA:136,1
DA:137,1
LF:105
LH:103
BRDA:3,0,0,2
BRDA:7,1,0,6
BRDA:24,2,0,5
BRDA:32,3,0,2
BRDA:34,4,0,3
BRDA:42,5,0,1
BRDA:49,6,0,3
BRDA:57,7,0,1
BRDA:57,8,0,2
BRDA:59,9,0,1
BRDA:50,10,0,10
BRDA:51,11,0,3
BRDA:51,12,0,1
BRDA:53,13,0,9
BRDA:64,14,0,14
BRDA:70,15,0,13
BRDA:70,16,0,12
BRDA:70,17,0,11
BRDA:71,18,0,4
BRDA:71,19,0,10
BRDA:72,20,0,3
BRDA:73,21,0,1
BRDA:73,22,0,9
BRDA:74,23,0,1
BRDA:74,24,0,8
BRDA:76,25,0,3
BRDA:76,26,0,7
BRDA:77,27,0,5
BRDA:79,28,0,2
BRDA:79,29,0,6
BRDA:80,30,0,1
BRDA:82,31,0,5
BRDA:83,32,0,0
BRDA:88,33,0,16
BRDA:93,34,0,15
BRDA:93,35,0,1
BRDA:96,36,0,15
BRDA:96,37,0,4
BRDA:101,38,0,11
BRDA:101,39,0,3
BRDA:104,40,0,8
BRDA:113,41,0,1
BRDA:115,42,0,1
BRDA:99,43,0,4
BRDA:100,44,0,4
BRDA:103,45,0,72
BRDA:103,46,0,2
BRDA:103,47,0,70
BRDA:103,48,0,72
BRDA:108,49,0,8
BRDA:108,50,0,0
BRDA:109,51,0,8
BRDA:109,52,0,7
BRDA:113,53,0,96
BRDA:114,54,0,1
BRDA:114,55,0,0
BRDA:123,56,0,3
BRDA:125,57,0,1
BRDA:125,58,0,2
BRDA:127,59,0,2
BRDA:134,60,0,1
BRF:61
BRH:58
end_of_record
TN:
SF:src/services/invitesService.ts
FN:6,sendInviteService
FN:21,receiveInviteService
FN:38,acceptInviteService
FN:51,getRandomOpponentService
FNF:4
FNH:2
FNDA:0,sendInviteService
FNDA:1,receiveInviteService
FNDA:0,acceptInviteService
FNDA:2,getRandomOpponentService
DA:1,1
DA:6,1
DA:7,0
DA:8,0
DA:9,0
DA:10,0
DA:11,0
DA:12,0
DA:13,0
DA:14,0
DA:15,0
DA:16,0
DA:17,0
DA:18,0
DA:19,0
DA:21,1
DA:22,1
DA:23,1
DA:24,1
DA:25,0
DA:26,0
DA:27,0
DA:28,0
DA:29,0
DA:30,0
DA:31,0
DA:32,0
DA:33,0
DA:34,0
DA:35,0
DA:36,1
DA:38,1
DA:39,0
DA:40,0
DA:41,0
DA:42,0
DA:43,0
DA:44,0
DA:45,0
DA:46,0
DA:47,0
DA:48,0
DA:49,0
DA:51,1
DA:52,2
DA:53,2
DA:56,2
DA:58,2
DA:59,1
DA:60,1
DA:62,1
DA:63,1
DA:64,1
DA:65,1
DA:66,2
LF:55
LH:20
BRDA:21,0,0,1
BRDA:24,1,0,0
BRDA:51,2,0,2
BRDA:58,3,0,1
BRDA:56,4,0,4
BRDA:56,5,0,4
BRF:6
BRH:5
end_of_record
TN:
SF:src/services/ratingService.ts
FN:6,getTop5AndMe
FNF:1
FNH:1
FNDA:2,getTop5AndMe
DA:1,1
DA:6,1
DA:7,2
DA:8,2
DA:9,1
DA:10,1
DA:11,1
DA:12,1
DA:13,1
DA:14,0
DA:15,0
DA:16,1
DA:17,2
LF:13
LH:11
BRDA:6,0,0,2
BRDA:8,1,0,1
BRDA:13,2,0,0
BRF:3
BRH:2
end_of_record
TN:
SF:src/services/wsService.ts
FN:6,WebSocketService
FN:9,connect
FN:14,socket.onerror
FN:18,disconnect
FN:25,sendMessage
FN:34,handleMessage
FN:81,showError
FN:85,showMessage
FN:89,showInGameMessage
FNF:9
FNH:5
FNDA:15,WebSocketService
FNDA:2,connect
FNDA:0,socket.onerror
FNDA:3,disconnect
FNDA:3,sendMessage
FNDA:7,handleMessage
FNDA:0,showError
FNDA:0,showMessage
FNDA:0,showInGameMessage
DA:1,1
DA:6,15
DA:7,15
DA:9,1
DA:10,2
DA:11,2
DA:12,1
DA:13,1
DA:14,1
DA:15,1
DA:16,2
DA:18,1
DA:19,3
DA:20,1
DA:21,1
DA:22,1
DA:23,3
DA:25,1
DA:26,3
DA:27,2
DA:28,2
DA:29,3
DA:30,2
DA:31,2
DA:32,3
DA:34,1
DA:35,7
DA:36,7
DA:37,7
DA:38,1
DA:39,1
DA:40,7
DA:41,1
DA:42,1
DA:43,7
DA:44,0
DA:45,0
DA:46,7
DA:47,0
DA:48,0
DA:49,7
DA:50,1
DA:51,1
DA:52,7
DA:53,0
DA:54,0
DA:55,0
DA:56,7
DA:57,1
DA:58,1
DA:59,7
DA:60,1
DA:61,1
DA:62,7
DA:63,0
DA:64,0
DA:65,7
DA:66,0
DA:67,0
DA:68,0
DA:69,0
DA:70,7
DA:71,0
DA:72,0
DA:73,7
DA:74,0
DA:75,0
DA:76,7
DA:77,2
DA:78,7
DA:79,7
DA:81,1
DA:82,0
DA:83,0
DA:85,1
DA:86,0
DA:87,0
DA:89,1
DA:90,0
DA:91,0
DA:92,1
DA:94,1
LF:82
LH:59
BRDA:6,0,0,15
BRDA:9,1,0,2
BRDA:11,2,0,1
BRDA:18,3,0,3
BRDA:19,4,0,1
BRDA:25,5,0,3
BRDA:26,6,0,2
BRDA:29,7,0,2
BRDA:34,8,0,7
BRDA:37,9,0,1
BRDA:40,10,0,1
BRDA:43,11,0,0
BRDA:46,12,0,0
BRDA:49,13,0,1
BRDA:52,14,0,0
BRDA:56,15,0,1
BRDA:59,16,0,1
BRDA:62,17,0,0
BRDA:65,18,0,0
BRDA:70,19,0,0
BRDA:73,20,0,0
BRDA:76,21,0,2
BRF:22
BRH:15
end_of_record
TN:
SF:src/stores/authStore.ts
FN:9,state
FN:14,setUserData
FN:18,logout
FN:22,isAuthenticated
FNF:4
FNH:4
FNDA:15,state
FNDA:4,setUserData
FNDA:6,logout
FNDA:1,isAuthenticated
DA:1,1
DA:8,1
DA:9,1
DA:10,15
DA:11,15
DA:12,15
DA:13,1
DA:14,1
DA:15,4
DA:16,4
DA:17,4
DA:18,1
DA:19,6
DA:20,6
DA:21,6
DA:22,1
DA:23,1
DA:24,1
DA:25,1
DA:26,1
DA:27,1
DA:28,1
DA:29,1
LF:23
LH:23
BRDA:9,0,0,15
BRDA:14,1,0,4
BRDA:18,2,0,6
BRDA:22,3,0,1
BRF:4
BRH:4
end_of_record
TN:
SF:src/stores/gameStore.ts
FN:33,state
FN:51,initializeWasm
FN:59,fetchGame
FN:66,checkSuspendedGameExists
FN:71,setMatch
FN:91,checkAITurn
FN:141,makeAIMove
FN:182,getMovesFromWasm
FN:188,getMatch
FN:202,setDice
FN:206,setStartDice
FN:210,setStarter
FNF:12
FNH:8
FNDA:10,state
FNDA:11,initializeWasm
FNDA:11,fetchGame
FNDA:20,checkSuspendedGameExists
FNDA:4,setMatch
FNDA:1,checkAITurn
FNDA:0,makeAIMove
FNDA:0,getMovesFromWasm
FNDA:1,getMatch
FNDA:2,setDice
FNDA:0,setStartDice
FNDA:0,setStarter
DA:1,1
DA:30,1
DA:32,1
DA:33,1
DA:34,10
DA:35,10
DA:36,10
DA:37,10
DA:38,10
DA:39,10
DA:40,10
DA:41,10
DA:42,10
DA:43,10
DA:44,10
DA:45,10
DA:46,10
DA:47,10
DA:48,10
DA:49,10
DA:50,1
DA:51,1
DA:52,11
DA:53,3
DA:54,3
DA:55,0
DA:56,0
DA:57,0
DA:58,11
DA:59,1
DA:60,11
DA:61,11
DA:62,2
DA:63,2
DA:64,11
DA:65,11
DA:66,1
DA:67,20
DA:68,0
DA:69,20
DA:70,20
DA:71,1
DA:72,4
DA:73,4
DA:74,4
DA:75,4
DA:76,4
DA:77,4
DA:78,4
DA:79,4
DA:80,4
DA:81,4
DA:82,4
DA:83,4
DA:84,4
DA:85,4
DA:86,4
DA:87,4
DA:88,4
DA:89,4
DA:90,4
DA:91,1
DA:92,1
DA:93,1
DA:94,1
DA:95,0
DA:96,0
DA:97,0
DA:99,0
DA:101,0
DA:102,0
DA:103,0
DA:104,0
DA:105,0
DA:106,0
DA:107,0
DA:108,0
DA:109,0
DA:110,0
DA:111,0
DA:112,0
DA:113,0
DA:114,0
DA:115,0
DA:116,0
DA:117,0
DA:118,0
DA:119,0
DA:120,0
DA:121,0
DA:122,0
DA:123,0
DA:124,0
DA:125,0
DA:126,0
DA:127,0
DA:128,0
DA:129,0
DA:130,0
DA:131,0
DA:132,0
DA:133,0
DA:134,0
DA:135,0
DA:136,0
DA:137,0
DA:138,0
DA:139,0
DA:140,1
DA:141,1
DA:142,0
DA:143,0
DA:144,0
DA:146,0
DA:148,0
DA:149,0
DA:151,0
DA:153,0
DA:154,0
DA:155,0
DA:156,0
DA:157,0
DA:158,0
DA:159,0
DA:160,0
DA:161,0
DA:162,0
DA:163,0
DA:164,0
DA:165,0
DA:166,0
DA:168,0
DA:169,0
DA:170,0
DA:171,0
DA:172,0
DA:173,0
DA:175,0
DA:176,0
DA:178,0
DA:179,0
DA:180,0
DA:181,0
DA:182,1
DA:183,0
DA:184,0
DA:185,0
DA:186,0
DA:187,0
DA:188,1
DA:189,1
DA:190,1
DA:191,1
DA:192,1
DA:193,1
DA:194,1
DA:195,1
DA:196,1
DA:197,1
DA:198,1
DA:199,1
DA:200,1
DA:201,1
DA:202,1
DA:203,2
DA:204,2
DA:205,2
DA:206,1
DA:207,0
DA:209,0
DA:210,1
DA:211,0
DA:212,0
DA:213,0
DA:214,1
DA:215,1
LF:176
LH:86
BRDA:33,0,0,10
BRDA:51,1,0,11
BRDA:52,2,0,3
BRDA:54,3,0,0
BRDA:59,4,0,11
BRDA:61,5,0,2
BRDA:66,6,0,20
BRDA:71,7,0,4
BRDA:75,8,0,73
BRDA:91,9,0,1
BRDA:93,10,0,0
BRDA:94,11,0,0
BRDA:94,12,0,0
BRDA:94,13,0,0
BRDA:188,14,0,1
BRDA:202,15,0,2
BRF:16
BRH:11
end_of_record
TN:
SF:src/stores/wsStore.ts
FN:13,state
FN:20,connect
FN:27,disconnect
FN:31,sendMessage
FN:34,addError
FN:39,addNotification
FN:44,addMessage
FN:49,removeError
FN:52,removeNotifications
FN:55,removeMessage
FNF:10
FNH:7
FNDA:11,state
FNDA:1,connect
FNDA:2,disconnect
FNDA:1,sendMessage
FNDA:15,addError
FNDA:1,addNotification
FNDA:0,addMessage
FNDA:1,removeError
FNDA:0,removeNotifications
FNDA:0,removeMessage
DA:1,1
DA:12,1
DA:13,1
DA:14,11
DA:15,11
DA:16,11
DA:17,11
DA:18,11
DA:19,1
DA:20,1
DA:21,1
DA:22,1
DA:23,1
DA:24,1
DA:25,1
DA:26,1
DA:27,1
DA:28,2
DA:29,2
DA:30,2
DA:31,1
DA:32,1
DA:33,1
DA:34,1
DA:35,15
DA:36,15
DA:37,15
DA:38,15
DA:39,1
DA:40,1
DA:41,1
DA:42,1
DA:43,1
DA:44,1
DA:45,0
DA:46,0
DA:47,0
DA:48,0
DA:49,1
DA:50,1
DA:51,1
DA:52,1
DA:53,0
DA:54,0
DA:55,1
DA:56,0
DA:57,0
DA:58,1
DA:59,1
LF:49
LH:41
BRDA:13,0,0,11
BRDA:20,1,0,1
BRDA:27,2,0,2
BRDA:31,3,0,1
BRDA:34,4,0,15
BRDA:39,5,0,1
BRDA:49,6,0,1
BRDA:50,7,0,1
BRF:8
BRH:8
end_of_record
TN:
SF:src/tests/App.test.ts
FNF:0
FNH:0
DA:1,1
DA:2,1
DA:3,1
DA:4,1
DA:5,1
DA:7,1
DA:8,1
DA:9,1
DA:10,1
DA:11,1
DA:12,1
DA:13,1
DA:14,1
DA:15,1
DA:16,1
LF:15
LH:15
BRDA:7,0,0,1
BRDA:8,1,0,1
BRF:2
BRH:2
end_of_record
TN:
SF:src/tests/ErrorContainer.test.ts
FNF:0
FNH:0
DA:1,1
DA:2,1
DA:3,1
DA:4,1
DA:5,1
DA:7,1
DA:8,1
DA:10,1
DA:11,1
DA:12,1
DA:14,1
DA:15,1
DA:16,1
DA:17,1
DA:18,1
DA:19,1
DA:20,1
DA:21,1
DA:22,1
DA:24,1
DA:25,1
DA:26,1
DA:27,1
LF:23
LH:23
BRDA:7,0,0,1
BRDA:10,1,0,1
BRDA:14,2,0,1
BRF:3
BRH:3
end_of_record
TN:
SF:src/tests/GameView.test.ts
FNF:0
FNH:0
DA:1,1
DA:2,1
DA:3,1
DA:4,1
DA:5,1
DA:6,1
DA:7,1
DA:8,1
DA:11,1
DA:12,1
DA:13,1
DA:15,1
DA:16,1
DA:17,1
DA:18,1
DA:20,1
DA:21,9
DA:22,1
DA:24,1
DA:25,1
DA:26,1
DA:27,1
DA:29,1
DA:30,1
DA:31,1
DA:32,1
DA:33,1
DA:34,1
DA:35,1
DA:37,1
DA:38,1
DA:39,1
DA:40,1
DA:41,1
DA:43,1
DA:44,1
DA:45,1
DA:47,1
DA:48,1
DA:49,1
DA:50,1
DA:52,1
DA:54,1
DA:55,1
DA:56,1
DA:57,1
DA:58,1
DA:60,1
DA:61,1
DA:62,1
DA:63,1
DA:65,1
DA:66,1
DA:68,1
DA:69,1
DA:70,1
DA:71,1
DA:73,1
DA:74,1
DA:75,1
DA:77,1
DA:78,1
DA:79,1
DA:81,1
DA:82,1
DA:84,1
DA:85,1
DA:87,1
DA:88,1
DA:90,1
DA:91,1
DA:92,1
DA:93,1
DA:94,1
DA:95,1
DA:96,1
DA:97,1
DA:98,1
DA:99,1
DA:100,1
DA:101,1
DA:103,1
DA:104,1
DA:105,1
DA:106,1
DA:107,1
DA:108,1
DA:109,1
DA:110,1
DA:111,1
DA:112,1
DA:113,1
DA:114,1
DA:116,1
DA:117,1
DA:118,1
DA:119,1
DA:120,1
DA:121,1
DA:123,1
DA:124,1
DA:125,1
DA:127,1
DA:128,1
DA:130,1
DA:131,1
DA:132,1
DA:133,1
DA:134,1
DA:136,1
DA:137,1
DA:138,1
DA:139,1
DA:141,1
DA:142,1
DA:144,1
DA:145,1
DA:146,1
DA:148,1
DA:150,1
DA:151,1
DA:152,1
DA:153,1
DA:155,1
DA:156,1
DA:158,1
LF:126
LH:126
BRDA:11,0,0,1
BRDA:15,1,0,1
BRDA:20,2,0,9
BRDA:24,3,0,1
BRDA:43,4,0,1
BRDA:60,5,0,1
BRDA:73,6,0,1
BRDA:90,7,0,1
BRDA:103,8,0,1
BRDA:116,9,0,1
BRDA:136,10,0,1
BRDA:148,11,0,1
BRF:12
BRH:12
end_of_record
TN:
SF:src/tests/HomeView.test.ts
FNF:0
FNH:0
DA:1,1
DA:2,1
DA:3,1
DA:4,1
DA:5,1
DA:6,1
DA:7,1
DA:9,1
DA:10,1
DA:11,1
DA:13,1
DA:14,1
DA:15,1
DA:17,1
DA:18,9
DA:19,9
DA:20,1
DA:22,1
DA:23,9
DA:24,1
DA:26,1
DA:27,1
DA:28,1
DA:29,1
DA:30,1
DA:32,1
DA:33,1
DA:34,1
DA:35,1
DA:36,1
DA:37,1
DA:38,1
DA:40,1
DA:41,1
DA:42,1
DA:43,1
DA:44,1
DA:45,1
DA:47,1
DA:48,1
DA:49,1
DA:50,1
DA:51,1
DA:52,1
DA:54,1
DA:55,1
DA:56,1
DA:57,1
DA:58,1
DA:59,1
DA:61,1
DA:62,1
DA:63,1
DA:64,1
DA:65,1
DA:66,1
DA:68,1
DA:69,1
DA:70,1
DA:71,1
DA:72,1
DA:73,1
DA:75,1
DA:76,1
DA:77,1
DA:78,1
DA:79,1
DA:80,1
DA:82,1
DA:83,1
DA:84,1
DA:85,1
DA:86,1
DA:87,1
DA:88,1
DA:89,1
LF:76
LH:76
BRDA:9,0,0,1
BRDA:13,1,0,1
BRDA:17,2,0,9
BRDA:22,3,0,9
BRDA:26,4,0,1
BRDA:32,5,0,1
BRDA:40,6,0,1
BRDA:47,7,0,1
BRDA:54,8,0,1
BRDA:61,9,0,1
BRDA:68,10,0,1
BRDA:75,11,0,1
BRDA:82,12,0,1
BRF:13
BRH:13
end_of_record
TN:
SF:src/tests/LeaderboardView.test.ts
FNF:0
FNH:0
DA:1,1
DA:2,1
DA:14,1
DA:15,1
DA:16,1
DA:18,1
DA:19,1
DA:20,1
DA:21,1
DA:23,1
DA:24,2
DA:25,1
DA:27,1
DA:28,1
DA:29,1
DA:30,1
DA:31,1
DA:32,1
DA:33,1
DA:34,1
DA:35,1
DA:37,1
DA:38,1
DA:39,1
DA:40,1
DA:41,1
DA:44,1
DA:47,1
DA:48,1
DA:49,1
DA:50,1
DA:52,1
DA:53,1
DA:54,1
DA:55,1
DA:56,1
DA:57,1
DA:59,1
DA:60,1
DA:61,1
DA:62,1
LF:41
LH:41
BRDA:14,0,0,1
BRDA:18,1,0,1
BRDA:23,2,0,2
BRDA:27,3,0,1
BRDA:52,4,0,1
BRF:5
BRH:5
end_of_record
TN:
SF:src/tests/PasswordRecoveryView.test.ts
FNF:0
FNH:0
DA:1,1
DA:2,1
DA:3,1
DA:4,1
DA:5,1
DA:7,1
DA:8,1
DA:10,1
DA:11,2
DA:12,1
DA:14,1
DA:15,2
DA:16,1
DA:18,1
DA:19,1
DA:20,1
DA:22,1
DA:23,1
DA:25,1
DA:27,1
DA:28,1
DA:30,1
DA:31,1
DA:32,1
DA:34,1
DA:35,1
DA:37,1
DA:39,1
DA:40,1
DA:41,1
LF:30
LH:30
BRDA:7,0,0,1
BRDA:10,1,0,2
BRDA:14,2,0,2
BRDA:18,3,0,1
BRDA:30,4,0,1
BRF:5
BRH:5
end_of_record
TN:
SF:src/tests/PasswordResetView.test.ts
FNF:0
FNH:0
DA:1,1
DA:2,1
DA:3,1
DA:4,1
DA:5,1
DA:7,1
DA:8,1
DA:10,1
DA:11,2
DA:12,1
DA:14,1
DA:15,2
DA:16,1
DA:18,1
DA:19,1
DA:20,1
DA:21,1
DA:23,1
DA:24,1
DA:26,1
DA:28,1
DA:29,1
DA:31,1
DA:32,1
DA:33,1
DA:34,1
DA:36,1
DA:37,1
DA:39,1
DA:41,1
DA:42,1
DA:43,1
LF:32
LH:32
BRDA:7,0,0,1
BRDA:10,1,0,2
BRDA:14,2,0,2
BRDA:18,3,0,1
BRDA:31,4,0,1
BRF:5
BRH:5
end_of_record
TN:
SF:src/tests/PlayAiView.test.ts
FNF:0
FNH:0
DA:1,1
DA:2,1
DA:14,1
DA:15,1
DA:17,1
DA:18,1
DA:19,1
DA:20,1
DA:21,1
DA:22,1
DA:23,1
DA:24,1
DA:25,1
DA:27,1
DA:28,1
DA:29,1
DA:30,1
DA:31,1
DA:32,1
DA:33,1
DA:35,1
DA:36,1
DA:37,1
DA:38,1
DA:39,1
DA:40,1
LF:26
LH:26
BRDA:14,0,0,1
BRDA:17,1,0,1
BRDA:20,2,0,1
BRDA:27,3,0,1
BRDA:35,4,0,1
BRF:5
BRH:5
end_of_record
TN:
SF:src/tests/PlayHumanView.test.ts
FNF:0
FNH:0
DA:1,1
DA:2,1
DA:3,1
DA:4,1
DA:5,1
DA:6,1
DA:8,1
DA:9,1
DA:10,1
DA:12,1
DA:13,1
DA:14,1
DA:15,1
DA:17,1
DA:18,8
DA:19,1
DA:21,1
DA:22,1
DA:23,1
DA:24,1
DA:26,1
DA:27,1
DA:28,1
DA:29,1
DA:30,1
DA:32,1
DA:33,1
DA:34,1
DA:35,1
DA:36,1
DA:38,1
DA:39,1
DA:40,1
DA:41,1
DA:42,1
DA:44,1
DA:45,1
DA:46,1
DA:47,1
DA:48,1
DA:49,1
DA:50,1
DA:51,1
DA:53,1
DA:54,1
DA:55,1
DA:56,1
DA:57,1
DA:58,1
DA:59,1
DA:60,1
DA:62,1
DA:63,1
DA:64,1
DA:65,1
DA:66,1
DA:67,1
DA:68,1
DA:70,1
DA:71,1
DA:72,1
DA:73,1
DA:74,1
DA:75,1
DA:76,1
DA:77,1
LF:66
LH:66
BRDA:8,0,0,1
BRDA:12,1,0,1
BRDA:17,2,0,8
BRDA:21,3,0,1
BRDA:26,4,0,1
BRDA:32,5,0,1
BRDA:38,6,0,1
BRDA:44,7,0,1
BRDA:53,8,0,1
BRDA:62,9,0,1
BRDA:70,10,0,1
BRF:11
BRH:11
end_of_record
TN:
SF:src/tests/RegisterView.test.ts
FNF:0
FNH:0
DA:1,1
DA:2,1
DA:3,1
DA:4,1
DA:5,1
DA:6,1
DA:7,1
DA:9,1
DA:10,1
DA:11,1
DA:12,1
DA:14,1
DA:15,1
DA:16,1
DA:17,1
DA:18,1
DA:19,1
DA:20,1
DA:22,1
DA:23,3
DA:24,3
DA:25,3
DA:26,3
DA:27,3
DA:28,3
DA:29,3
DA:30,1
DA:32,1
DA:33,3
DA:34,1
DA:36,1
DA:37,1
DA:38,1
DA:39,1
DA:40,1
DA:42,1
DA:43,1
DA:45,1
DA:47,1
DA:48,1
DA:50,1
DA:51,1
DA:52,1
DA:53,1
DA:54,1
DA:56,1
DA:57,1
DA:59,1
DA:61,1
DA:62,1
DA:64,1
DA:65,1
DA:66,1
DA:67,1
DA:68,1
DA:69,1
DA:71,1
DA:72,1
DA:73,1
DA:74,1
DA:75,1
DA:76,1
DA:77,1
DA:79,1
DA:80,1
DA:81,1
DA:82,1
DA:83,1
DA:84,1
DA:85,1
LF:70
LH:70
BRDA:9,0,0,1
BRDA:22,1,0,3
BRDA:32,2,0,3
BRDA:36,3,0,1
BRDA:50,4,0,1
BRDA:64,5,0,1
BRF:6
BRH:6
end_of_record
TN:
SF:src/tests/auth.test.ts
FNF:0
FNH:0
DA:1,1
DA:2,1
DA:3,1
DA:4,1
DA:5,1
DA:6,1
DA:8,1
DA:9,1
DA:11,1
DA:12,4
DA:13,4
DA:14,4
DA:15,1
DA:17,1
DA:18,1
DA:19,1
DA:21,1
DA:23,1
DA:24,1
DA:25,1
DA:26,1
DA:27,1
DA:28,1
DA:29,1
DA:30,1
DA:31,1
DA:32,1
DA:33,1
DA:35,1
DA:36,1
DA:37,1
DA:39,1
DA:40,1
DA:41,1
DA:42,1
DA:43,1
DA:45,1
DA:46,1
DA:47,1
DA:48,1
DA:49,1
DA:50,1
DA:51,1
DA:52,1
DA:53,1
DA:55,1
DA:56,1
DA:57,1
DA:59,1
DA:61,1
DA:62,1
DA:63,1
DA:64,1
DA:65,1
DA:66,1
DA:67,1
DA:68,1
DA:69,1
DA:70,1
DA:72,1
DA:73,1
DA:74,1
DA:75,1
DA:76,1
DA:77,1
DA:78,1
LF:66
LH:66
BRDA:8,0,0,1
BRDA:11,1,0,4
BRDA:17,2,0,1
BRDA:35,3,0,1
BRDA:40,4,0,0
BRDA:55,5,0,1
BRDA:72,6,0,1
BRF:7
BRH:6
end_of_record
TN:
SF:src/tests/gameService.test.ts
FNF:0
FNH:0
DA:1,1
DA:2,1
DA:3,1
DA:5,1
DA:6,1
DA:7,1
DA:8,1
DA:9,1
DA:10,1
DA:11,1
DA:12,1
DA:13,1
DA:14,1
DA:16,1
DA:18,1
DA:19,1
DA:20,1
DA:21,1
DA:22,1
DA:23,1
DA:24,1
DA:26,1
DA:27,1
DA:28,1
DA:29,1
DA:30,1
DA:31,1
DA:32,1
DA:33,1
DA:34,1
DA:36,1
DA:38,1
DA:39,1
DA:40,1
DA:41,1
DA:43,1
DA:44,1
DA:45,1
DA:46,1
DA:47,1
DA:49,1
DA:50,1
DA:52,1
DA:53,1
DA:54,1
DA:56,1
DA:57,1
DA:58,1
DA:59,1
DA:61,1
DA:62,1
DA:64,1
DA:65,1
DA:66,1
DA:68,1
DA:69,1
DA:70,1
DA:71,1
DA:73,1
DA:74,1
DA:76,1
DA:77,1
DA:78,1
DA:79,1
DA:80,1
DA:81,1
DA:83,1
DA:84,1
DA:85,1
DA:86,1
DA:87,1
DA:89,1
DA:91,1
DA:92,1
DA:94,1
DA:95,1
DA:96,1
DA:97,1
DA:99,1
DA:101,1
DA:102,1
DA:104,1
DA:105,1
DA:106,1
DA:107,1
DA:109,1
DA:111,1
DA:112,1
DA:113,1
DA:115,1
DA:116,1
DA:117,1
DA:118,1
DA:120,1
DA:121,1
DA:122,1
DA:123,1
DA:124,1
DA:126,1
DA:127,1
DA:128,1
DA:129,1
DA:131,1
DA:132,1
DA:134,1
DA:135,1
DA:136,1
DA:138,1
DA:139,1
DA:141,1
DA:142,1
DA:143,1
DA:144,1
DA:146,1
DA:147,1
DA:148,1
DA:150,1
DA:151,1
DA:152,1
DA:153,1
DA:154,1
DA:156,1
DA:157,1
DA:158,1
DA:160,1
DA:161,1
DA:162,1
DA:163,1
DA:164,1
DA:165,1
DA:167,1
DA:168,1
DA:169,1
DA:170,1
DA:171,1
DA:172,1
DA:173,1
DA:174,1
DA:176,1
DA:177,1
DA:179,1
DA:180,24
DA:181,24
DA:183,1
DA:184,1
DA:185,1
DA:186,1
DA:187,1
DA:189,1
DA:190,1
DA:191,1
DA:192,1
DA:193,1
DA:194,1
DA:195,1
DA:196,1
DA:198,1
DA:199,1
DA:200,1
DA:201,24
DA:202,24
DA:204,18
DA:205,24
DA:206,1
DA:207,1
DA:208,1
DA:209,1
DA:211,1
DA:212,1
DA:213,1
DA:214,1
DA:215,1
DA:216,1
DA:217,1
DA:218,1
DA:219,1
DA:221,1
DA:222,1
DA:223,1
DA:224,1
DA:225,1
DA:227,1
DA:228,1
DA:230,1
DA:231,1
DA:232,1
DA:233,1
DA:235,1
DA:236,1
DA:238,1
DA:239,24
DA:240,24
DA:242,1
DA:243,1
DA:245,1
DA:246,1
DA:248,1
DA:249,1
DA:251,1
DA:252,1
DA:254,1
DA:255,24
DA:256,24
DA:258,1
DA:259,1
DA:261,1
DA:262,1
DA:263,1
LF:208
LH:208
BRDA:5,0,0,1
BRDA:6,1,0,1
BRDA:26,2,0,1
BRDA:43,3,0,1
BRDA:44,4,0,1
BRDA:56,5,0,1
BRDA:68,6,0,1
BRDA:83,7,0,1
BRDA:84,8,0,1
BRDA:94,9,0,1
BRDA:104,10,0,1
BRDA:115,11,0,1
BRDA:116,12,0,1
BRDA:120,13,0,1
BRDA:121,14,0,1
BRDA:122,15,0,1
BRDA:123,16,0,1
BRDA:126,17,0,1
BRDA:131,18,0,1
BRDA:134,19,0,1
BRDA:138,20,0,1
BRDA:141,21,0,1
BRDA:146,22,0,1
BRDA:147,23,0,1
BRDA:150,24,0,1
BRDA:156,25,0,1
BRDA:160,26,0,1
BRDA:161,27,0,1
BRDA:167,28,0,1
BRDA:176,29,0,1
BRDA:179,30,0,24
BRDA:189,31,0,1
BRDA:198,32,0,1
BRDA:200,33,0,24
BRDA:202,34,0,6
BRDA:202,35,0,18
BRDA:211,36,0,1
BRDA:221,37,0,1
BRDA:222,38,0,1
BRDA:235,39,0,1
BRDA:238,40,0,24
BRDA:251,41,0,1
BRDA:254,42,0,24
BRF:43
BRH:43
end_of_record
TN:
SF:src/tests/gameStore.test.ts
FNF:0
FNH:0
DA:1,1
DA:2,1
DA:3,1
DA:4,1
DA:5,1
DA:6,1
DA:7,1
DA:9,1
DA:10,1
DA:12,1
DA:13,6
DA:14,6
DA:15,1
DA:17,1
DA:18,1
DA:20,1
DA:21,1
DA:22,1
DA:23,1
DA:24,1
DA:25,1
DA:26,1
DA:27,1
DA:28,1
DA:29,1
DA:30,1
DA:31,1
DA:32,1
DA:33,1
DA:34,1
DA:35,1
DA:36,1
DA:37,1
DA:38,1
DA:39,1
DA:40,1
DA:41,1
DA:42,1
DA:43,1
DA:44,1
DA:45,1
DA:47,1
DA:48,1
DA:50,1
DA:51,1
DA:52,1
DA:53,1
DA:54,1
DA:55,1
DA:56,1
DA:57,1
DA:58,1
DA:59,1
DA:60,1
DA:61,1
DA:62,1
DA:64,1
DA:65,1
DA:67,1
DA:68,1
DA:69,1
DA:70,1
DA:71,1
DA:72,1
DA:73,1
DA:74,1
DA:75,1
DA:76,1
DA:78,1
DA:79,1
DA:80,1
DA:81,1
DA:82,1
DA:83,1
DA:84,1
DA:85,1
DA:86,1
DA:87,1
DA:88,1
DA:89,1
DA:90,1
DA:91,1
DA:92,1
DA:93,1
DA:94,1
DA:95,1
DA:96,1
DA:98,1
DA:100,1
DA:101,1
DA:102,1
DA:103,1
DA:104,1
DA:105,1
DA:106,1
DA:107,1
DA:108,1
DA:109,1
DA:110,1
DA:112,1
DA:113,1
DA:114,1
DA:115,1
DA:116,1
DA:117,1
DA:119,1
DA:120,1
DA:121,1
DA:122,1
DA:123,1
DA:124,1
DA:125,1
DA:126,1
DA:127,1
DA:128,1
DA:130,1
DA:132,1
DA:134,1
DA:135,1
DA:137,1
DA:138,1
DA:139,1
DA:140,1
DA:141,1
DA:142,1
DA:143,1
DA:144,1
DA:145,1
DA:146,1
DA:147,1
DA:148,1
DA:149,1
DA:151,1
DA:152,1
DA:154,1
DA:155,1
DA:156,1
DA:157,1
DA:158,1
DA:159,1
DA:160,1
DA:161,1
DA:162,1
DA:163,1
DA:164,1
LF:145
LH:145
BRDA:9,0,0,1
BRDA:12,1,0,6
BRDA:17,2,0,1
BRDA:50,3,0,1
BRDA:78,4,0,1
BRDA:112,5,0,1
BRDA:119,6,0,1
BRDA:137,7,0,1
BRF:8
BRH:8
end_of_record
TN:
SF:src/tests/inviteService.test.ts
FNF:0
FNH:0
DA:1,1
DA:2,1
DA:3,1
DA:4,1
DA:5,1
DA:6,1
DA:7,1
DA:9,1
DA:10,1
DA:12,1
DA:13,1
DA:14,1
DA:15,1
DA:16,1
DA:17,1
DA:18,1
DA:20,1
DA:21,2
DA:22,1
DA:24,1
DA:25,1
DA:26,1
DA:27,1
DA:28,1
DA:29,1
DA:31,1
DA:33,1
DA:34,1
DA:35,1
DA:37,1
DA:38,1
DA:40,1
DA:42,1
DA:43,1
DA:44,1
DA:45,1
LF:36
LH:36
BRDA:9,0,0,1
BRDA:12,1,0,1
BRDA:20,2,0,2
BRDA:24,3,0,1
BRDA:37,4,0,1
BRF:5
BRH:5
end_of_record
TN:
SF:src/tests/ws.test.ts
FNF:0
FNH:0
DA:1,1
DA:11,1
DA:12,1
DA:13,14
DA:14,1
DA:16,1
DA:17,1
DA:18,1
DA:19,1
DA:20,1
DA:21,1
DA:22,1
DA:23,1
DA:25,1
DA:27,1
DA:29,1
DA:30,1
DA:31,1
DA:32,1
DA:33,1
DA:35,1
DA:36,1
DA:38,1
DA:40,1
DA:41,1
DA:42,1
DA:44,1
DA:45,1
DA:46,1
DA:47,1
DA:48,1
DA:49,1
DA:51,1
DA:53,1
DA:54,1
DA:55,1
DA:57,1
DA:58,1
DA:60,1
DA:62,1
DA:63,1
DA:64,1
DA:66,1
DA:67,1
DA:69,1
DA:70,3
DA:71,3
DA:72,3
DA:73,3
DA:74,1
DA:76,1
DA:77,1
DA:78,1
DA:79,1
DA:81,1
DA:83,1
DA:84,1
DA:85,1
DA:87,1
DA:88,1
DA:90,1
DA:92,1
DA:93,1
DA:95,1
DA:96,1
DA:97,1
DA:98,1
DA:100,1
DA:102,1
DA:103,1
DA:104,1
DA:105,1
DA:107,1
DA:108,1
DA:109,1
DA:110,1
DA:112,1
DA:114,1
DA:115,1
DA:117,1
DA:118,1
DA:119,1
DA:121,1
DA:123,1
DA:124,1
DA:126,1
DA:127,1
DA:128,1
DA:130,1
DA:132,1
DA:133,1
DA:135,1
DA:136,1
DA:137,1
DA:139,1
DA:140,1
DA:142,1
DA:143,1
DA:145,1
DA:146,1
DA:147,1
DA:149,1
DA:150,1
DA:152,1
DA:153,1
DA:155,1
DA:156,1
DA:157,1
DA:159,1
DA:161,1
DA:162,1
DA:164,1
DA:165,1
DA:166,1
DA:168,1
DA:170,1
DA:171,1
DA:172,1
DA:173,1
LF:119
LH:119
BRDA:11,0,0,1
BRDA:12,1,0,14
BRDA:16,2,0,1
BRDA:17,3,0,1
BRDA:23,4,0,1
BRDA:35,5,0,1
BRDA:44,6,0,1
BRDA:45,7,0,1
BRDA:57,8,0,1
BRDA:66,9,0,1
BRDA:69,10,0,3
BRDA:76,11,0,1
BRDA:77,12,0,1
BRDA:87,13,0,1
BRDA:95,14,0,1
BRDA:96,15,0,1
BRDA:107,16,0,1
BRDA:108,17,0,1
BRDA:109,18,0,1
BRDA:117,19,0,1
BRDA:118,20,0,1
BRDA:126,21,0,1
BRDA:127,22,0,1
BRDA:135,23,0,1
BRDA:145,24,0,1
BRDA:155,25,0,1
BRDA:156,26,0,1
BRDA:164,27,0,1
BRDA:165,28,0,1
BRF:29
BRH:29
end_of_record
TN:
SF:src/tests/wsStore.test.ts
FNF:0
FNH:0
DA:1,1
DA:10,1
DA:11,1
DA:12,5
DA:13,1
DA:15,1
DA:16,1
DA:17,1
DA:18,1
DA:19,1
DA:21,1
DA:23,1
DA:24,1
DA:25,1
DA:27,1
DA:28,1
DA:29,1
DA:31,1
DA:33,1
DA:34,1
DA:35,1
DA:37,1
DA:38,1
DA:39,1
DA:41,1
DA:43,1
DA:44,1
DA:46,1
DA:47,1
DA:48,1
DA:50,1
DA:52,1
DA:53,1
DA:54,1
DA:56,1
DA:57,1
DA:58,1
DA:59,1
DA:60,1
DA:62,1
DA:64,1
DA:65,1
DA:66,1
LF:43
LH:43
BRDA:10,0,0,1
BRDA:11,1,0,5
BRDA:15,2,0,1
BRDA:27,3,0,1
BRDA:37,4,0,1
BRDA:46,5,0,1
BRDA:56,6,0,1
BRF:7
BRH:7
end_of_record
TN:
SF:src/views/GameView.vue
FN:139,setup
FN:158,sendPreformedMessage
FN:176,passTheTurn
FN:188,buttonShower
FN:231,diceThrow
FN:241,movePiece
FN:253,startPlaying
FN:256,throwStartDice
FN:270,isYourTurn
FN:277,diceThrown
FN:280,isPlayer1
FN:283,startDiceThrowAllowed
FN:289,starter
FN:110,onClick
FN:115,__vite_ssr_import_9__.createElementBlock.__vite_ssr_import_9__.createElementVNode.__vite_ssr_import_9__.createElementVNode._ctx.showPassButton._ctx.isYourTurn._ctx.diceThrown.__vite_ssr_import_9__.createElementBlock.onClick._cache.<computed>._cache.<computed>
FNF:15
FNH:10
FNDA:9,setup
FNDA:1,sendPreformedMessage
FNDA:0,passTheTurn
FNDA:6,buttonShower
FNDA:1,diceThrow
FNDA:0,movePiece
FNDA:1,startPlaying
FNDA:0,throwStartDice
FNDA:5,isYourTurn
FNDA:6,diceThrown
FNDA:10,isPlayer1
FNDA:9,startDiceThrowAllowed
FNDA:0,starter
FNDA:1,onClick
FNDA:0,__vite_ssr_import_9__.createElementBlock.__vite_ssr_import_9__.createElementVNode.__vite_ssr_import_9__.createElementVNode._ctx.showPassButton._ctx.isYourTurn._ctx.diceThrown.__vite_ssr_import_9__.createElementBlock.onClick._cache.<computed>._cache.<computed>
DA:1,13
DA:2,1
DA:3,1
DA:4,1
DA:5,1
DA:6,1
DA:7,1
DA:8,1
DA:9,1
DA:10,1
DA:11,1
DA:12,1
DA:13,1
DA:14,1
DA:15,1
DA:17,1
DA:19,5
DA:21,1
DA:22,1
DA:23,1
DA:24,1
DA:25,1
DA:26,1
DA:27,1
DA:28,1
DA:29,1
DA:30,1
DA:31,1
DA:32,1
DA:33,1
DA:34,1
DA:35,1
DA:36,1
DA:37,1
DA:38,1
DA:39,1
DA:40,1
DA:41,1
DA:42,1
DA:43,1
DA:44,1
DA:45,1
DA:46,1
DA:47,1
DA:48,1
DA:49,1
DA:50,1
DA:51,1
DA:52,1
DA:53,1
DA:54,1
DA:55,1
DA:56,1
DA:57,1
DA:58,1
DA:59,1
DA:60,1
DA:61,1
DA:62,1
DA:63,1
DA:64,1
DA:65,1
DA:66,1
DA:67,1
DA:69,0
DA:70,1
DA:71,1
DA:72,1
DA:84,1
DA:85,1
DA:86,1
DA:99,1
DA:100,1
DA:101,1
DA:102,1
DA:103,1
DA:104,1
DA:105,1
DA:106,1
DA:107,1
DA:108,1
DA:109,1
DA:110,1
DA:111,1
DA:112,1
DA:113,1
DA:114,1
DA:115,1
DA:116,1
DA:117,1
DA:118,1
DA:122,1
DA:123,1
DA:124,1
DA:125,1
DA:127,1
DA:128,1
DA:129,1
DA:130,1
DA:131,1
DA:133,1
DA:134,1
DA:135,1
DA:136,1
DA:137,1
DA:138,1
DA:139,1
DA:140,9
DA:141,9
DA:143,9
DA:144,9
DA:146,9
DA:148,9
DA:149,9
DA:150,9
DA:151,9
DA:152,9
DA:153,9
DA:154,9
DA:156,9
DA:158,9
DA:159,1
DA:160,1
DA:161,1
DA:162,0
DA:163,0
DA:164,0
DA:165,0
DA:166,1
DA:168,9
DA:169,9
DA:171,9
DA:172,9
DA:174,9
DA:176,9
DA:177,0
DA:178,0
DA:179,0
DA:180,0
DA:181,0
DA:182,0
DA:183,0
DA:184,0
DA:185,0
DA:187,9
DA:188,9
DA:189,6
DA:190,6
DA:192,9
DA:193,9
DA:194,9
DA:195,9
DA:196,9
DA:197,9
DA:198,9
DA:199,9
DA:200,9
DA:201,9
DA:202,9
DA:203,9
DA:204,9
DA:205,9
DA:206,9
DA:207,9
DA:208,9
DA:209,9
DA:210,9
DA:211,9
DA:212,9
DA:213,9
DA:214,9
DA:215,9
DA:216,9
DA:217,9
DA:218,9
DA:219,9
DA:220,9
DA:221,5
DA:222,5
DA:223,5
DA:224,0
DA:225,0
DA:226,0
DA:227,9
DA:228,9
DA:229,9
DA:230,1
DA:231,1
DA:232,1
DA:233,1
DA:234,1
DA:235,1
DA:236,0
DA:237,0
DA:238,0
DA:239,0
DA:240,1
DA:241,1
DA:242,0
DA:243,0
DA:244,0
DA:245,0
DA:246,0
DA:247,0
DA:248,0
DA:249,0
DA:250,0
DA:251,0
DA:252,0
DA:253,1
DA:254,1
DA:255,1
DA:256,1
DA:258,0
DA:260,0
DA:261,0
DA:262,0
DA:263,0
DA:264,0
DA:265,0
DA:266,0
DA:267,0
DA:268,1
DA:269,1
DA:270,1
DA:271,5
DA:272,0
DA:273,5
DA:274,5
DA:275,5
DA:276,5
DA:277,1
DA:278,6
DA:279,6
DA:280,1
DA:281,10
DA:282,10
DA:283,1
DA:284,9
DA:285,9
DA:286,9
DA:287,1
DA:288,1
DA:289,1
DA:290,0
DA:292,0
DA:293,0
DA:294,0
DA:295,0
DA:296,0
DA:297,0
DA:298,0
DA:299,1
DA:300,1
LF:254
LH:204
BRDA:139,0,0,9
BRDA:150,1,0,9
BRDA:152,2,0,0
BRDA:158,3,0,1
BRDA:161,4,0,0
BRDA:188,5,0,6
BRDA:193,6,0,9
BRDA:196,7,0,7
BRDA:196,8,0,6
BRDA:196,9,0,1
BRDA:197,10,0,6
BRDA:197,11,0,0
BRDA:199,12,0,7
BRDA:200,13,0,9
BRDA:219,14,0,18
BRDA:219,15,0,13
BRDA:220,16,0,5
BRDA:223,17,0,0
BRDA:231,18,0,1
BRDA:235,19,0,0
BRDA:253,20,0,1
BRDA:270,21,0,5
BRDA:271,22,0,0
BRDA:271,23,0,0
BRDA:277,24,0,6
BRDA:278,25,0,5
BRDA:280,26,0,10
BRDA:283,27,0,9
BRDA:284,28,0,0
BRDA:7,29,0,0
BRDA:8,30,0,0
BRDA:17,31,0,5
BRDA:22,32,0,0
BRDA:23,33,0,0
BRDA:1,34,0,13
BRDA:32,35,0,5
BRDA:32,36,0,28
BRDA:36,37,0,2
BRDA:1,38,0,13
BRDA:64,39,0,9
BRDA:1,40,0,0
BRDA:67,41,0,0
BRDA:84,42,0,0
BRDA:1,43,0,2
BRDA:1,44,0,13
BRDA:1,45,0,13
BRDA:1,46,0,13
BRDA:12,47,0,20
BRDA:12,48,0,40
BRDA:27,49,0,40
BRDA:27,50,0,20
BRDA:104,51,0,0
BRDA:110,52,0,1
BRF:53
BRH:37
end_of_record
TN:
SF:src/views/HomeView.vue
FN:104,setup
FN:122,logout
FN:127,receiveInvites
FN:136,showInvites
FN:141,acceptInvite
FN:153,closeOverlay
FN:81,__vite_ssr_import_6__.createElementBlock.__vite_ssr_import_6__.createElementVNode.__vite_ssr_import_6__.createElementVNode.__vite_ssr_import_6__.createElementVNode.onClick._cache.<computed>._cache.<computed>
FNF:7
FNH:5
FNDA:9,setup
FNDA:1,logout
FNDA:1,receiveInvites
FNDA:1,showInvites
FNDA:0,acceptInvite
FNDA:0,closeOverlay
FNDA:1,__vite_ssr_import_6__.createElementBlock.__vite_ssr_import_6__.createElementVNode.__vite_ssr_import_6__.createElementVNode.__vite_ssr_import_6__.createElementVNode.onClick._cache.<computed>._cache.<computed>
DA:1,1
DA:2,1
DA:3,1
DA:4,1
DA:5,1
DA:6,1
DA:7,1
DA:9,1
DA:10,1
DA:11,1
DA:12,1
DA:13,1
DA:14,1
DA:15,1
DA:16,1
DA:17,1
DA:18,1
DA:19,1
DA:20,1
DA:21,1
DA:22,1
DA:23,1
DA:24,1
DA:26,1
DA:27,1
DA:28,1
DA:29,1
DA:30,1
DA:31,1
DA:32,1
DA:33,1
DA:35,1
DA:36,1
DA:37,1
DA:38,1
DA:39,1
DA:40,1
DA:41,1
DA:42,1
DA:44,1
DA:45,1
DA:46,1
DA:47,1
DA:48,1
DA:49,1
DA:50,1
DA:51,1
DA:53,1
DA:54,1
DA:55,1
DA:57,1
DA:58,1
DA:59,1
DA:60,1
DA:61,1
DA:62,1
DA:63,1
DA:64,1
DA:65,1
DA:66,1
DA:67,1
DA:68,1
DA:69,1
DA:70,1
DA:71,1
DA:72,1
DA:73,1
DA:74,1
DA:75,1
DA:76,1
DA:77,1
DA:78,1
DA:79,1
DA:80,1
DA:81,1
DA:82,1
DA:83,1
DA:84,1
DA:85,1
DA:89,1
DA:90,1
DA:91,1
DA:92,1
DA:93,1
DA:94,1
DA:102,1
DA:103,1
DA:104,1
DA:105,9
DA:107,9
DA:108,9
DA:109,9
DA:110,9
DA:112,9
DA:113,9
DA:114,9
DA:116,9
DA:117,9
DA:118,9
DA:119,0
DA:120,9
DA:122,9
DA:123,1
DA:124,1
DA:125,1
DA:127,9
DA:128,1
DA:129,1
DA:130,1
DA:131,1
DA:132,0
DA:133,0
DA:134,1
DA:136,9
DA:137,1
DA:138,1
DA:139,1
DA:141,9
DA:142,0
DA:143,0
DA:144,0
DA:145,0
DA:146,0
DA:147,0
DA:148,0
DA:149,0
DA:150,0
DA:151,0
DA:153,9
DA:154,0
DA:155,0
DA:157,9
DA:158,9
DA:159,1
LF:134
LH:119
BRDA:104,0,0,9
BRDA:112,1,0,9
BRDA:113,2,0,9
BRDA:122,3,0,1
BRDA:124,4,0,0
BRDA:127,5,0,1
BRDA:131,6,0,0
BRDA:136,7,0,1
BRDA:1,8,0,17
BRDA:46,9,0,9
BRDA:51,10,0,9
BRDA:62,11,0,2
BRDA:63,12,0,2
BRDA:63,13,0,0
BRDA:1,14,0,19
BRDA:81,15,0,9
BRDA:11,16,0,23
BRDA:12,17,0,6
BRDA:16,18,0,17
BRDA:16,19,0,6
BRDA:21,20,0,6
BRDA:24,21,0,3
BRDA:30,22,0,23
BRDA:33,23,0,9
BRDA:39,24,0,23
BRDA:42,25,0,9
BRDA:46,26,0,1
BRDA:1,27,0,1
BRDA:81,28,0,1
BRF:29
BRH:26
end_of_record
TN:
SF:src/views/LeaderboardView.vue
FN:106,setup
FN:129,goHome
FN:132,getPositionColor
FNF:3
FNH:3
FNDA:2,setup
FNDA:1,goHome
FNDA:11,getPositionColor
DA:1,0
DA:2,1
DA:3,1
DA:4,1
DA:6,1
DA:8,1
DA:10,1
DA:11,1
DA:13,1
DA:14,1
DA:15,1
DA:16,1
DA:17,1
DA:18,1
DA:20,1
DA:21,1
DA:22,1
DA:23,1
DA:24,1
DA:25,1
DA:26,1
DA:27,1
DA:28,1
DA:29,1
DA:30,1
DA:31,1
DA:32,1
DA:33,1
DA:35,1
DA:36,1
DA:37,1
DA:38,1
DA:39,1
DA:40,1
DA:42,1
DA:43,1
DA:44,1
DA:45,1
DA:46,1
DA:47,1
DA:48,1
DA:49,1
DA:50,1
DA:52,1
DA:53,1
DA:54,1
DA:55,1
DA:56,1
DA:58,1
DA:59,1
DA:60,1
DA:61,1
DA:62,1
DA:63,1
DA:64,1
DA:66,1
DA:67,1
DA:68,1
DA:69,1
DA:70,1
DA:71,1
DA:72,1
DA:73,1
DA:74,1
DA:75,1
DA:76,1
DA:77,1
DA:78,1
DA:79,1
DA:80,1
DA:81,1
DA:82,1
DA:83,1
DA:85,1
DA:86,1
DA:87,1
DA:88,1
DA:89,1
DA:93,1
DA:94,1
DA:95,1
DA:104,1
DA:105,1
DA:106,1
DA:107,2
DA:108,2
DA:109,2
DA:111,2
DA:112,2
DA:113,1
DA:115,1
DA:116,1
DA:119,1
DA:120,1
DA:121,1
DA:122,1
DA:123,1
DA:124,2
DA:126,2
DA:127,2
DA:128,1
DA:129,1
DA:130,1
DA:131,1
DA:132,1
DA:133,11
DA:134,11
DA:135,1
DA:136,11
DA:137,1
DA:138,11
DA:139,1
DA:140,11
DA:141,8
DA:142,11
DA:143,11
DA:144,1
DA:145,1
LF:118
LH:117
BRDA:106,0,0,2
BRDA:111,1,0,2
BRDA:112,2,0,1
BRDA:115,3,0,6
BRDA:116,4,0,21
BRDA:129,5,0,1
BRDA:132,6,0,11
BRDA:134,7,0,1
BRDA:136,8,0,1
BRDA:138,9,0,1
BRDA:140,10,0,8
BRDA:39,11,0,2
BRDA:62,12,0,1
BRDA:1,13,0,0
BRDA:1,14,0,0
BRDA:16,15,0,2
BRF:16
BRH:14
end_of_record
TN:
SF:src/views/PasswordRecoveryView.vue
FN:74,setup
FN:78,buttonRequestPasswordRecovery
FN:87,goBack
FNF:3
FNH:2
FNDA:2,setup
FNDA:2,buttonRequestPasswordRecovery
FNDA:0,goBack
DA:1,2
DA:2,1
DA:3,1
DA:4,1
DA:5,1
DA:6,1
DA:7,1
DA:8,1
DA:9,1
DA:10,1
DA:11,1
DA:12,1
DA:13,1
DA:14,1
DA:15,1
DA:16,1
DA:17,1
DA:18,1
DA:45,1
DA:46,1
DA:47,1
DA:48,1
DA:49,1
DA:50,1
DA:51,1
DA:52,1
DA:53,1
DA:55,1
DA:56,1
DA:57,1
DA:58,1
DA:59,1
DA:60,1
DA:61,1
DA:62,1
DA:63,1
DA:64,1
DA:65,1
DA:69,1
DA:70,1
DA:72,1
DA:73,1
DA:74,1
DA:75,2
DA:76,2
DA:78,2
DA:79,2
DA:80,2
DA:81,2
DA:82,2
DA:83,1
DA:84,1
DA:85,2
DA:87,2
DA:88,0
DA:89,0
DA:91,2
DA:92,2
DA:93,1
LF:59
LH:57
BRDA:74,0,0,2
BRDA:78,1,0,2
BRDA:80,2,0,1
BRDA:81,3,0,0
BRDA:82,4,0,1
BRDA:1,5,0,2
BRF:6
BRH:5
end_of_record
TN:
SF:src/views/PasswordResetView.vue
FN:62,setup
FN:74,buttonResetPassword
FN:87,goBack
FNF:3
FNH:2
FNDA:2,setup
FNDA:2,buttonResetPassword
FNDA:0,goBack
DA:1,1
DA:2,1
DA:3,1
DA:4,1
DA:5,1
DA:6,1
DA:7,1
DA:8,1
DA:9,1
DA:10,1
DA:11,1
DA:12,1
DA:13,1
DA:14,1
DA:15,1
DA:16,1
DA:17,1
DA:18,1
DA:19,1
DA:20,1
DA:21,1
DA:22,1
DA:23,1
DA:24,1
DA:25,1
DA:26,1
DA:27,1
DA:28,1
DA:29,1
DA:30,1
DA:31,1
DA:32,1
DA:33,1
DA:34,1
DA:35,1
DA:36,1
DA:37,1
DA:38,1
DA:39,1
DA:40,1
DA:42,1
DA:43,1
DA:44,1
DA:45,1
DA:46,1
DA:47,1
DA:48,1
DA:49,1
DA:50,1
DA:51,1
DA:52,1
DA:56,1
DA:57,1
DA:58,1
DA:60,1
DA:61,1
DA:62,1
DA:63,2
DA:64,2
DA:65,2
DA:66,2
DA:67,2
DA:68,2
DA:70,2
DA:71,2
DA:72,2
DA:74,2
DA:75,2
DA:76,0
DA:77,0
DA:78,0
DA:79,2
DA:80,2
DA:81,2
DA:82,2
DA:83,1
DA:84,1
DA:85,2
DA:87,2
DA:88,0
DA:89,0
DA:91,2
DA:92,2
DA:93,1
LF:84
LH:79
BRDA:62,0,0,2
BRDA:70,1,0,2
BRDA:71,2,0,0
BRDA:74,3,0,2
BRDA:75,4,0,0
BRDA:80,5,0,1
BRDA:81,6,0,0
BRDA:82,7,0,1
BRF:8
BRH:5
end_of_record
TN:
SF:src/views/PlayAiView.vue
FN:64,setup
FN:75,data
FN:89,goHome
FN:92,startGame
FN:18,__vite_ssr_import_4__.createElementBlock.__vite_ssr_import_4__.createElementVNode.__vite_ssr_import_4__.createElementVNode.__vite_ssr_import_4__.createElementVNode.__vite_ssr_import_4__.createElementVNode.__vite_ssr_import_4__.createElementVNode.__vite_ssr_import_4__.createElementVNode.__vite_ssr_import_4__.withDirectives.__vite_ssr_import_4__.createElementVNode.onUpdate:modelValue._cache.<computed>._cache.<computed>
FN:31,__vite_ssr_import_4__.createElementBlock.__vite_ssr_import_4__.createElementVNode.__vite_ssr_import_4__.createElementVNode.__vite_ssr_import_4__.createElementVNode.__vite_ssr_import_4__.createElementVNode.__vite_ssr_import_4__.createElementVNode.__vite_ssr_import_4__.createElementVNode.__vite_ssr_import_4__.withDirectives.__vite_ssr_import_4__.createElementVNode.onUpdate:modelValue._cache.<computed>._cache.<computed>
FN:42,__vite_ssr_import_4__.createElementBlock.__vite_ssr_import_4__.createElementVNode.__vite_ssr_import_4__.createElementVNode.__vite_ssr_import_4__.createElementVNode.__vite_ssr_import_4__.createElementVNode.onClick._cache.<computed>._cache.<computed>
FNF:7
FNH:5
FNDA:3,setup
FNDA:3,data
FNDA:1,goHome
FNDA:0,startGame
FNDA:1,__vite_ssr_import_4__.createElementBlock.__vite_ssr_import_4__.createElementVNode.__vite_ssr_import_4__.createElementVNode.__vite_ssr_import_4__.createElementVNode.__vite_ssr_import_4__.createElementVNode.__vite_ssr_import_4__.createElementVNode.__vite_ssr_import_4__.createElementVNode.__vite_ssr_import_4__.withDirectives.__vite_ssr_import_4__.createElementVNode.onUpdate:modelValue._cache.<computed>._cache.<computed>
FNDA:1,__vite_ssr_import_4__.createElementBlock.__vite_ssr_import_4__.createElementVNode.__vite_ssr_import_4__.createElementVNode.__vite_ssr_import_4__.createElementVNode.__vite_ssr_import_4__.createElementVNode.__vite_ssr_import_4__.createElementVNode.__vite_ssr_import_4__.createElementVNode.__vite_ssr_import_4__.withDirectives.__vite_ssr_import_4__.createElementVNode.onUpdate:modelValue._cache.<computed>._cache.<computed>
FNDA:0,__vite_ssr_import_4__.createElementBlock.__vite_ssr_import_4__.createElementVNode.__vite_ssr_import_4__.createElementVNode.__vite_ssr_import_4__.createElementVNode.__vite_ssr_import_4__.createElementVNode.onClick._cache.<computed>._cache.<computed>
DA:1,1
DA:2,1
DA:3,1
DA:4,1
DA:6,1
DA:8,1
DA:10,1
DA:11,1
DA:13,1
DA:14,1
DA:15,1
DA:16,1
DA:17,1
DA:18,1
DA:19,1
DA:20,1
DA:21,1
DA:22,1
DA:23,1
DA:24,1
DA:25,1
DA:27,1
DA:28,1
DA:29,1
DA:30,1
DA:31,1
DA:32,1
DA:33,1
DA:34,1
DA:35,1
DA:36,1
DA:37,1
DA:38,1
DA:39,1
DA:41,1
DA:42,1
DA:43,1
DA:44,1
DA:45,1
DA:46,1
DA:47,1
DA:49,1
DA:50,1
DA:51,1
DA:52,1
DA:53,1
DA:57,1
DA:58,1
DA:59,1
DA:60,1
DA:62,1
DA:63,1
DA:64,1
DA:65,3
DA:67,3
DA:68,3
DA:69,3
DA:70,0
DA:71,3
DA:73,3
DA:74,3
DA:75,1
DA:79,3
DA:80,3
DA:81,3
DA:82,3
DA:83,3
DA:84,3
DA:85,3
DA:86,1
DA:87,1
DA:88,1
DA:89,1
DA:90,1
DA:91,1
DA:92,1
DA:93,0
DA:94,0
DA:95,0
DA:96,0
DA:97,0
DA:98,0
DA:99,0
DA:100,1
DA:101,1
DA:102,1
DA:103,1
LF:87
LH:79
BRDA:64,0,0,3
BRDA:75,1,0,3
BRDA:89,2,0,1
BRDA:18,3,0,3
BRDA:31,4,0,3
BRDA:42,5,0,3
BRDA:18,6,0,1
BRDA:31,7,0,1
BRF:8
BRH:8
end_of_record
TN:
SF:src/views/PlayHumanView.vue
FN:77,setup
FN:89,data
FN:107,filteredUsers
FN:127,goHome
FN:130,fetchUsers
FN:146,selectUser
FN:151,sendInvite
FN:160,sendRandomInvite
FN:173,searchQuery
FN:13,__vite_ssr_import_6__.createElementBlock.__vite_ssr_import_6__.createElementVNode.__vite_ssr_import_6__.createElementVNode.__vite_ssr_import_6__.createElementVNode.onClick._cache.<computed>._cache.<computed>
FN:26,__vite_ssr_import_6__.createElementBlock.__vite_ssr_import_6__.createElementVNode.__vite_ssr_import_6__.createElementVNode.__vite_ssr_import_6__.createElementVNode.__vite_ssr_import_6__.withDirectives.__vite_ssr_import_6__.createElementVNode.onInput._cache.<computed>._cache.<computed>
FN:32,onClick
FN:42,__vite_ssr_import_6__.createElementBlock.__vite_ssr_import_6__.createElementVNode.__vite_ssr_import_6__.createElementVNode.__vite_ssr_import_6__.createElementVNode.__vite_ssr_import_6__.createElementVNode.__vite_ssr_import_6__.createElementVNode.__vite_ssr_import_6__.withDirectives.__vite_ssr_import_6__.createElementVNode.onUpdate:modelValue._cache.<computed>._cache.<computed>
FN:52,__vite_ssr_import_6__.createElementBlock.__vite_ssr_import_6__.createElementVNode.__vite_ssr_import_6__.createElementVNode.__vite_ssr_import_6__.createElementVNode.__vite_ssr_import_6__.createElementVNode.onClick._cache.<computed>._cache.<computed>
FNF:14
FNH:6
FNDA:8,setup
FNDA:8,data
FNDA:2,filteredUsers
FNDA:0,goHome
FNDA:2,fetchUsers
FNDA:1,selectUser
FNDA:0,sendInvite
FNDA:0,sendRandomInvite
FNDA:4,searchQuery
FNDA:0,__vite_ssr_import_6__.createElementBlock.__vite_ssr_import_6__.createElementVNode.__vite_ssr_import_6__.createElementVNode.__vite_ssr_import_6__.createElementVNode.onClick._cache.<computed>._cache.<computed>
FNDA:0,__vite_ssr_import_6__.createElementBlock.__vite_ssr_import_6__.createElementVNode.__vite_ssr_import_6__.createElementVNode.__vite_ssr_import_6__.createElementVNode.__vite_ssr_import_6__.withDirectives.__vite_ssr_import_6__.createElementVNode.onInput._cache.<computed>._cache.<computed>
FNDA:0,onClick
FNDA:0,__vite_ssr_import_6__.createElementBlock.__vite_ssr_import_6__.createElementVNode.__vite_ssr_import_6__.createElementVNode.__vite_ssr_import_6__.createElementVNode.__vite_ssr_import_6__.createElementVNode.__vite_ssr_import_6__.createElementVNode.__vite_ssr_import_6__.withDirectives.__vite_ssr_import_6__.createElementVNode.onUpdate:modelValue._cache.<computed>._cache.<computed>
FNDA:0,__vite_ssr_import_6__.createElementBlock.__vite_ssr_import_6__.createElementVNode.__vite_ssr_import_6__.createElementVNode.__vite_ssr_import_6__.createElementVNode.__vite_ssr_import_6__.createElementVNode.onClick._cache.<computed>._cache.<computed>
DA:1,12
DA:2,1
DA:3,1
DA:4,1
DA:6,1
DA:8,1
DA:10,1
DA:11,1
DA:12,1
DA:13,1
DA:14,1
DA:16,1
DA:18,1
DA:19,1
DA:20,1
DA:21,1
DA:22,1
DA:24,1
DA:25,1
DA:26,1
DA:27,1
DA:28,1
DA:29,1
DA:30,1
DA:31,1
DA:32,1
DA:33,1
DA:34,1
DA:35,1
DA:36,1
DA:38,1
DA:39,1
DA:40,1
DA:41,1
DA:42,1
DA:43,1
DA:44,1
DA:45,1
DA:46,1
DA:47,1
DA:48,1
DA:49,1
DA:51,1
DA:52,1
DA:53,1
DA:54,1
DA:55,1
DA:56,1
DA:57,1
DA:59,1
DA:60,1
DA:61,1
DA:62,1
DA:63,1
DA:68,1
DA:69,1
DA:70,1
DA:71,1
DA:72,1
DA:73,1
DA:75,1
DA:76,1
DA:77,1
DA:78,8
DA:79,8
DA:81,8
DA:82,8
DA:83,8
DA:84,0
DA:85,8
DA:87,8
DA:88,8
DA:89,1
DA:96,8
DA:97,8
DA:98,8
DA:99,8
DA:100,8
DA:101,8
DA:102,8
DA:103,8
DA:104,8
DA:105,8
DA:106,1
DA:107,1
DA:108,2
DA:109,2
DA:110,2
DA:111,2
DA:112,1
DA:113,1
DA:114,1
DA:119,0
DA:120,0
DA:121,0
DA:122,0
DA:123,0
DA:124,0
DA:125,0
DA:126,1
DA:127,1
DA:128,0
DA:129,0
DA:130,1
DA:131,2
DA:132,2
DA:133,2
DA:134,2
DA:135,2
DA:136,2
DA:137,2
DA:138,0
DA:139,0
DA:140,2
DA:141,2
DA:142,0
DA:143,0
DA:144,0
DA:145,2
DA:146,1
DA:147,1
DA:148,1
DA:149,1
DA:150,1
DA:151,1
DA:152,0
DA:153,0
DA:154,0
DA:155,0
DA:156,0
DA:157,0
DA:158,0
DA:159,0
DA:160,1
DA:161,0
DA:162,0
DA:163,0
DA:164,0
DA:165,0
DA:166,0
DA:167,0
DA:168,0
DA:169,0
DA:170,0
DA:171,1
DA:172,1
DA:173,1
DA:174,4
DA:175,1
DA:176,1
DA:177,4
DA:178,1
DA:179,1
LF:153
LH:120
BRDA:77,0,0,8
BRDA:89,1,0,8
BRDA:107,2,0,2
BRDA:108,3,0,2
BRDA:130,4,0,2
BRDA:137,5,0,0
BRDA:141,6,0,0
BRDA:136,7,0,1
BRDA:146,8,0,1
BRDA:173,9,0,4
BRDA:174,10,0,1
BRDA:13,11,0,8
BRDA:26,12,0,8
BRDA:28,13,0,8
BRDA:1,14,0,12
BRDA:42,15,0,8
BRDA:52,16,0,1
BRDA:52,17,0,8
BRF:18
BRH:16
end_of_record
TN:
SF:src/views/RegisterView.vue
FN:678,setup
FN:688,goBack
FN:692,toggleTerms
FN:696,toggleRegisterLogin
FN:701,togglePasswordVisibility
FN:705,registerUser
FN:34,__vite_ssr_import_4__.createElementBlock.__vite_ssr_import_4__.createElementVNode.__vite_ssr_import_4__.createElementVNode.__vite_ssr_import_4__.createElementVNode.__vite_ssr_import_4__.createElementVNode.__vite_ssr_import_4__.createElementVNode.__vite_ssr_import_4__.createElementVNode.__vite_ssr_import_4__.createElementVNode.__vite_ssr_import_4__.createElementVNode.__vite_ssr_import_4__.withDirectives.__vite_ssr_import_4__.createElementVNode.onUpdate:modelValue._cache.<computed>._cache.<computed>
FN:62,__vite_ssr_import_4__.createElementBlock.__vite_ssr_import_4__.createElementVNode.__vite_ssr_import_4__.createElementVNode.__vite_ssr_import_4__.createElementVNode.__vite_ssr_import_4__.createElementVNode.__vite_ssr_import_4__.createElementVNode._ctx.showRegisterForm.__vite_ssr_import_4__.createElementBlock.__vite_ssr_import_4__.createElementVNode.__vite_ssr_import_4__.createElementVNode.__vite_ssr_import_4__.withDirectives.__vite_ssr_import_4__.createElementVNode.onUpdate:modelValue._cache.<computed>._cache.<computed>
FN:112,__vite_ssr_import_4__.createElementBlock.__vite_ssr_import_4__.createElementVNode.__vite_ssr_import_4__.createElementVNode.__vite_ssr_import_4__.createElementVNode.__vite_ssr_import_4__.createElementVNode.__vite_ssr_import_4__.createElementVNode.__vite_ssr_import_4__.createElementVNode.__vite_ssr_import_4__.createElementVNode.__vite_ssr_import_4__.createElementVNode._ctx.showPassword.__vite_ssr_import_4__.createElementBlock.onClick._cache.<computed>._cache.<computed>
FN:126,__vite_ssr_import_4__.createElementBlock.__vite_ssr_import_4__.createElementVNode.__vite_ssr_import_4__.createElementVNode.__vite_ssr_import_4__.createElementVNode.__vite_ssr_import_4__.createElementVNode.__vite_ssr_import_4__.createElementVNode.__vite_ssr_import_4__.createElementVNode.__vite_ssr_import_4__.createElementVNode.__vite_ssr_import_4__.createElementVNode._ctx.showPassword.__vite_ssr_import_4__.createElementBlock.onClick._cache.<computed>._cache.<computed>
FNF:10
FNH:5
FNDA:4,setup
FNDA:0,goBack
FNDA:2,toggleTerms
FNDA:2,toggleRegisterLogin
FNDA:2,togglePasswordVisibility
FNDA:2,registerUser
FNDA:0,__vite_ssr_import_4__.createElementBlock.__vite_ssr_import_4__.createElementVNode.__vite_ssr_import_4__.createElementVNode.__vite_ssr_import_4__.createElementVNode.__vite_ssr_import_4__.createElementVNode.__vite_ssr_import_4__.createElementVNode.__vite_ssr_import_4__.createElementVNode.__vite_ssr_import_4__.createElementVNode.__vite_ssr_import_4__.createElementVNode.__vite_ssr_import_4__.withDirectives.__vite_ssr_import_4__.createElementVNode.onUpdate:modelValue._cache.<computed>._cache.<computed>
FNDA:0,__vite_ssr_import_4__.createElementBlock.__vite_ssr_import_4__.createElementVNode.__vite_ssr_import_4__.createElementVNode.__vite_ssr_import_4__.createElementVNode.__vite_ssr_import_4__.createElementVNode.__vite_ssr_import_4__.createElementVNode._ctx.showRegisterForm.__vite_ssr_import_4__.createElementBlock.__vite_ssr_import_4__.createElementVNode.__vite_ssr_import_4__.createElementVNode.__vite_ssr_import_4__.withDirectives.__vite_ssr_import_4__.createElementVNode.onUpdate:modelValue._cache.<computed>._cache.<computed>
FNDA:0,__vite_ssr_import_4__.createElementBlock.__vite_ssr_import_4__.createElementVNode.__vite_ssr_import_4__.createElementVNode.__vite_ssr_import_4__.createElementVNode.__vite_ssr_import_4__.createElementVNode.__vite_ssr_import_4__.createElementVNode.__vite_ssr_import_4__.createElementVNode.__vite_ssr_import_4__.createElementVNode.__vite_ssr_import_4__.createElementVNode._ctx.showPassword.__vite_ssr_import_4__.createElementBlock.onClick._cache.<computed>._cache.<computed>
FNDA:0,__vite_ssr_import_4__.createElementBlock.__vite_ssr_import_4__.createElementVNode.__vite_ssr_import_4__.createElementVNode.__vite_ssr_import_4__.createElementVNode.__vite_ssr_import_4__.createElementVNode.__vite_ssr_import_4__.createElementVNode.__vite_ssr_import_4__.createElementVNode.__vite_ssr_import_4__.createElementVNode.__vite_ssr_import_4__.createElementVNode._ctx.showPassword.__vite_ssr_import_4__.createElementBlock.onClick._cache.<computed>._cache.<computed>
DA:1,4
DA:2,1
DA:3,1
DA:4,1
DA:5,1
DA:6,1
DA:7,1
DA:8,1
DA:9,1
DA:10,1
DA:12,5
DA:13,5
DA:14,5
DA:15,5
DA:16,3
DA:17,3
DA:18,3
DA:20,3
DA:21,3
DA:22,3
DA:23,3
DA:24,1
DA:25,1
DA:26,1
DA:28,1
DA:29,1
DA:30,1
DA:31,1
DA:32,1
DA:33,1
DA:34,1
DA:35,0
DA:36,1
DA:37,1
DA:38,1
DA:39,1
DA:40,1
DA:41,1
DA:42,1
DA:43,1
DA:44,1
DA:45,1
DA:46,1
DA:48,1
DA:49,1
DA:50,1
DA:51,1
DA:52,1
DA:53,1
DA:54,1
DA:55,1
DA:56,1
DA:57,1
DA:58,1
DA:59,1
DA:60,1
DA:61,1
DA:62,1
DA:63,0
DA:64,1
DA:65,1
DA:66,1
DA:67,1
DA:68,1
DA:95,1
DA:96,1
DA:97,1
DA:98,1
DA:99,1
DA:100,1
DA:101,1
DA:102,1
DA:103,1
DA:104,1
DA:105,1
DA:106,1
DA:107,1
DA:108,1
DA:109,1
DA:110,1
DA:111,1
DA:112,1
DA:113,1
DA:114,1
DA:115,1
DA:116,1
DA:117,1
DA:119,4
DA:120,4
DA:121,4
DA:122,4
DA:123,4
DA:124,4
DA:126,1
DA:127,1
DA:128,1
DA:129,1
DA:130,1
DA:131,1
DA:133,1
DA:134,1
DA:135,1
DA:136,1
DA:137,1
DA:138,1
DA:139,1
DA:140,1
DA:141,1
DA:142,1
DA:143,1
DA:144,1
DA:145,1
DA:146,1
DA:147,1
DA:148,1
DA:149,1
DA:150,1
DA:151,1
DA:152,1
DA:153,1
DA:154,1
DA:155,1
DA:157,1
DA:158,1
DA:159,1
DA:160,1
DA:161,1
DA:162,1
DA:163,1
DA:165,1
DA:166,1
DA:167,1
DA:168,1
DA:169,1
DA:170,1
DA:171,1
DA:173,1
DA:175,1
DA:176,1
DA:177,1
DA:178,1
DA:179,1
DA:225,1
DA:226,1
DA:227,1
DA:228,1
DA:229,1
DA:659,1
DA:660,1
DA:662,1
DA:663,1
DA:664,1
DA:665,1
DA:666,1
DA:667,1
DA:671,1
DA:672,1
DA:673,1
DA:674,1
DA:676,1
DA:677,1
DA:678,1
DA:679,4
DA:680,4
DA:681,4
DA:682,4
DA:683,4
DA:684,4
DA:685,4
DA:686,4
DA:688,4
DA:689,0
DA:690,0
DA:692,4
DA:693,2
DA:694,2
DA:696,4
DA:697,2
DA:698,2
DA:699,2
DA:701,4
DA:702,2
DA:703,2
DA:705,4
DA:706,2
DA:707,2
DA:708,2
DA:709,2
DA:710,1
DA:711,1
DA:712,1
DA:713,1
DA:714,0
DA:715,0
DA:716,1
DA:717,2
DA:719,4
DA:720,4
DA:721,4
DA:722,4
DA:723,4
DA:724,4
DA:725,4
DA:726,4
DA:727,4
DA:728,4
DA:729,4
DA:730,4
DA:731,4
DA:732,4
DA:733,4
DA:734,1
LF:212
LH:206
BRDA:678,0,0,4
BRDA:692,1,0,2
BRDA:696,2,0,2
BRDA:701,3,0,2
BRDA:705,4,0,2
BRDA:708,5,0,1
BRDA:709,6,0,1
BRDA:713,7,0,0
BRDA:7,8,0,4
BRDA:9,9,0,3
BRDA:9,10,0,5
BRDA:10,11,0,5
BRDA:15,12,0,3
BRDA:34,13,0,4
BRDA:62,14,0,2
BRDA:1,15,0,2
BRDA:1,16,0,5
BRDA:104,17,0,0
BRDA:112,18,0,4
BRDA:117,19,0,4
BRDA:1,20,0,3
BRDA:1,21,0,5
BRDA:1,22,0,4
BRDA:144,23,0,4
BRF:24
BRH:22
end_of_record
