TN:
SF:env.d.ts
FN:1,(empty-report)
FNF:1
FNH:1
FNDA:1,(empty-report)
LF:0
LH:0
BRDA:1,0,0,1
BRF:1
BRH:1
end_of_record
TN:
SF:src/App.vue
FN:16,setup
FN:29,mounted
FNF:2
FNH:2
FNDA:1,setup
FNDA:1,mounted
DA:1,1
DA:2,1
DA:3,1
DA:7,1
DA:8,1
DA:9,1
DA:10,1
DA:12,1
DA:13,1
DA:14,1
DA:16,1
DA:17,1
DA:18,1
DA:19,1
DA:20,0
DA:21,0
DA:22,0
DA:23,0
DA:24,0
DA:25,0
DA:26,0
DA:27,1
DA:28,1
DA:29,1
DA:30,1
DA:31,1
DA:32,1
DA:33,0
DA:34,1
DA:35,1
DA:36,1
DA:37,1
DA:38,1
LF:33
LH:25
BRDA:16,0,0,1
BRDA:18,1,0,1
BRDA:29,2,0,1
BRDA:32,3,0,0
BRF:4
BRH:3
end_of_record
TN:
SF:src/axios.ts
FNF:0
FNH:0
DA:1,1
DA:2,1
DA:4,1
DA:5,1
DA:6,1
DA:8,1
DA:9,125
DA:11,125
DA:12,125
DA:14,1
LF:10
LH:10
BRDA:8,0,0,125
BRF:1
BRH:1
end_of_record
TN:
SF:src/components/DieFace.vue
FN:19,dots
FNF:1
FNH:1
FNDA:94,dots
DA:1,1
DA:2,1
DA:3,1
DA:4,1
DA:8,1
DA:10,1
DA:11,1
DA:12,1
DA:13,1
DA:14,1
DA:15,1
DA:16,1
DA:17,1
DA:18,1
DA:19,1
DA:20,94
DA:21,94
DA:22,94
DA:23,94
DA:24,94
DA:25,94
DA:26,94
DA:27,94
DA:28,94
DA:29,94
DA:30,1
DA:31,1
LF:27
LH:27
BRDA:19,0,0,94
BRDA:28,1,0,38
BRF:2
BRH:2
end_of_record
TN:
SF:src/components/ErrorContainer.vue
FN:21,setup
FNF:1
FNH:1
FNDA:3,setup
DA:1,1
DA:2,1
DA:3,1
DA:4,1
DA:5,1
DA:6,1
DA:7,1
DA:8,1
DA:9,1
DA:13,1
DA:14,1
DA:15,1
DA:16,1
DA:18,1
DA:19,1
DA:20,1
DA:21,1
DA:22,3
DA:23,3
DA:25,3
DA:26,3
DA:27,3
DA:28,3
DA:29,3
DA:30,1
LF:25
LH:25
BRDA:21,0,0,3
BRF:1
BRH:1
end_of_record
TN:
SF:src/components/GameBoard.vue
FN:127,data
FN:142,created
FN:148,dice
FN:152,configuration
FN:160,isThereAWinner
FN:168,selectPoint
FN:186,deselectPoint
FN:189,checkDices
FN:204,movePiece
FN:251,checkMoveValidity
FN:269,swapPlayers
FN:293,getAllowedPointIndices
FN:336,allowedPointIndices
FN:342,isMoveAvailable
FN:354,bearOffAllowed
FN:357,bearOffCountPlayer1
FN:364,bearOffCountPlayer2
FN:371,showBearOff
FN:17,onSelectPoint
FN:30,onSelectPoint
FN:61,onSelectPoint
FN:74,onSelectPoint
FN:90,__vite_ssr_import_3__.createElementBlock._ctx.showBearOff.__vite_ssr_import_3__.createElementBlock.__vite_ssr_import_3__.createElementVNode.onClick._cache.<computed>._cache.<computed>
FNF:23
FNH:18
FNDA:57,data
FNDA:57,created
FNDA:1,dice
FNDA:0,configuration
FNDA:5,isThereAWinner
FNDA:5,selectPoint
FNDA:2,deselectPoint
FNDA:9,checkDices
FNDA:18,movePiece
FNDA:18,checkMoveValidity
FNDA:26,swapPlayers
FNDA:109,getAllowedPointIndices
FNDA:84,allowedPointIndices
FNDA:57,isMoveAvailable
FNDA:16,bearOffAllowed
FNDA:73,bearOffCountPlayer1
FNDA:68,bearOffCountPlayer2
FNDA:76,showBearOff
FNDA:0,onSelectPoint
FNDA:0,onSelectPoint
FNDA:0,onSelectPoint
FNDA:1,onSelectPoint
FNDA:0,__vite_ssr_import_3__.createElementBlock._ctx.showBearOff.__vite_ssr_import_3__.createElementBlock.__vite_ssr_import_3__.createElementVNode.onClick._cache.<computed>._cache.<computed>
DA:1,59
DA:2,1
DA:3,1
DA:4,1
DA:5,1
DA:6,1
DA:7,1
DA:8,1
DA:9,1
DA:10,1
DA:11,1
DA:12,1
DA:13,1
DA:14,1
DA:15,1
DA:16,1
DA:17,1
DA:18,1
DA:19,1
DA:20,1
DA:21,1
DA:22,1
DA:23,1
DA:24,1
DA:25,1
DA:26,1
DA:27,1
DA:28,1
DA:29,1
DA:30,1
DA:31,1
DA:32,1
DA:33,1
DA:35,1
DA:36,1
DA:37,1
DA:38,1
DA:39,1
DA:41,1
DA:42,1
DA:43,1
DA:44,6
DA:45,1
DA:46,1
DA:48,1
DA:49,1
DA:50,1
DA:51,1
DA:52,1
DA:53,1
DA:54,1
DA:55,1
DA:56,1
DA:57,1
DA:58,1
DA:59,1
DA:60,1
DA:61,1
DA:62,1
DA:63,1
DA:64,1
DA:65,1
DA:66,1
DA:67,1
DA:68,1
DA:69,1
DA:70,1
DA:71,1
DA:72,1
DA:73,1
DA:74,1
DA:75,1
DA:76,1
DA:77,1
DA:78,1
DA:79,1
DA:80,1
DA:81,1
DA:83,1
DA:84,1
DA:85,1
DA:86,1
DA:87,1
DA:88,1
DA:89,1
DA:90,1
DA:92,1
DA:93,1
DA:94,1
DA:95,1
DA:99,1
DA:100,1
DA:101,1
DA:103,1
DA:104,1
DA:105,1
DA:106,1
DA:107,1
DA:108,1
DA:109,1
DA:110,1
DA:111,1
DA:112,1
DA:113,1
DA:114,1
DA:115,1
DA:116,1
DA:117,1
DA:118,1
DA:119,1
DA:120,1
DA:121,1
DA:122,1
DA:123,1
DA:124,1
DA:125,1
DA:126,1
DA:127,1
DA:128,57
DA:130,57
DA:133,57
DA:136,57
DA:139,57
DA:140,57
DA:141,57
DA:142,1
DA:143,57
DA:144,57
DA:145,57
DA:146,57
DA:147,1
DA:148,1
DA:149,1
DA:150,1
DA:151,1
DA:152,1
DA:153,0
DA:154,0
DA:155,1
DA:156,1
DA:160,1
DA:161,5
DA:162,5
DA:163,5
DA:168,1
DA:170,5
DA:171,1
DA:172,1
DA:173,5
DA:174,1
DA:175,5
DA:176,1
DA:177,3
DA:178,1
DA:179,1
DA:180,1
DA:181,1
DA:182,5
DA:186,1
DA:187,2
DA:188,2
DA:189,1
DA:190,9
DA:191,0
DA:192,9
DA:193,9
DA:194,9
DA:195,9
DA:196,9
DA:197,9
DA:198,9
DA:204,1
DA:207,18
DA:210,18
DA:211,2
DA:212,18
DA:213,7
DA:214,7
DA:216,18
DA:217,7
DA:220,7
DA:221,2
DA:222,2
DA:223,2
DA:224,7
DA:227,18
DA:228,14
DA:229,9
DA:230,9
DA:231,5
DA:232,18
DA:234,18
DA:236,18
DA:239,18
DA:242,18
DA:243,6
DA:244,6
DA:245,18
DA:251,1
DA:252,18
DA:253,18
DA:254,14
DA:255,14
DA:256,13
DA:258,12
DA:259,11
DA:261,12
DA:262,10
DA:263,10
DA:264,18
DA:269,1
DA:270,26
DA:273,26
DA:274,624
DA:275,624
DA:276,624
DA:277,624
DA:280,26
DA:283,26
DA:284,26
DA:285,26
DA:287,26
DA:288,26
DA:293,1
DA:294,109
DA:295,109
DA:296,109
DA:297,109
DA:298,109
DA:300,70
DA:301,109
DA:303,2
DA:304,2
DA:305,2
DA:306,39
DA:308,21
DA:309,21
DA:310,21
DA:311,37
DA:313,16
DA:314,16
DA:315,16
DA:317,16
DA:320,16
DA:321,16
DA:322,4
DA:323,16
DA:324,4
DA:325,4
DA:327,16
DA:328,16
DA:329,109
DA:330,1
DA:331,1
DA:336,1
DA:337,84
DA:338,84
DA:342,1
DA:343,57
DA:344,38
DA:345,57
DA:346,0
DA:347,19
DA:348,19
DA:349,19
DA:350,19
DA:351,19
DA:352,19
DA:353,57
DA:354,1
DA:355,16
DA:356,16
DA:357,1
DA:358,73
DA:359,73
DA:360,73
DA:361,73
DA:363,73
DA:364,1
DA:365,68
DA:366,68
DA:367,68
DA:368,68
DA:370,68
DA:371,1
DA:372,76
DA:373,76
DA:374,1
DA:375,1
LF:289
LH:285
BRDA:127,0,0,57
BRDA:142,1,0,57
BRDA:143,2,0,32
BRDA:143,3,0,25
BRDA:145,4,0,51
BRDA:148,5,0,1
BRDA:160,6,0,5
BRDA:161,7,0,0
BRDA:162,8,0,1
BRDA:161,9,0,25
BRDA:162,10,0,28
BRDA:168,11,0,5
BRDA:170,12,0,1
BRDA:172,13,0,4
BRDA:173,14,0,1
BRDA:175,15,0,3
BRDA:175,16,0,1
BRDA:177,17,0,2
BRDA:177,18,0,1
BRDA:186,19,0,2
BRDA:189,20,0,9
BRDA:190,21,0,0
BRDA:204,22,0,18
BRDA:210,23,0,2
BRDA:212,24,0,7
BRDA:214,25,0,9
BRDA:216,26,0,7
BRDA:220,27,0,2
BRDA:224,28,0,9
BRDA:239,29,0,9
BRDA:239,30,0,0
BRDA:242,31,0,9
BRDA:242,32,0,3
BRDA:242,33,0,6
BRDA:227,34,0,14
BRDA:228,35,0,9
BRDA:230,36,0,5
BRDA:251,37,0,18
BRDA:252,38,0,17
BRDA:252,39,0,16
BRDA:252,40,0,15
BRDA:253,41,0,4
BRDA:253,42,0,14
BRDA:254,43,0,3
BRDA:255,44,0,1
BRDA:255,45,0,13
BRDA:256,46,0,1
BRDA:256,47,0,12
BRDA:258,48,0,3
BRDA:258,49,0,11
BRDA:259,50,0,9
BRDA:261,51,0,2
BRDA:261,52,0,10
BRDA:263,53,0,1
BRDA:269,54,0,26
BRDA:273,55,0,624
BRDA:293,56,0,109
BRDA:298,57,0,64
BRDA:298,58,0,70
BRDA:301,59,0,39
BRDA:301,60,0,2
BRDA:306,61,0,37
BRDA:306,62,0,21
BRDA:311,63,0,16
BRDA:321,64,0,4
BRDA:323,65,0,4
BRDA:304,66,0,2
BRDA:305,67,0,2
BRDA:309,68,0,504
BRDA:309,69,0,73
BRDA:309,70,0,431
BRDA:310,71,0,504
BRDA:314,72,0,25
BRDA:314,73,0,0
BRDA:315,74,0,25
BRDA:315,75,0,17
BRDA:321,76,0,96
BRDA:322,77,0,4
BRDA:322,78,0,0
BRDA:336,79,0,84
BRDA:342,80,0,57
BRDA:343,81,0,38
BRDA:345,82,0,19
BRDA:345,83,0,0
BRDA:350,84,0,6
BRDA:354,85,0,16
BRDA:357,86,0,73
BRDA:360,87,0,1752
BRDA:364,88,0,68
BRDA:367,89,0,1632
BRDA:371,90,0,76
BRDA:372,91,0,59
BRDA:3,92,0,57
BRDA:41,93,0,72
BRDA:43,94,0,6
BRDA:44,95,0,71
BRDA:85,96,0,11
BRDA:88,97,0,2
BRDA:88,98,0,14
BRDA:88,99,0,2
BRDA:88,100,0,14
BRDA:90,101,0,11
BRDA:1,102,0,59
BRDA:74,103,0,1
BRF:104
BRH:98
end_of_record
TN:
SF:src/components/NotificationComponent.vue
FNF:0
FNH:0
DA:1,1
DA:2,1
DA:3,1
DA:4,1
DA:8,1
DA:10,1
DA:11,1
DA:12,1
DA:13,1
DA:14,1
DA:15,1
DA:16,1
DA:17,1
DA:18,1
DA:19,1
DA:20,1
DA:21,1
DA:22,1
LF:18
LH:18
BRF:0
BRH:0
end_of_record
TN:
SF:src/components/PointComponent.vue
FN:71,data
FN:75,selectPoint
FN:83,aboveMaxPieces
FNF:3
FNH:3
FNDA:1389,data
FNDA:2,selectPoint
FNDA:458,aboveMaxPieces
DA:1,1
DA:2,1
DA:3,1
DA:4,1
DA:5,1
DA:6,1
DA:7,1
DA:8,1
DA:9,1
DA:10,1
DA:11,1
DA:12,1
DA:13,1
DA:14,1
DA:15,1
DA:16,1
DA:17,7
DA:19,7
DA:20,1
DA:21,1
DA:22,1
DA:24,1
DA:25,1
DA:26,1
DA:27,7
DA:29,7
DA:30,1
DA:31,1
DA:32,1
DA:33,1
DA:34,1
DA:35,1
DA:39,1
DA:42,1
DA:43,1
DA:44,1
DA:45,1
DA:46,1
DA:47,1
DA:48,1
DA:49,1
DA:50,1
DA:51,1
DA:52,1
DA:53,1
DA:54,1
DA:55,1
DA:56,1
DA:57,1
DA:58,1
DA:59,1
DA:60,1
DA:61,1
DA:62,1
DA:63,1
DA:64,1
DA:65,1
DA:66,1
DA:67,1
DA:68,1
DA:69,1
DA:70,1
DA:71,1
DA:72,1389
DA:73,1389
DA:74,1
DA:75,1
DA:76,2
DA:77,2
DA:78,1
DA:79,1
DA:83,1
DA:84,458
DA:85,458
DA:86,1
DA:87,1
LF:76
LH:76
BRDA:71,0,0,1389
BRDA:75,1,0,2
BRDA:83,2,0,458
BRDA:2,3,0,1389
BRDA:3,4,0,760
BRDA:3,5,0,778
BRDA:11,6,0,5
BRDA:11,7,0,1533
BRDA:11,8,0,36
BRDA:11,9,0,1497
BRDA:11,10,0,746
BRDA:11,11,0,751
BRDA:16,12,0,264
BRDA:16,13,0,7
BRDA:26,14,0,232
BRDA:26,15,0,7
BRDA:2,16,0,2
BRF:17
BRH:17
end_of_record
TN:
SF:src/components/QuitModal.vue
FN:18,setup
FNF:1
FNH:0
FNDA:0,setup
DA:1,1
DA:3,1
DA:4,1
DA:5,1
DA:6,1
DA:7,1
DA:8,1
DA:9,1
DA:10,1
DA:11,1
DA:12,1
DA:17,1
DA:18,1
DA:19,0
DA:20,0
DA:21,0
DA:22,0
DA:23,0
DA:24,0
DA:25,0
DA:26,0
DA:27,0
DA:28,0
DA:29,1
DA:30,1
LF:25
LH:15
BRF:0
BRH:0
end_of_record
TN:
SF:src/components/TournamentForm.vue
FN:61,setup
FN:69,data
FN:94,createTournament
FN:100,fetchUsers
FN:121,selectUser
FN:129,allowCreation
FN:132,filteredUsers
FN:2,__vite_ssr_import_5__.createElementBlock.onSubmit._cache.<computed>._cache.<computed>
FN:3,__vite_ssr_import_5__.createElementBlock.__vite_ssr_import_5__.withDirectives.__vite_ssr_import_5__.createElementVNode.onUpdate:modelValue._cache.<computed>._cache.<computed>
FN:10,__vite_ssr_import_5__.createElementBlock.__vite_ssr_import_5__.createElementVNode.__vite_ssr_import_5__.createElementVNode.__vite_ssr_import_5__.createElementVNode.__vite_ssr_import_5__.withDirectives.__vite_ssr_import_5__.createElementVNode.onUpdate:modelValue._cache.<computed>._cache.<computed>
FN:20,__vite_ssr_import_5__.createElementBlock.__vite_ssr_import_5__.createElementVNode.__vite_ssr_import_5__.withDirectives.__vite_ssr_import_5__.createElementVNode.onUpdate:modelValue._cache.<computed>._cache.<computed>
FN:20,__vite_ssr_import_5__.createElementBlock.__vite_ssr_import_5__.createElementVNode.__vite_ssr_import_5__.withDirectives.__vite_ssr_import_5__.createElementVNode.onClick._cache.<computed>._cache.<computed>
FN:26,__vite_ssr_import_5__.createElementBlock._ctx.openToEveryone.__vite_ssr_import_5__.createElementBlock.__vite_ssr_import_5__.withDirectives.__vite_ssr_import_5__.createElementVNode.onInput._cache.<computed>._cache.<computed>
FN:32,onClick
FN:45,__vite_ssr_import_5__.createElementBlock.__vite_ssr_import_5__.createElementVNode.onClick._cache.<computed>._cache.<computed>
FNF:15
FNH:8
FNDA:16,setup
FNDA:16,data
FNDA:1,createTournament
FNDA:1,fetchUsers
FNDA:1,selectUser
FNDA:30,allowCreation
FNDA:1,filteredUsers
FNDA:1,__vite_ssr_import_5__.createElementBlock.onSubmit._cache.<computed>._cache.<computed>
FNDA:0,__vite_ssr_import_5__.createElementBlock.__vite_ssr_import_5__.withDirectives.__vite_ssr_import_5__.createElementVNode.onUpdate:modelValue._cache.<computed>._cache.<computed>
FNDA:0,__vite_ssr_import_5__.createElementBlock.__vite_ssr_import_5__.createElementVNode.__vite_ssr_import_5__.createElementVNode.__vite_ssr_import_5__.createElementVNode.__vite_ssr_import_5__.withDirectives.__vite_ssr_import_5__.createElementVNode.onUpdate:modelValue._cache.<computed>._cache.<computed>
FNDA:0,__vite_ssr_import_5__.createElementBlock.__vite_ssr_import_5__.createElementVNode.__vite_ssr_import_5__.withDirectives.__vite_ssr_import_5__.createElementVNode.onUpdate:modelValue._cache.<computed>._cache.<computed>
FNDA:0,__vite_ssr_import_5__.createElementBlock.__vite_ssr_import_5__.createElementVNode.__vite_ssr_import_5__.withDirectives.__vite_ssr_import_5__.createElementVNode.onClick._cache.<computed>._cache.<computed>
FNDA:0,__vite_ssr_import_5__.createElementBlock._ctx.openToEveryone.__vite_ssr_import_5__.createElementBlock.__vite_ssr_import_5__.withDirectives.__vite_ssr_import_5__.createElementVNode.onInput._cache.<computed>._cache.<computed>
FNDA:0,onClick
FNDA:0,__vite_ssr_import_5__.createElementBlock.__vite_ssr_import_5__.createElementVNode.onClick._cache.<computed>._cache.<computed>
DA:1,30
DA:2,1
DA:3,1
DA:4,1
DA:6,1
DA:7,1
DA:8,1
DA:9,1
DA:10,1
DA:11,1
DA:12,1
DA:13,1
DA:14,1
DA:15,1
DA:16,1
DA:17,1
DA:19,1
DA:20,1
DA:21,1
DA:22,1
DA:24,1
DA:25,1
DA:26,1
DA:27,1
DA:28,1
DA:29,1
DA:30,1
DA:31,1
DA:32,1
DA:33,1
DA:34,1
DA:35,1
DA:36,1
DA:38,1
DA:39,1
DA:40,1
DA:41,1
DA:42,1
DA:43,1
DA:45,1
DA:46,1
DA:47,1
DA:48,1
DA:52,1
DA:53,1
DA:54,1
DA:55,1
DA:56,1
DA:58,1
DA:59,1
DA:60,1
DA:61,1
DA:62,16
DA:63,16
DA:64,16
DA:65,16
DA:66,16
DA:67,16
DA:68,16
DA:69,1
DA:70,16
DA:71,16
DA:72,16
DA:73,16
DA:74,16
DA:75,16
DA:76,16
DA:77,16
DA:78,16
DA:79,16
DA:80,1
DA:81,1
DA:86,0
DA:87,0
DA:88,0
DA:89,0
DA:90,0
DA:91,0
DA:92,0
DA:93,1
DA:94,1
DA:95,1
DA:97,1
DA:98,1
DA:99,1
DA:100,1
DA:101,1
DA:102,1
DA:103,1
DA:104,1
DA:105,1
DA:106,1
DA:107,1
DA:108,0
DA:109,0
DA:110,1
DA:111,0
DA:112,0
DA:113,0
DA:114,0
DA:115,1
DA:116,1
DA:117,0
DA:118,0
DA:119,0
DA:120,1
DA:121,1
DA:122,1
DA:123,1
DA:124,1
DA:125,1
DA:126,1
DA:127,1
DA:128,1
DA:129,1
DA:130,30
DA:131,30
DA:132,1
DA:134,1
DA:135,2
DA:136,2
DA:137,1
DA:138,1
DA:139,1
DA:140,1
LF:125
LH:109
BRDA:61,0,0,16
BRDA:64,1,0,16
BRDA:69,2,0,16
BRDA:94,3,0,1
BRDA:100,4,0,1
BRDA:107,5,0,0
BRDA:110,6,0,0
BRDA:116,7,0,0
BRDA:106,8,0,2
BRDA:121,9,0,1
BRDA:129,10,0,30
BRDA:130,11,0,28
BRDA:132,12,0,1
BRDA:134,13,0,2
BRDA:136,14,0,2
BRDA:2,15,0,16
BRDA:3,16,0,16
BRDA:10,17,0,16
BRDA:20,18,0,16
BRDA:20,19,0,16
BRDA:21,20,0,16
BRDA:26,21,0,16
BRDA:28,22,0,16
BRDA:1,23,0,28
BRDA:1,24,0,2
BRDA:38,25,0,29
BRDA:1,26,0,30
BRDA:45,27,0,16
BRDA:2,28,0,1
BRF:29
BRH:26
end_of_record
TN:
SF:src/components/TournamentLists.vue
FN:53,setup
FN:59,getAvailableTournaments
FN:76,closeOverlay
FN:80,selectTournament
FN:85,joinTournament
FN:100,data
FN:8,onClick
FN:18,onClick
FN:36,__vite_ssr_import_4__.createElementBlock._ctx.showOverlay.__vite_ssr_import_4__.createElementBlock.__vite_ssr_import_4__.createElementVNode.__vite_ssr_import_4__.createElementVNode.__vite_ssr_import_4__.createElementVNode.onClick._cache.<computed>._cache.<computed>
FNF:9
FNH:5
FNDA:6,setup
FNDA:6,getAvailableTournaments
FNDA:0,closeOverlay
FNDA:1,selectTournament
FNDA:0,joinTournament
FNDA:6,data
FNDA:1,onClick
FNDA:0,onClick
FNDA:0,__vite_ssr_import_4__.createElementBlock._ctx.showOverlay.__vite_ssr_import_4__.createElementBlock.__vite_ssr_import_4__.createElementVNode.__vite_ssr_import_4__.createElementVNode.__vite_ssr_import_4__.createElementVNode.onClick._cache.<computed>._cache.<computed>
DA:1,9
DA:2,1
DA:3,1
DA:4,1
DA:5,1
DA:6,1
DA:7,1
DA:8,1
DA:9,1
DA:10,1
DA:11,1
DA:13,1
DA:14,1
DA:15,1
DA:16,1
DA:17,1
DA:18,1
DA:19,1
DA:20,1
DA:21,1
DA:22,1
DA:24,1
DA:25,1
DA:26,1
DA:27,1
DA:28,1
DA:29,1
DA:30,1
DA:31,1
DA:32,1
DA:33,1
DA:34,1
DA:35,1
DA:36,1
DA:37,1
DA:38,1
DA:39,1
DA:44,1
DA:45,1
DA:47,1
DA:48,1
DA:50,1
DA:51,1
DA:52,1
DA:53,1
DA:54,6
DA:55,6
DA:56,6
DA:57,6
DA:59,6
DA:60,6
DA:61,6
DA:62,6
DA:63,6
DA:64,6
DA:65,6
DA:66,2
DA:67,2
DA:68,2
DA:69,2
DA:70,6
DA:72,6
DA:73,6
DA:74,6
DA:76,6
DA:77,0
DA:78,0
DA:80,6
DA:81,1
DA:82,1
DA:83,1
DA:85,6
DA:86,0
DA:87,0
DA:88,0
DA:89,0
DA:90,0
DA:91,0
DA:92,0
DA:93,0
DA:94,0
DA:95,0
DA:96,0
DA:98,6
DA:99,6
DA:100,1
DA:101,6
DA:102,6
DA:103,6
DA:104,1
DA:106,1
DA:107,1
LF:92
LH:79
BRDA:53,0,0,6
BRDA:59,1,0,6
BRDA:62,2,0,3
BRDA:64,3,0,3
BRDA:65,4,0,2
BRDA:67,5,0,0
BRDA:63,6,0,6
BRDA:64,7,0,6
BRDA:72,8,0,6
BRDA:73,9,0,5
BRDA:80,10,0,1
BRDA:100,11,0,6
BRDA:5,12,0,7
BRDA:15,13,0,9
BRDA:32,14,0,0
BRDA:33,15,0,0
BRDA:36,16,0,0
BRDA:1,17,0,9
BRDA:8,18,0,1
BRF:19
BRH:15
end_of_record
TN:
SF:src/components/TournamentVisualizer.vue
FN:43,data
FN:57,sortedStats
FNF:2
FNH:2
FNDA:3,data
FNDA:2,sortedStats
DA:1,0
DA:2,1
DA:3,1
DA:4,1
DA:5,1
DA:6,1
DA:8,2
DA:9,1
DA:10,1
DA:11,1
DA:12,1
DA:13,1
DA:14,1
DA:15,1
DA:16,1
DA:17,1
DA:18,1
DA:19,1
DA:20,1
DA:21,1
DA:22,1
DA:23,1
DA:24,1
DA:25,1
DA:26,1
DA:27,1
DA:28,1
DA:29,1
DA:30,1
DA:31,1
DA:32,1
DA:33,1
DA:34,1
DA:38,1
DA:41,1
DA:42,1
DA:43,1
DA:45,3
DA:46,1
DA:47,1
DA:48,1
DA:49,1
DA:50,1
DA:51,1
DA:52,1
DA:53,1
DA:55,1
DA:56,1
DA:57,1
DA:58,2
DA:59,4
DA:60,2
DA:61,2
DA:62,2
DA:63,2
DA:64,2
DA:65,1
DA:66,1
LF:58
LH:57
BRDA:43,0,0,3
BRDA:57,1,0,2
BRDA:58,2,0,4
BRDA:59,3,0,2
BRDA:6,4,0,2
BRDA:1,5,0,0
BRF:6
BRH:5
end_of_record
TN:
SF:src/components/__tests__/Board.test.ts
FN:428,setup_wrapper
FN:461,test_piece_on_board
FNF:2
FNH:2
FNDA:3,setup_wrapper
FNDA:2,test_piece_on_board
DA:1,1
DA:2,1
DA:3,1
DA:4,1
DA:5,1
DA:6,1
DA:7,1
DA:9,1
DA:10,1
DA:12,1
DA:13,1
DA:14,1
DA:15,1
DA:17,1
DA:18,33
DA:19,33
DA:21,1
DA:22,1
DA:24,1
DA:25,4
DA:26,4
DA:27,4
DA:28,4
DA:29,4
DA:30,4
DA:31,4
DA:32,1
DA:34,1
DA:35,1
DA:36,1
DA:38,1
DA:39,1
DA:40,1
DA:41,1
DA:43,1
DA:44,1
DA:45,1
DA:46,1
DA:47,1
DA:49,1
DA:50,1
DA:51,1
DA:52,1
DA:53,1
DA:55,1
DA:56,1
DA:58,1
DA:59,4
DA:60,4
DA:61,4
DA:62,4
DA:63,4
DA:64,4
DA:65,4
DA:66,1
DA:68,1
DA:69,1
DA:70,1
DA:72,1
DA:73,1
DA:74,1
DA:76,1
DA:77,1
DA:78,1
DA:79,1
DA:81,1
DA:82,1
DA:83,1
DA:85,1
DA:86,1
DA:87,1
DA:89,1
DA:90,1
DA:91,1
DA:93,1
DA:94,1
DA:95,1
DA:96,1
DA:97,1
DA:99,1
DA:100,1
DA:102,1
DA:103,2
DA:106,2
DA:107,2
DA:108,2
DA:111,2
DA:113,2
DA:114,2
DA:115,2
DA:116,2
DA:117,2
DA:118,2
DA:119,2
DA:120,1
DA:122,1
DA:123,1
DA:124,1
DA:126,1
DA:127,1
DA:128,1
DA:130,1
DA:131,1
DA:134,1
DA:135,1
DA:136,1
DA:137,1
DA:138,1
DA:139,1
DA:140,1
DA:141,1
DA:142,1
DA:143,1
DA:144,1
DA:145,1
DA:148,1
DA:149,1
DA:150,1
DA:151,1
DA:152,1
DA:153,1
DA:154,1
DA:155,1
DA:156,1
DA:157,1
DA:158,1
DA:159,1
DA:162,1
DA:163,1
DA:164,1
DA:165,1
DA:166,1
DA:167,1
DA:168,1
DA:169,1
DA:170,1
DA:171,1
DA:172,1
DA:173,1
DA:174,1
DA:175,1
DA:177,1
DA:178,1
DA:180,1
DA:181,6
DA:182,6
DA:183,6
DA:184,6
DA:185,6
DA:186,6
DA:187,6
DA:188,1
DA:190,1
DA:191,1
DA:192,1
DA:193,1
DA:194,1
DA:195,1
DA:196,1
DA:197,1
DA:198,1
DA:199,1
DA:200,1
DA:202,1
DA:203,1
DA:205,1
DA:207,1
DA:208,1
DA:209,24
DA:210,24
DA:212,1
DA:213,1
DA:215,1
DA:216,1
DA:217,1
DA:219,1
DA:221,1
DA:223,1
DA:224,1
DA:226,1
DA:227,1
DA:228,1
DA:230,1
DA:232,1
DA:233,1
DA:235,1
DA:236,1
DA:237,1
DA:238,1
DA:239,1
DA:240,1
DA:242,1
DA:243,1
DA:245,1
DA:246,1
DA:248,1
DA:249,1
DA:251,1
DA:253,1
DA:254,1
DA:256,1
DA:257,1
DA:259,1
DA:261,1
DA:262,1
DA:263,1
DA:265,1
DA:266,1
DA:268,1
DA:269,10
DA:270,10
DA:271,10
DA:272,10
DA:273,10
DA:274,10
DA:275,10
DA:276,1
DA:278,1
DA:279,1
DA:280,1
DA:282,1
DA:283,1
DA:285,1
DA:286,1
DA:287,1
DA:288,1
DA:290,1
DA:291,1
DA:292,1
DA:294,1
DA:295,1
DA:297,1
DA:299,1
DA:300,1
DA:301,1
DA:302,1
DA:304,1
DA:305,1
DA:306,1
DA:307,1
DA:308,1
DA:309,1
DA:311,1
DA:312,1
DA:313,1
DA:314,1
DA:315,1
DA:316,1
DA:318,1
DA:319,1
DA:320,1
DA:321,1
DA:322,1
DA:323,1
DA:325,1
DA:326,1
DA:327,1
DA:328,1
DA:329,1
DA:330,1
DA:332,1
DA:333,1
DA:334,1
DA:335,1
DA:336,1
DA:338,1
DA:339,1
DA:340,1
DA:342,1
DA:343,1
DA:344,1
DA:345,1
DA:346,1
DA:347,1
DA:349,1
DA:350,1
DA:351,1
DA:352,1
DA:354,1
DA:355,1
DA:356,1
DA:358,1
DA:359,1
DA:360,1
DA:361,1
DA:362,1
DA:363,1
DA:365,1
DA:366,1
DA:367,1
DA:368,1
DA:369,1
DA:370,1
DA:371,1
DA:374,1
DA:375,1
DA:376,1
DA:377,1
DA:378,1
DA:379,1
DA:380,1
DA:381,1
DA:382,1
DA:383,1
DA:385,1
DA:386,1
DA:387,1
DA:388,1
DA:390,1
DA:392,1
DA:393,1
DA:394,1
DA:395,1
DA:397,1
DA:398,1
DA:399,1
DA:400,1
DA:401,1
DA:402,1
DA:404,1
DA:405,1
DA:406,1
DA:407,1
DA:408,1
DA:409,1
DA:410,1
DA:411,1
DA:413,1
DA:414,1
DA:415,1
DA:417,1
DA:418,1
DA:419,1
DA:420,1
DA:421,1
DA:422,1
DA:424,1
DA:425,1
DA:426,1
DA:428,1
DA:429,3
DA:430,3
DA:431,3
DA:432,3
DA:434,1
DA:435,1
DA:436,1
DA:437,1
DA:438,1
DA:439,1
DA:440,1
DA:441,1
DA:443,1
DA:444,1
DA:445,1
DA:446,1
DA:448,1
DA:449,1
DA:450,1
DA:451,1
DA:452,1
DA:453,1
DA:454,1
DA:456,1
DA:457,1
DA:458,1
DA:459,1
DA:461,1
DA:462,2
DA:463,2
DA:464,2
DA:465,2
DA:466,2
DA:467,2
DA:469,2
DA:470,2
DA:471,2
DA:472,2
DA:474,1
DA:475,1
DA:476,1
DA:477,1
DA:478,1
LF:383
LH:383
BRDA:12,0,0,1
BRDA:17,1,0,33
BRDA:21,2,0,1
BRDA:24,3,0,4
BRDA:34,4,0,1
BRDA:38,5,0,1
BRDA:43,6,0,1
BRDA:45,7,0,24
BRDA:49,8,0,1
BRDA:55,9,0,1
BRDA:58,10,0,4
BRDA:68,11,0,1
BRDA:76,12,0,1
BRDA:78,13,0,24
BRDA:78,14,0,82
BRDA:79,15,0,24
BRDA:79,16,0,78
BRDA:85,17,0,1
BRDA:93,18,0,1
BRDA:99,19,0,1
BRDA:102,20,0,2
BRDA:122,21,0,1
BRDA:130,22,0,1
BRDA:177,23,0,1
BRDA:180,24,0,6
BRDA:190,25,0,1
BRDA:208,26,0,24
BRDA:215,27,0,1
BRDA:226,28,0,1
BRDA:235,29,0,1
BRDA:248,30,0,1
BRDA:256,31,0,1
BRDA:265,32,0,1
BRDA:268,33,0,10
BRDA:278,34,0,1
BRDA:290,35,0,1
BRDA:304,36,0,1
BRDA:318,37,0,1
BRDA:332,38,0,1
BRDA:342,39,0,1
BRDA:343,40,0,1
BRDA:344,41,0,1
BRDA:345,42,0,1
BRDA:346,43,0,1
BRDA:349,44,0,1
BRDA:351,45,0,1
BRDA:354,46,0,1
BRDA:355,47,0,1
BRDA:358,48,0,1
BRDA:360,49,0,1
BRDA:362,50,0,1
BRDA:365,51,0,1
BRDA:369,52,0,1
BRDA:374,53,0,1
BRDA:375,54,0,1
BRDA:385,55,0,24
BRDA:386,56,0,24
BRDA:392,57,0,24
BRDA:393,58,0,24
BRDA:404,59,0,1
BRDA:413,60,0,1
BRDA:417,61,0,1
BRDA:428,62,0,3
BRDA:434,63,0,1
BRDA:448,64,0,1
BRDA:456,65,0,1
BRDA:461,66,0,2
BRDA:474,67,0,1
BRF:68
BRH:68
end_of_record
TN:
SF:src/components/__tests__/DieFace.test.ts
FNF:0
FNH:0
DA:1,1
DA:2,1
DA:3,1
DA:5,1
DA:6,1
DA:7,1
DA:8,1
DA:9,1
DA:10,1
DA:11,1
DA:12,1
DA:13,1
DA:15,1
DA:16,1
DA:17,1
DA:18,1
DA:19,1
DA:20,1
DA:21,1
DA:22,1
DA:23,1
DA:25,1
DA:26,1
DA:27,1
DA:28,1
DA:29,1
DA:30,1
DA:31,1
DA:32,1
DA:33,1
DA:34,1
DA:36,1
DA:37,1
DA:38,1
DA:39,1
DA:40,1
DA:41,1
DA:42,1
DA:43,1
DA:44,1
DA:45,1
DA:46,1
DA:48,1
DA:49,1
DA:50,1
DA:51,1
DA:52,1
DA:53,1
DA:54,1
DA:55,1
DA:56,1
DA:57,1
DA:58,1
DA:59,1
DA:61,1
DA:62,1
DA:63,1
DA:64,1
DA:65,1
DA:66,1
DA:67,1
DA:68,1
DA:69,1
DA:70,1
DA:71,1
DA:72,1
DA:73,1
DA:74,1
LF:68
LH:68
BRDA:5,0,0,1
BRDA:6,1,0,1
BRDA:15,2,0,1
BRDA:25,3,0,1
BRDA:36,4,0,1
BRDA:48,5,0,1
BRDA:61,6,0,1
BRF:7
BRH:7
end_of_record
TN:
SF:src/components/__tests__/ErrorContainer.test.ts
FNF:0
FNH:0
DA:1,1
DA:2,1
DA:3,1
DA:4,1
DA:5,1
DA:6,1
DA:8,1
DA:9,1
DA:11,1
DA:12,1
DA:13,1
DA:15,1
DA:16,1
DA:17,1
DA:18,1
DA:20,1
DA:22,1
DA:23,1
DA:24,1
DA:25,1
DA:26,1
DA:27,1
LF:22
LH:22
BRDA:8,0,0,1
BRDA:11,1,0,1
BRDA:15,2,0,1
BRF:3
BRH:3
end_of_record
TN:
SF:src/components/__tests__/NotificationComponent.test.ts
FNF:0
FNH:0
DA:1,1
DA:2,1
DA:3,1
DA:5,1
DA:6,1
DA:7,1
DA:8,1
DA:9,1
DA:10,1
DA:11,1
DA:12,1
DA:14,1
DA:15,1
DA:16,1
DA:17,1
DA:18,1
DA:19,1
DA:20,1
DA:21,1
LF:19
LH:19
BRDA:5,0,0,1
BRDA:6,1,0,1
BRDA:14,2,0,1
BRF:3
BRH:3
end_of_record
TN:
SF:src/components/__tests__/Point.test.ts
FNF:0
FNH:0
DA:1,1
DA:2,1
DA:3,1
DA:5,1
DA:6,1
DA:7,1
DA:8,1
DA:9,1
DA:10,1
DA:11,1
DA:12,1
DA:13,1
DA:15,1
DA:16,1
DA:17,1
DA:19,1
DA:20,1
DA:21,1
DA:22,1
DA:23,1
DA:24,1
DA:25,1
DA:26,1
DA:28,1
DA:29,1
DA:30,1
DA:31,1
DA:32,1
DA:34,1
DA:35,1
DA:36,1
DA:37,1
DA:38,1
DA:39,1
DA:40,1
DA:41,1
DA:43,1
DA:44,1
DA:46,1
DA:47,1
DA:48,1
DA:49,1
DA:50,1
DA:51,1
DA:52,1
DA:53,1
DA:55,1
DA:56,1
DA:57,1
DA:59,1
DA:60,1
DA:61,1
DA:62,1
DA:63,1
DA:64,1
DA:65,1
DA:66,1
DA:68,1
DA:69,1
DA:70,1
DA:72,1
DA:73,1
DA:74,1
DA:76,1
DA:77,10
DA:78,10
DA:79,10
DA:80,10
DA:81,10
DA:82,10
DA:83,10
DA:84,10
DA:86,10
DA:87,10
DA:88,5
DA:89,5
DA:90,5
DA:91,5
DA:92,10
DA:94,1
DA:95,1
DA:96,1
DA:97,1
DA:99,1
DA:100,1
DA:101,1
DA:102,1
DA:103,1
DA:104,1
DA:105,1
DA:107,1
DA:109,1
DA:110,4
DA:111,4
DA:112,4
DA:113,4
DA:114,4
DA:115,4
DA:116,4
DA:117,4
DA:118,4
DA:120,4
DA:121,4
DA:122,4
DA:123,4
DA:124,1
DA:126,1
DA:127,1
DA:128,1
DA:129,1
DA:130,1
DA:131,1
DA:133,1
DA:134,1
DA:135,1
DA:136,1
DA:137,1
DA:138,1
DA:139,1
DA:140,1
DA:141,1
DA:142,1
DA:144,1
DA:146,1
DA:147,1
DA:149,1
DA:150,1
DA:152,1
DA:153,1
DA:154,1
DA:155,1
DA:156,1
DA:157,1
DA:158,1
DA:159,1
DA:161,1
DA:162,1
DA:163,1
DA:164,1
LF:139
LH:139
BRDA:5,0,0,1
BRDA:6,1,0,1
BRDA:19,2,0,1
BRDA:34,3,0,1
BRDA:46,4,0,1
BRDA:59,5,0,1
BRDA:72,6,0,1
BRDA:76,7,0,10
BRDA:87,8,0,5
BRDA:99,9,0,1
BRDA:109,10,0,4
BRDA:133,11,0,1
BRDA:134,12,0,1
BRDA:152,13,0,1
BRF:14
BRH:14
end_of_record
TN:
SF:src/components/__tests__/TournamentForm.test.ts
FNF:0
FNH:0
DA:1,1
DA:3,1
DA:12,1
DA:13,1
DA:14,1
DA:16,1
DA:17,8
DA:18,8
DA:19,1
DA:21,1
DA:22,1
DA:23,1
DA:24,1
DA:25,1
DA:26,1
DA:27,1
DA:28,1
DA:30,1
DA:31,1
DA:32,1
DA:33,1
DA:34,1
DA:35,1
DA:36,1
DA:38,1
DA:39,1
DA:40,1
DA:41,1
DA:42,1
DA:44,1
DA:45,1
DA:46,1
DA:47,1
DA:48,1
DA:50,1
DA:51,1
DA:52,1
DA:53,1
DA:54,1
DA:55,1
DA:56,1
DA:58,1
DA:59,1
DA:60,1
DA:61,1
DA:63,1
DA:64,1
DA:65,1
DA:66,1
DA:68,1
DA:69,1
DA:70,1
DA:71,1
DA:72,1
DA:73,1
DA:74,1
DA:75,1
DA:76,1
DA:78,1
DA:79,1
DA:80,1
DA:81,1
DA:83,1
DA:84,1
DA:85,1
DA:86,1
DA:87,1
DA:88,1
DA:90,1
DA:91,1
DA:92,1
DA:93,1
DA:94,1
LF:73
LH:73
BRDA:12,0,0,1
BRDA:16,1,0,8
BRDA:21,2,0,1
BRDA:30,3,0,1
BRDA:38,4,0,1
BRDA:44,5,0,1
BRDA:50,6,0,1
BRDA:58,7,0,1
BRDA:68,8,0,1
BRDA:78,9,0,1
BRF:10
BRH:10
end_of_record
TN:
SF:src/components/__tests__/TournamentLists.test.ts
FNF:0
FNH:0
DA:1,1
DA:2,1
DA:3,1
DA:4,1
DA:5,1
DA:6,1
DA:8,1
DA:9,1
DA:10,1
DA:12,1
DA:13,1
DA:14,1
DA:15,1
DA:17,1
DA:18,5
DA:19,1
DA:20,1
DA:22,1
DA:24,1
DA:25,1
DA:26,1
DA:27,1
DA:29,1
DA:30,1
DA:31,1
DA:32,1
DA:33,1
DA:35,1
DA:36,1
DA:38,1
DA:39,1
DA:40,1
DA:41,1
DA:43,1
DA:44,1
DA:45,1
DA:46,1
DA:47,1
DA:49,1
DA:50,1
DA:51,1
DA:52,1
DA:53,1
DA:54,1
DA:55,1
DA:56,1
DA:57,1
DA:59,1
DA:60,1
DA:61,1
DA:62,1
DA:63,1
DA:64,1
DA:65,1
DA:66,1
DA:67,1
DA:69,1
DA:70,1
DA:71,1
DA:73,1
DA:74,1
DA:75,1
DA:76,1
DA:78,1
DA:79,1
DA:80,1
DA:81,1
DA:82,1
LF:68
LH:68
BRDA:8,0,0,1
BRDA:12,1,0,1
BRDA:17,2,0,5
BRDA:20,3,0,1
BRDA:35,4,0,1
BRDA:49,5,0,1
BRDA:59,6,0,1
BRDA:69,7,0,1
BRF:8
BRH:8
end_of_record
TN:
SF:src/components/__tests__/TournamentVisualizer.test.ts
FNF:0
FNH:0
DA:1,1
DA:2,1
DA:4,1
DA:5,1
DA:7,1
DA:9,1
DA:10,1
DA:11,1
DA:12,1
DA:13,1
DA:14,1
DA:16,1
DA:17,1
DA:19,1
DA:20,1
DA:21,1
DA:22,1
DA:23,1
DA:24,1
DA:26,1
DA:27,1
DA:28,1
DA:29,1
DA:30,1
DA:31,1
DA:32,1
DA:33,1
LF:27
LH:27
BRDA:7,0,0,1
BRDA:9,1,0,1
BRF:2
BRH:2
end_of_record
TN:
SF:src/models/BoardConfiguration.ts
FN:5,PointConfiguration
FN:43,BoardConfiguration
FNF:2
FNH:2
FNDA:802,PointConfiguration
FNDA:77,BoardConfiguration
DA:1,1
DA:5,1
DA:6,802
DA:7,802
DA:8,802
DA:9,1
DA:12,1
DA:13,1
DA:14,1
DA:15,1
DA:16,1
DA:17,1
DA:18,1
DA:19,1
DA:20,1
DA:21,1
DA:22,1
DA:23,1
DA:24,1
DA:25,1
DA:26,1
DA:27,1
DA:28,1
DA:29,1
DA:30,1
DA:31,1
DA:32,1
DA:33,1
DA:34,1
DA:35,1
DA:36,1
DA:37,1
DA:39,1
DA:43,1
DA:44,77
DA:45,77
DA:46,77
DA:47,1
LF:38
LH:38
BRDA:5,0,0,802
BRDA:43,1,0,77
BRDA:44,2,0,63
BRDA:45,3,0,63
BRF:4
BRH:4
end_of_record
TN:
SF:src/models/Match.ts
FN:24,Match
FNF:1
FNH:1
FNDA:1,Match
DA:1,1
DA:3,1
DA:24,1
DA:25,1
DA:26,1
DA:27,1
DA:28,1
DA:29,1
DA:30,1
DA:31,1
DA:32,1
DA:33,1
DA:34,1
DA:35,1
DA:36,1
DA:37,1
DA:38,1
DA:39,1
DA:40,1
DA:41,1
DA:42,1
DA:43,1
DA:44,1
DA:45,1
DA:46,1
DA:47,1
DA:48,1
DA:49,1
DA:50,1
DA:51,1
DA:52,1
DA:53,1
DA:54,1
DA:55,1
DA:56,1
LF:35
LH:35
BRDA:24,0,0,1
BRDA:41,1,0,0
BRF:2
BRH:1
end_of_record
TN:
SF:src/models/Tournament.ts
FN:7,TournamentStats
FN:28,Tournament
FNF:2
FNH:1
FNDA:0,TournamentStats
FNDA:6,Tournament
DA:1,1
DA:7,1
DA:8,0
DA:9,0
DA:10,0
DA:11,0
DA:12,0
DA:13,0
DA:14,1
DA:16,1
DA:28,1
DA:29,6
DA:30,6
DA:31,6
DA:32,6
DA:33,6
DA:34,6
DA:35,6
DA:36,6
DA:37,6
DA:38,6
DA:39,6
DA:40,6
DA:41,6
DA:42,6
DA:43,6
DA:44,6
DA:45,6
DA:46,6
DA:47,6
DA:48,6
DA:49,1
LF:32
LH:26
BRDA:28,0,0,6
BRF:1
BRH:1
end_of_record
TN:
SF:src/router/index.ts
FNF:0
FNH:0
DA:1,1
DA:2,1
DA:3,1
DA:4,1
DA:5,1
DA:6,1
DA:7,1
DA:8,1
DA:9,1
DA:10,1
DA:11,1
DA:12,1
DA:14,1
DA:15,1
DA:16,1
DA:17,1
DA:18,1
DA:19,1
DA:20,1
DA:21,1
DA:22,1
DA:23,1
DA:24,1
DA:25,1
DA:26,1
DA:27,1
DA:28,1
DA:29,1
DA:30,1
DA:31,1
DA:32,1
DA:33,1
DA:34,1
DA:35,1
DA:36,1
DA:37,1
DA:38,1
DA:39,1
DA:40,1
DA:41,1
DA:42,1
DA:43,1
DA:44,1
DA:45,1
DA:46,1
DA:47,1
DA:48,1
DA:49,1
DA:50,1
DA:51,1
DA:52,1
DA:53,1
DA:54,1
DA:55,1
DA:56,1
DA:57,1
DA:58,1
DA:59,1
DA:60,1
DA:61,1
DA:62,1
DA:63,1
DA:64,1
DA:65,1
DA:66,1
DA:67,1
DA:68,1
DA:69,1
DA:70,1
DA:71,1
DA:73,1
DA:74,1
DA:75,1
DA:76,1
DA:78,1
DA:79,8
DA:80,3
DA:81,3
DA:82,3
DA:83,0
DA:84,0
DA:85,7
DA:86,5
DA:87,5
DA:88,8
DA:90,1
LF:86
LH:84
BRDA:78,0,0,8
BRDA:79,1,0,7
BRDA:79,2,0,3
BRDA:82,3,0,0
BRDA:85,4,0,5
BRDA:79,5,0,8
BRF:6
BRH:5
end_of_record
TN:
SF:src/services/authService.ts
FN:6,registerOrLogin
FN:23,requestPasswordRecovery
FN:27,resetPassword
FN:31,logout
FN:36,isAuthenticated
FN:40,loginWithGoogle
FNF:6
FNH:5
FNDA:5,registerOrLogin
FNDA:3,requestPasswordRecovery
FNDA:3,resetPassword
FNDA:2,logout
FNDA:3,isAuthenticated
FNDA:0,loginWithGoogle
DA:1,1
DA:6,1
DA:7,5
DA:8,5
DA:9,5
DA:10,5
DA:11,5
DA:12,5
DA:13,5
DA:14,5
DA:15,5
DA:16,5
DA:17,5
DA:18,5
DA:19,5
DA:20,3
DA:21,3
DA:23,1
DA:24,3
DA:25,3
DA:27,1
DA:28,3
DA:29,3
DA:31,1
DA:32,2
DA:33,2
DA:34,2
DA:36,1
DA:37,3
DA:38,3
DA:40,1
DA:41,0
DA:42,0
DA:43,0
DA:44,0
DA:45,0
DA:46,0
DA:47,0
DA:48,0
DA:49,0
DA:50,0
DA:51,0
DA:52,0
DA:53,0
DA:54,0
DA:55,0
DA:56,0
DA:57,0
DA:58,0
DA:59,0
DA:60,0
DA:62,0
DA:63,0
DA:64,0
DA:65,0
DA:66,0
DA:67,0
DA:68,0
DA:69,0
DA:70,0
DA:71,0
DA:72,0
DA:73,0
LF:63
LH:31
BRDA:6,0,0,5
BRDA:17,1,0,4
BRDA:17,2,0,1
BRDA:18,3,0,4
BRDA:18,4,0,1
BRDA:19,5,0,3
BRDA:23,6,0,3
BRDA:27,7,0,3
BRDA:31,8,0,2
BRDA:36,9,0,3
BRF:10
BRH:10
end_of_record
TN:
SF:src/services/gameService.ts
FN:4,updateAISuggestions
FN:10,swapPlayers
FN:31,moveOnBoard
FN:57,findUsedDie
FN:72,checkMoveValidity
FN:96,getAllowedPointIndices
FN:131,doRandomMove
FN:154,isGammon
FN:168,isBackgammon
FN:189,getPiecesSummary
FNF:10
FNH:10
FNDA:2,updateAISuggestions
FNDA:2,swapPlayers
FNDA:5,moveOnBoard
FNDA:3,findUsedDie
FNDA:14,checkMoveValidity
FNDA:16,getAllowedPointIndices
FNDA:3,doRandomMove
FNDA:73,isGammon
FNDA:82,isBackgammon
FNDA:314,getPiecesSummary
DA:1,1
DA:4,1
DA:5,2
DA:6,1
DA:8,1
DA:10,1
DA:11,2
DA:14,2
DA:15,6
DA:16,6
DA:17,6
DA:18,6
DA:21,2
DA:24,2
DA:25,2
DA:26,2
DA:28,2
DA:29,2
DA:31,1
DA:32,5
DA:33,5
DA:34,5
DA:35,5
DA:36,5
DA:37,5
DA:38,5
DA:40,5
DA:41,2
DA:42,5
DA:43,3
DA:44,3
DA:46,5
DA:47,5
DA:50,5
DA:51,1
DA:52,1
DA:53,1
DA:54,5
DA:55,5
DA:57,1
DA:58,3
DA:59,10
DA:60,1
DA:61,1
DA:62,9
DA:63,3
DA:65,3
DA:66,2
DA:67,3
DA:68,1
DA:69,1
DA:70,3
DA:72,1
DA:73,14
DA:74,14
DA:75,14
DA:76,14
DA:77,14
DA:78,14
DA:79,14
DA:80,10
DA:81,10
DA:82,9
DA:84,8
DA:85,7
DA:87,8
DA:88,6
DA:89,1
DA:90,1
DA:91,5
DA:92,0
DA:93,0
DA:94,14
DA:96,1
DA:97,16
DA:98,16
DA:99,16
DA:100,16
DA:101,16
DA:103,1
DA:104,16
DA:106,4
DA:107,4
DA:108,4
DA:109,15
DA:111,3
DA:112,11
DA:115,8
DA:116,8
DA:117,8
DA:120,8
DA:121,8
DA:122,1
DA:123,8
DA:124,1
DA:125,1
DA:127,8
DA:128,8
DA:129,16
DA:131,1
DA:133,3
DA:135,3
DA:136,2
DA:137,2
DA:138,2
DA:139,2
DA:140,2
DA:141,2
DA:142,2
DA:144,1
DA:145,1
DA:154,1
DA:155,73
DA:156,73
DA:158,73
DA:159,73
DA:168,1
DA:169,82
DA:170,82
DA:172,82
DA:173,82
DA:174,11
DA:175,8
DA:177,82
DA:189,1
DA:190,314
DA:191,157
DA:192,157
DA:193,157
DA:195,157
DA:196,157
DA:197,157
DA:198,157
DA:199,157
DA:201,157
DA:202,157
DA:203,314
LF:137
LH:135
BRDA:4,0,0,2
BRDA:5,1,0,1
BRDA:10,2,0,2
BRDA:14,3,0,6
BRDA:31,4,0,5
BRDA:40,5,0,2
BRDA:42,6,0,3
BRDA:50,7,0,1
BRDA:57,8,0,3
BRDA:65,9,0,1
BRDA:65,10,0,2
BRDA:67,11,0,1
BRDA:58,12,0,10
BRDA:59,13,0,3
BRDA:59,14,0,1
BRDA:61,15,0,9
BRDA:72,16,0,14
BRDA:78,17,0,13
BRDA:78,18,0,12
BRDA:78,19,0,11
BRDA:79,20,0,4
BRDA:79,21,0,10
BRDA:80,22,0,3
BRDA:81,23,0,1
BRDA:81,24,0,9
BRDA:82,25,0,1
BRDA:82,26,0,8
BRDA:84,27,0,3
BRDA:84,28,0,7
BRDA:85,29,0,5
BRDA:87,30,0,2
BRDA:87,31,0,6
BRDA:88,32,0,1
BRDA:90,33,0,5
BRDA:91,34,0,0
BRDA:96,35,0,16
BRDA:101,36,0,15
BRDA:101,37,0,1
BRDA:104,38,0,15
BRDA:104,39,0,4
BRDA:109,40,0,11
BRDA:109,41,0,3
BRDA:112,42,0,8
BRDA:121,43,0,1
BRDA:123,44,0,1
BRDA:107,45,0,4
BRDA:108,46,0,4
BRDA:111,47,0,72
BRDA:111,48,0,2
BRDA:111,49,0,70
BRDA:111,50,0,72
BRDA:116,51,0,8
BRDA:116,52,0,0
BRDA:117,53,0,8
BRDA:117,54,0,7
BRDA:121,55,0,64
BRDA:122,56,0,1
BRDA:122,57,0,0
BRDA:131,58,0,3
BRDA:133,59,0,1
BRDA:133,60,0,2
BRDA:135,61,0,2
BRDA:142,62,0,1
BRDA:154,63,0,73
BRDA:158,64,0,6
BRDA:168,65,0,82
BRDA:173,66,0,11
BRDA:174,67,0,8
BRDA:189,68,0,314
BRDA:190,69,0,157
BRDA:191,70,0,3768
BRDA:193,71,0,942
BRDA:197,72,0,3768
BRDA:199,73,0,942
BRF:74
BRH:71
end_of_record
TN:
SF:src/services/invitesService.ts
FN:6,sendInviteService
FN:22,receiveInviteService
FN:39,acceptInviteService
FN:52,getRandomOpponentService
FN:70,getGoogleContactsEmails
FNF:5
FNH:5
FNDA:1,sendInviteService
FNDA:3,receiveInviteService
FNDA:3,acceptInviteService
FNDA:2,getRandomOpponentService
FNDA:3,getGoogleContactsEmails
DA:1,1
DA:6,1
DA:7,1
DA:8,1
DA:9,1
DA:10,1
DA:11,1
DA:12,1
DA:13,1
DA:14,0
DA:15,0
DA:16,0
DA:17,0
DA:18,0
DA:19,0
DA:20,1
DA:22,1
DA:23,3
DA:24,3
DA:25,3
DA:26,2
DA:27,2
DA:28,1
DA:29,1
DA:30,1
DA:31,1
DA:32,1
DA:33,0
DA:34,0
DA:35,1
DA:36,2
DA:37,3
DA:39,1
DA:40,3
DA:41,3
DA:42,2
DA:43,1
DA:44,1
DA:45,1
DA:46,1
DA:47,0
DA:48,0
DA:49,1
DA:50,3
DA:52,1
DA:53,2
DA:54,2
DA:57,2
DA:59,2
DA:60,1
DA:61,1
DA:63,1
DA:64,1
DA:65,1
DA:66,1
DA:67,2
DA:70,1
DA:71,3
DA:72,3
DA:73,1
DA:74,1
DA:75,1
DA:76,1
DA:77,1
DA:78,1
DA:79,1
DA:80,1
DA:81,1
DA:82,2
DA:83,1
DA:84,1
DA:85,2
DA:86,2
LF:73
LH:63
BRDA:6,0,0,1
BRDA:13,1,0,0
BRDA:22,2,0,3
BRDA:25,3,0,2
BRDA:27,4,0,1
BRDA:32,5,0,0
BRDA:39,6,0,3
BRDA:41,7,0,2
BRDA:42,8,0,1
BRDA:46,9,0,0
BRDA:52,10,0,2
BRDA:59,11,0,1
BRDA:57,12,0,4
BRDA:57,13,0,4
BRDA:70,14,0,3
BRDA:72,15,0,2
BRDA:72,16,0,1
BRDA:81,17,0,2
BRDA:82,18,0,2
BRF:19
BRH:16
end_of_record
TN:
SF:src/services/ratingService.ts
FN:5,getTop5AndMe
FN:18,getTop5AndMeGoogle
FNF:2
FNH:2
FNDA:5,getTop5AndMe
FNDA:1,getTop5AndMeGoogle
DA:1,1
DA:5,1
DA:6,5
DA:7,5
DA:8,4
DA:9,5
DA:10,1
DA:11,1
DA:12,1
DA:13,0
DA:14,0
DA:15,1
DA:16,5
DA:18,1
DA:19,1
DA:20,1
DA:21,1
DA:22,1
DA:23,1
DA:24,1
DA:25,0
DA:26,0
DA:27,0
DA:28,0
DA:29,0
DA:30,0
DA:31,1
LF:27
LH:19
BRDA:5,0,0,5
BRDA:7,1,0,4
BRDA:9,2,0,1
BRDA:12,3,0,0
BRDA:18,4,0,1
BRDA:24,5,0,0
BRF:6
BRH:4
end_of_record
TN:
SF:src/services/tournamentService.ts
FN:5,createTournament
FN:21,checkCreatedTournamentExists
FN:26,fetchActiveTournament
FN:40,fetchConcludedTournaments
FNF:4
FNH:4
FNDA:2,createTournament
FNDA:9,checkCreatedTournamentExists
FNDA:2,fetchActiveTournament
FNDA:10,fetchConcludedTournaments
DA:1,1
DA:5,1
DA:6,2
DA:7,2
DA:8,2
DA:9,2
DA:10,1
DA:11,1
DA:12,1
DA:13,1
DA:14,1
DA:15,0
DA:16,0
DA:17,1
DA:18,1
DA:19,2
DA:21,1
DA:22,9
DA:23,1
DA:24,1
DA:26,1
DA:27,2
DA:28,2
DA:29,1
DA:30,1
DA:31,1
DA:32,1
DA:33,1
DA:34,0
DA:35,0
DA:36,1
DA:37,1
DA:38,2
DA:40,1
DA:41,10
DA:42,10
DA:43,1
DA:44,1
DA:45,1
DA:46,1
DA:47,1
DA:48,0
DA:49,0
DA:50,1
DA:51,1
DA:52,10
LF:46
LH:40
BRDA:5,0,0,2
BRDA:9,1,0,1
BRDA:14,2,0,0
BRDA:21,3,0,9
BRDA:22,4,0,1
BRDA:26,5,0,2
BRDA:28,6,0,1
BRDA:33,7,0,0
BRDA:40,8,0,10
BRDA:42,9,0,1
BRDA:47,10,0,0
BRF:11
BRH:8
end_of_record
TN:
SF:src/services/wsService.ts
FN:6,WebSocketService
FN:9,connect
FN:14,socket.onerror
FN:18,disconnect
FN:25,sendMessage
FN:34,handleMessage
FN:95,showError
FN:99,showMessage
FN:103,showInGameMessage
FNF:9
FNH:5
FNDA:19,WebSocketService
FNDA:2,connect
FNDA:0,socket.onerror
FNDA:3,disconnect
FNDA:3,sendMessage
FNDA:7,handleMessage
FNDA:0,showError
FNDA:0,showMessage
FNDA:0,showInGameMessage
DA:1,1
DA:6,19
DA:7,19
DA:9,1
DA:10,2
DA:11,2
DA:12,1
DA:13,1
DA:14,1
DA:15,1
DA:16,2
DA:18,1
DA:19,3
DA:20,1
DA:21,1
DA:22,1
DA:23,3
DA:25,1
DA:26,3
DA:27,2
DA:28,2
DA:29,3
DA:30,2
DA:31,2
DA:32,3
DA:34,1
DA:35,7
DA:36,7
DA:37,7
DA:38,1
DA:39,1
DA:40,7
DA:41,1
DA:42,1
DA:43,7
DA:44,0
DA:45,0
DA:46,7
DA:47,0
DA:48,0
DA:49,7
DA:50,1
DA:51,1
DA:52,7
DA:53,0
DA:54,0
DA:55,0
DA:56,7
DA:57,1
DA:58,1
DA:59,7
DA:60,1
DA:61,1
DA:62,7
DA:63,0
DA:64,0
DA:65,7
DA:66,0
DA:67,0
DA:68,0
DA:69,0
DA:70,7
DA:71,0
DA:72,0
DA:73,7
DA:74,0
DA:75,0
DA:76,7
DA:77,0
DA:78,0
DA:79,0
DA:80,7
DA:81,7
DA:82,7
DA:83,0
DA:84,0
DA:85,0
DA:86,7
DA:87,0
DA:89,0
DA:90,7
DA:91,2
DA:92,7
DA:93,7
DA:95,1
DA:96,0
DA:97,0
DA:99,1
DA:100,0
DA:101,0
DA:103,1
DA:104,0
DA:105,0
DA:106,1
DA:108,1
LF:95
LH:64
BRDA:6,0,0,19
BRDA:9,1,0,2
BRDA:11,2,0,1
BRDA:18,3,0,3
BRDA:19,4,0,1
BRDA:25,5,0,3
BRDA:26,6,0,2
BRDA:29,7,0,2
BRDA:34,8,0,7
BRDA:37,9,0,1
BRDA:40,10,0,1
BRDA:43,11,0,0
BRDA:46,12,0,0
BRDA:49,13,0,1
BRDA:52,14,0,0
BRDA:56,15,0,1
BRDA:59,16,0,1
BRDA:62,17,0,0
BRDA:65,18,0,0
BRDA:70,19,0,0
BRDA:73,20,0,0
BRDA:76,21,0,0
BRDA:80,22,0,0
BRDA:81,23,0,0
BRDA:82,24,0,0
BRDA:86,25,0,0
BRDA:90,26,0,2
BRF:27
BRH:15
end_of_record
TN:
SF:src/stores/authStore.ts
FN:10,state
FN:16,setUserData
FN:21,logout
FN:25,isAuthenticated
FNF:4
FNH:4
FNDA:27,state
FNDA:4,setUserData
FNDA:8,logout
FNDA:3,isAuthenticated
DA:1,1
DA:9,1
DA:10,1
DA:11,27
DA:12,27
DA:13,27
DA:14,27
DA:15,1
DA:16,1
DA:17,4
DA:18,4
DA:19,4
DA:20,4
DA:21,1
DA:22,8
DA:23,8
DA:24,8
DA:25,1
DA:26,3
DA:27,3
DA:28,1
DA:29,1
DA:30,1
DA:31,1
DA:32,1
LF:25
LH:25
BRDA:10,0,0,27
BRDA:16,1,0,4
BRDA:21,2,0,8
BRDA:25,3,0,3
BRF:4
BRH:4
end_of_record
TN:
SF:src/stores/gameStore.ts
FN:44,state
FN:65,initializeWasm
FN:73,fetchGame
FN:80,checkSuspendedGameExists
FN:85,setMatch
FN:108,getAISuggestions
FN:147,getBoardConfig
FN:165,checkAITurn
FN:202,getUsedDice
FN:221,makeAIMove
FN:244,getMovesFromWasm
FN:253,setDice
FN:257,setStartDice
FN:261,setStarter
FNF:14
FNH:7
FNDA:9,state
FNDA:27,initializeWasm
FNDA:27,fetchGame
FNDA:29,checkSuspendedGameExists
FNDA:3,setMatch
FNDA:0,getAISuggestions
FNDA:0,getBoardConfig
FNDA:1,checkAITurn
FNDA:0,getUsedDice
FNDA:0,makeAIMove
FNDA:0,getMovesFromWasm
FNDA:2,setDice
FNDA:0,setStartDice
FNDA:0,setStarter
DA:1,1
DA:41,1
DA:43,1
DA:44,1
DA:45,9
DA:46,9
DA:47,9
DA:48,9
DA:49,9
DA:50,9
DA:51,9
DA:52,9
DA:53,9
DA:54,9
DA:55,9
DA:56,9
DA:57,9
DA:58,9
DA:59,9
DA:60,9
DA:61,9
DA:62,9
DA:63,9
DA:64,1
DA:65,1
DA:66,27
DA:67,3
DA:68,3
DA:69,0
DA:70,0
DA:71,0
DA:72,27
DA:73,1
DA:74,27
DA:75,27
DA:76,2
DA:77,2
DA:78,27
DA:79,27
DA:80,1
DA:81,29
DA:82,0
DA:83,29
DA:84,29
DA:85,1
DA:86,3
DA:87,3
DA:88,3
DA:89,3
DA:90,3
DA:91,3
DA:92,3
DA:93,3
DA:94,3
DA:95,3
DA:96,3
DA:97,3
DA:98,3
DA:99,3
DA:100,3
DA:101,3
DA:102,3
DA:103,3
DA:104,3
DA:105,3
DA:106,3
DA:107,3
DA:108,1
DA:109,0
DA:110,0
DA:111,0
DA:112,0
DA:114,0
DA:115,0
DA:117,0
DA:118,0
DA:119,0
DA:120,0
DA:121,0
DA:122,0
DA:123,0
DA:124,0
DA:125,0
DA:126,0
DA:127,0
DA:128,0
DA:129,0
DA:130,0
DA:131,0
DA:132,0
DA:133,0
DA:134,0
DA:135,0
DA:136,0
DA:137,0
DA:138,0
DA:139,0
DA:140,0
DA:141,0
DA:142,0
DA:143,0
DA:144,0
DA:145,0
DA:146,0
DA:147,1
DA:148,0
DA:149,0
DA:150,0
DA:151,0
DA:152,0
DA:153,0
DA:154,0
DA:155,0
DA:156,0
DA:157,0
DA:158,0
DA:159,0
DA:160,0
DA:161,0
DA:162,0
DA:163,0
DA:164,0
DA:165,1
DA:166,1
DA:167,1
DA:168,1
DA:169,0
DA:170,0
DA:171,0
DA:173,0
DA:175,0
DA:177,0
DA:178,0
DA:179,0
DA:180,0
DA:181,0
DA:182,0
DA:183,0
DA:184,0
DA:185,0
DA:186,0
DA:187,0
DA:188,0
DA:189,0
DA:190,0
DA:191,0
DA:192,0
DA:193,0
DA:194,0
DA:195,0
DA:196,0
DA:197,0
DA:198,0
DA:199,0
DA:200,0
DA:201,1
DA:202,1
DA:203,0
DA:204,0
DA:205,0
DA:206,0
DA:207,0
DA:208,0
DA:209,0
DA:210,0
DA:211,0
DA:212,0
DA:213,0
DA:214,0
DA:215,0
DA:216,0
DA:217,0
DA:218,0
DA:219,0
DA:220,0
DA:221,1
DA:222,0
DA:223,0
DA:224,0
DA:225,0
DA:226,0
DA:228,0
DA:230,0
DA:231,0
DA:232,0
DA:233,0
DA:234,0
DA:235,0
DA:237,0
DA:238,0
DA:240,0
DA:241,0
DA:242,0
DA:243,0
DA:244,1
DA:245,0
DA:246,0
DA:247,0
DA:248,0
DA:249,0
DA:250,0
DA:251,0
DA:252,0
DA:253,1
DA:254,2
DA:255,2
DA:256,2
DA:257,1
DA:258,0
DA:260,0
DA:261,1
DA:262,0
DA:263,0
DA:264,0
DA:265,1
DA:266,1
LF:216
LH:81
BRDA:44,0,0,9
BRDA:65,1,0,27
BRDA:66,2,0,3
BRDA:68,3,0,0
BRDA:73,4,0,27
BRDA:75,5,0,2
BRDA:80,6,0,29
BRDA:85,7,0,3
BRDA:89,8,0,72
BRDA:165,9,0,1
BRDA:167,10,0,0
BRDA:168,11,0,0
BRDA:168,12,0,0
BRDA:168,13,0,0
BRDA:253,14,0,2
BRF:15
BRH:10
end_of_record
TN:
SF:src/stores/wsStore.ts
FN:13,state
FN:20,connect
FN:27,disconnect
FN:31,sendMessage
FN:34,addError
FN:39,addNotification
FN:44,addMessage
FN:49,removeError
FN:52,removeNotifications
FN:55,removeMessage
FNF:10
FNH:7
FNDA:13,state
FNDA:1,connect
FNDA:2,disconnect
FNDA:1,sendMessage
FNDA:41,addError
FNDA:1,addNotification
FNDA:0,addMessage
FNDA:3,removeError
FNDA:0,removeNotifications
FNDA:0,removeMessage
DA:1,1
DA:12,1
DA:13,1
DA:14,13
DA:15,13
DA:16,13
DA:17,13
DA:18,13
DA:19,1
DA:20,1
DA:21,1
DA:22,1
DA:23,1
DA:24,1
DA:25,1
DA:26,1
DA:27,1
DA:28,2
DA:29,2
DA:30,2
DA:31,1
DA:32,1
DA:33,1
DA:34,1
DA:35,41
DA:36,41
DA:37,41
DA:38,41
DA:39,1
DA:40,1
DA:41,1
DA:42,1
DA:43,1
DA:44,1
DA:45,0
DA:46,0
DA:47,0
DA:48,0
DA:49,1
DA:50,3
DA:51,3
DA:52,1
DA:53,0
DA:54,0
DA:55,1
DA:56,0
DA:57,0
DA:58,1
DA:59,1
LF:49
LH:41
BRDA:13,0,0,13
BRDA:20,1,0,1
BRDA:27,2,0,2
BRDA:31,3,0,1
BRDA:34,4,0,41
BRDA:37,5,0,2
BRDA:39,6,0,1
BRDA:49,7,0,3
BRDA:50,8,0,62
BRF:9
BRH:9
end_of_record
TN:
SF:src/tests/App.test.ts
FNF:0
FNH:0
DA:1,1
DA:2,1
DA:3,1
DA:4,1
DA:5,1
DA:7,1
DA:8,1
DA:9,1
DA:10,1
DA:11,1
DA:12,1
DA:13,1
DA:14,1
DA:15,1
DA:16,1
LF:15
LH:15
BRDA:7,0,0,1
BRDA:8,1,0,1
BRF:2
BRH:2
end_of_record
TN:
SF:src/tests/ErrorContainer.test.ts
FNF:0
FNH:0
DA:1,1
DA:2,1
DA:3,1
DA:4,1
DA:5,1
DA:7,1
DA:8,1
DA:10,1
DA:11,1
DA:12,1
DA:14,1
DA:15,1
DA:16,1
DA:17,1
DA:18,1
DA:19,1
DA:20,1
DA:21,1
DA:22,1
DA:24,1
DA:25,1
DA:26,1
DA:27,1
LF:23
LH:23
BRDA:7,0,0,1
BRDA:10,1,0,1
BRDA:14,2,0,1
BRF:3
BRH:3
end_of_record
TN:
SF:src/tests/GameView.test.ts
FNF:0
FNH:0
DA:1,1
DA:2,1
DA:3,1
DA:4,1
DA:5,1
DA:6,1
DA:7,1
DA:8,1
DA:9,1
DA:11,1
DA:12,1
DA:13,1
DA:15,1
DA:16,1
DA:17,1
DA:18,1
DA:20,1
DA:21,25
DA:22,1
DA:24,1
DA:25,1
DA:26,1
DA:27,1
DA:29,1
DA:30,1
DA:31,1
DA:32,1
DA:33,1
DA:34,1
DA:35,1
DA:37,1
DA:38,1
DA:39,1
DA:40,1
DA:41,1
DA:43,1
DA:44,1
DA:45,1
DA:47,1
DA:48,1
DA:49,1
DA:50,1
DA:52,1
DA:54,1
DA:55,1
DA:56,1
DA:57,1
DA:58,1
DA:60,1
DA:61,1
DA:62,1
DA:63,1
DA:65,1
DA:66,1
DA:68,1
DA:69,1
DA:70,1
DA:71,1
DA:73,1
DA:74,1
DA:75,1
DA:77,1
DA:78,1
DA:79,1
DA:81,1
DA:82,1
DA:84,1
DA:85,1
DA:87,1
DA:88,1
DA:90,1
DA:91,1
DA:92,1
DA:93,1
DA:94,1
DA:95,1
DA:96,1
DA:97,1
DA:98,1
DA:99,1
DA:100,1
DA:101,1
DA:103,1
DA:104,1
DA:105,1
DA:106,1
DA:107,1
DA:108,1
DA:109,1
DA:110,1
DA:111,1
DA:112,1
DA:113,1
DA:114,1
DA:116,1
DA:117,1
DA:118,1
DA:119,1
DA:120,1
DA:121,1
DA:123,1
DA:124,1
DA:125,1
DA:127,1
DA:128,1
DA:130,1
DA:131,1
DA:132,1
DA:133,1
DA:134,1
DA:136,1
DA:137,1
DA:138,1
DA:139,1
DA:141,1
DA:142,1
DA:144,1
DA:145,1
DA:146,1
DA:148,1
DA:149,1
DA:150,1
DA:151,1
DA:152,1
DA:154,1
DA:155,1
DA:157,1
DA:158,1
DA:159,1
DA:160,1
DA:163,1
DA:164,1
DA:165,1
DA:168,1
DA:170,1
DA:172,1
DA:173,1
DA:175,1
DA:176,1
DA:178,1
DA:179,1
DA:181,1
DA:182,1
DA:184,1
DA:185,1
DA:186,1
DA:187,1
DA:189,1
DA:190,1
DA:191,1
DA:192,1
DA:193,1
DA:194,1
DA:195,1
DA:196,1
DA:199,1
DA:200,1
DA:201,1
DA:202,1
DA:203,1
DA:204,1
DA:205,1
DA:207,1
DA:208,1
DA:209,1
DA:210,1
DA:211,1
DA:213,1
DA:214,1
DA:215,1
DA:216,1
DA:217,1
DA:219,1
DA:220,1
DA:221,1
DA:222,1
DA:223,1
DA:225,1
DA:226,1
DA:227,1
DA:228,1
DA:229,1
DA:231,1
DA:232,1
DA:233,1
DA:234,1
DA:235,1
DA:236,1
DA:238,1
DA:239,1
DA:241,1
DA:242,1
DA:243,1
DA:244,1
DA:246,1
DA:247,1
DA:248,1
DA:249,1
DA:251,1
DA:252,1
DA:254,1
DA:255,1
DA:257,1
DA:258,1
DA:260,1
DA:261,1
DA:262,1
DA:263,1
DA:264,1
DA:266,1
DA:267,1
DA:268,1
DA:269,1
DA:270,1
DA:272,1
DA:273,1
DA:274,1
DA:275,1
DA:276,1
DA:277,1
DA:278,1
DA:279,1
DA:281,1
DA:282,1
DA:283,1
DA:284,1
DA:286,1
DA:287,1
DA:288,1
DA:289,1
DA:290,1
DA:292,1
DA:293,1
DA:294,1
DA:295,1
DA:297,1
DA:298,1
DA:299,1
DA:300,1
DA:302,1
DA:303,1
DA:304,1
DA:305,1
DA:306,1
DA:308,1
DA:309,1
DA:310,1
DA:312,1
DA:313,1
DA:314,1
DA:315,1
DA:317,1
DA:318,1
DA:319,1
DA:320,1
DA:321,1
DA:323,1
DA:324,1
DA:325,1
DA:327,1
DA:328,1
DA:329,1
DA:330,1
DA:332,1
DA:333,1
DA:335,1
DA:336,1
DA:337,1
DA:339,1
DA:340,1
DA:341,1
DA:342,1
DA:344,1
DA:345,1
DA:347,1
DA:348,1
DA:349,1
DA:351,1
DA:352,1
DA:353,1
DA:354,1
DA:356,1
DA:357,1
DA:358,1
DA:359,1
DA:361,1
LF:286
LH:286
BRDA:11,0,0,1
BRDA:15,1,0,1
BRDA:20,2,0,25
BRDA:24,3,0,1
BRDA:43,4,0,1
BRDA:60,5,0,1
BRDA:73,6,0,1
BRDA:90,7,0,1
BRDA:103,8,0,1
BRDA:116,9,0,1
BRDA:136,10,0,1
BRDA:148,11,0,1
BRDA:157,12,0,1
BRDA:170,13,0,3
BRDA:184,14,0,1
BRDA:199,15,0,1
BRDA:207,16,0,1
BRDA:213,17,0,1
BRDA:219,18,0,1
BRDA:225,19,0,1
BRDA:231,20,0,1
BRDA:234,21,0,24
BRDA:246,22,0,1
BRDA:260,23,0,1
BRDA:286,24,0,1
BRDA:297,25,0,1
BRDA:312,26,0,1
BRDA:327,27,0,1
BRDA:339,28,0,1
BRDA:351,29,0,1
BRF:30
BRH:30
end_of_record
TN:
SF:src/tests/HomeView.test.ts
FNF:0
FNH:0
DA:1,1
DA:2,1
DA:3,1
DA:4,1
DA:5,1
DA:6,1
DA:7,1
DA:9,1
DA:10,1
DA:11,1
DA:13,1
DA:14,1
DA:15,1
DA:17,1
DA:18,11
DA:19,11
DA:20,1
DA:22,1
DA:23,11
DA:24,1
DA:26,1
DA:27,1
DA:28,1
DA:29,1
DA:30,1
DA:32,1
DA:33,1
DA:34,1
DA:35,1
DA:36,1
DA:37,1
DA:38,1
DA:40,1
DA:41,1
DA:42,1
DA:43,1
DA:44,1
DA:45,1
DA:47,1
DA:48,1
DA:49,1
DA:50,1
DA:51,1
DA:52,1
DA:54,1
DA:55,1
DA:56,1
DA:57,1
DA:58,1
DA:59,1
DA:61,1
DA:62,1
DA:63,1
DA:64,1
DA:65,1
DA:66,1
DA:68,1
DA:69,1
DA:70,1
DA:71,1
DA:72,1
DA:73,1
DA:75,1
DA:76,1
DA:77,1
DA:78,1
DA:79,1
DA:80,1
DA:82,1
DA:83,1
DA:84,1
DA:85,1
DA:86,1
DA:87,1
DA:88,1
DA:90,1
DA:91,1
DA:92,1
DA:93,1
DA:95,1
DA:96,1
DA:97,1
DA:98,1
DA:99,1
DA:101,1
DA:102,1
DA:104,1
DA:105,1
DA:106,1
DA:108,1
DA:109,1
DA:110,1
DA:111,1
DA:112,1
DA:113,1
DA:114,1
DA:115,1
DA:116,1
LF:98
LH:98
BRDA:9,0,0,1
BRDA:13,1,0,1
BRDA:17,2,0,11
BRDA:22,3,0,11
BRDA:26,4,0,1
BRDA:32,5,0,1
BRDA:40,6,0,1
BRDA:47,7,0,1
BRDA:54,8,0,1
BRDA:61,9,0,1
BRDA:68,10,0,1
BRDA:75,11,0,1
BRDA:82,12,0,1
BRDA:90,13,0,1
BRDA:108,14,0,1
BRF:15
BRH:15
end_of_record
TN:
SF:src/tests/LeaderboardView.test.ts
FN:14,setup
FNF:1
FNH:1
FNDA:3,setup
DA:1,1
DA:2,1
DA:14,3
DA:15,3
DA:16,3
DA:17,3
DA:18,3
DA:19,3
DA:20,3
DA:21,3
DA:22,3
DA:23,3
DA:25,1
DA:26,1
DA:27,1
DA:29,1
DA:30,1
DA:31,1
DA:32,1
DA:34,1
DA:35,4
DA:36,1
DA:38,1
DA:39,1
DA:41,1
DA:42,1
DA:43,1
DA:44,1
DA:45,1
DA:47,1
DA:49,1
DA:50,1
DA:51,1
DA:52,1
DA:54,1
DA:55,1
DA:56,1
DA:57,1
DA:58,1
DA:59,1
DA:61,1
DA:62,1
DA:63,1
DA:65,1
DA:66,1
DA:68,1
DA:69,1
DA:70,1
DA:71,1
DA:72,1
DA:73,1
DA:74,1
DA:75,1
DA:77,1
DA:78,1
DA:79,1
DA:80,1
DA:81,1
DA:83,1
DA:85,1
DA:87,1
DA:88,1
DA:89,1
DA:91,1
DA:92,1
DA:94,1
DA:95,1
DA:97,1
DA:98,1
DA:99,1
DA:100,1
DA:101,1
DA:103,1
DA:104,1
DA:105,1
DA:106,1
DA:108,1
DA:109,1
DA:110,1
LF:79
LH:79
BRDA:14,0,0,3
BRDA:25,1,0,1
BRDA:29,2,0,1
BRDA:34,3,0,4
BRDA:38,4,0,1
BRDA:54,5,0,1
BRDA:65,6,0,1
BRDA:94,7,0,1
BRF:8
BRH:8
end_of_record
TN:
SF:src/tests/PasswordRecoveryView.test.ts
FNF:0
FNH:0
DA:1,1
DA:2,1
DA:3,1
DA:4,1
DA:5,1
DA:7,1
DA:8,1
DA:10,1
DA:11,2
DA:12,1
DA:14,1
DA:15,2
DA:16,1
DA:18,1
DA:19,1
DA:20,1
DA:22,1
DA:23,1
DA:25,1
DA:27,1
DA:28,1
DA:30,1
DA:31,1
DA:32,1
DA:34,1
DA:35,1
DA:37,1
DA:39,1
DA:40,1
DA:41,1
LF:30
LH:30
BRDA:7,0,0,1
BRDA:10,1,0,2
BRDA:14,2,0,2
BRDA:18,3,0,1
BRDA:30,4,0,1
BRF:5
BRH:5
end_of_record
TN:
SF:src/tests/PasswordResetView.test.ts
FNF:0
FNH:0
DA:1,1
DA:2,1
DA:3,1
DA:4,1
DA:5,1
DA:7,1
DA:8,1
DA:10,1
DA:11,2
DA:12,1
DA:14,1
DA:15,2
DA:16,1
DA:18,1
DA:19,1
DA:20,1
DA:21,1
DA:23,1
DA:24,1
DA:26,1
DA:28,1
DA:29,1
DA:31,1
DA:32,1
DA:33,1
DA:34,1
DA:36,1
DA:37,1
DA:39,1
DA:41,1
DA:42,1
DA:43,1
LF:32
LH:32
BRDA:7,0,0,1
BRDA:10,1,0,2
BRDA:14,2,0,2
BRDA:18,3,0,1
BRDA:31,4,0,1
BRF:5
BRH:5
end_of_record
TN:
SF:src/tests/PlayAiView.test.ts
FNF:0
FNH:0
DA:1,1
DA:2,1
DA:14,1
DA:15,1
DA:17,1
DA:18,1
DA:19,1
DA:20,1
DA:21,1
DA:22,1
DA:23,1
DA:24,1
DA:25,1
DA:27,1
DA:28,1
DA:29,1
DA:30,1
DA:31,1
DA:32,1
DA:33,1
DA:35,1
DA:36,1
DA:37,1
DA:38,1
DA:39,1
DA:40,1
LF:26
LH:26
BRDA:14,0,0,1
BRDA:17,1,0,1
BRDA:20,2,0,1
BRDA:27,3,0,1
BRDA:35,4,0,1
BRF:5
BRH:5
end_of_record
TN:
SF:src/tests/PlayHumanView.test.ts
FNF:0
FNH:0
DA:1,1
DA:2,1
DA:21,1
DA:22,1
DA:23,1
DA:25,1
DA:26,1
DA:27,1
DA:28,1
DA:30,1
DA:31,15
DA:32,1
DA:34,1
DA:35,1
DA:36,1
DA:37,1
DA:39,1
DA:40,1
DA:41,1
DA:42,1
DA:43,1
DA:45,1
DA:46,1
DA:47,1
DA:48,1
DA:49,1
DA:51,1
DA:52,1
DA:53,1
DA:54,1
DA:55,1
DA:57,1
DA:58,1
DA:59,1
DA:60,1
DA:61,1
DA:62,1
DA:63,1
DA:64,1
DA:66,1
DA:67,1
DA:68,1
DA:69,1
DA:70,1
DA:71,1
DA:72,1
DA:73,1
DA:75,1
DA:76,1
DA:77,1
DA:78,1
DA:79,1
DA:80,1
DA:81,1
DA:83,1
DA:84,1
DA:85,1
DA:86,1
DA:87,1
DA:88,1
DA:89,1
DA:91,1
DA:92,1
DA:93,1
DA:94,1
DA:96,1
DA:97,1
DA:99,1
DA:100,1
DA:101,1
DA:103,1
DA:104,1
DA:105,1
DA:106,1
DA:108,1
DA:110,1
DA:111,1
DA:112,1
DA:113,1
DA:115,1
DA:116,1
DA:117,1
DA:118,1
DA:119,1
DA:120,1
DA:121,1
DA:122,1
DA:124,1
DA:126,1
DA:127,1
DA:128,1
DA:129,1
DA:131,1
DA:132,1
DA:133,1
DA:135,1
DA:137,1
DA:138,1
DA:139,1
DA:141,1
DA:142,1
DA:143,1
DA:144,1
DA:145,1
DA:146,1
DA:147,1
DA:148,1
DA:149,1
DA:150,1
DA:152,1
DA:153,1
DA:154,1
DA:155,1
DA:156,1
DA:157,1
DA:159,1
DA:161,1
DA:162,1
DA:164,1
DA:165,1
DA:167,1
DA:168,1
DA:169,1
DA:171,1
DA:172,1
DA:173,1
DA:175,1
DA:176,1
DA:177,1
DA:178,1
DA:179,1
DA:180,1
DA:182,1
DA:183,1
DA:184,1
DA:185,1
DA:186,1
DA:187,1
DA:188,1
DA:190,1
LF:140
LH:140
BRDA:21,0,0,1
BRDA:25,1,0,1
BRDA:30,2,0,15
BRDA:34,3,0,1
BRDA:39,4,0,1
BRDA:45,5,0,1
BRDA:51,6,0,1
BRDA:57,7,0,1
BRDA:66,8,0,1
BRDA:75,9,0,1
BRDA:83,10,0,1
BRDA:91,11,0,1
BRDA:103,12,0,1
BRDA:115,13,0,1
BRDA:131,14,0,1
BRDA:141,15,0,1
BRDA:152,16,0,1
BRDA:171,17,0,1
BRF:18
BRH:18
end_of_record
TN:
SF:src/tests/RegisterView.test.ts
FNF:0
FNH:0
DA:1,1
DA:2,1
DA:3,1
DA:4,1
DA:5,1
DA:6,1
DA:7,1
DA:9,1
DA:10,1
DA:11,1
DA:12,1
DA:14,1
DA:15,1
DA:16,1
DA:17,1
DA:18,1
DA:19,1
DA:20,1
DA:22,1
DA:23,3
DA:24,3
DA:25,3
DA:26,3
DA:27,3
DA:28,3
DA:29,3
DA:30,1
DA:32,1
DA:33,3
DA:34,1
DA:36,1
DA:37,1
DA:38,1
DA:39,1
DA:40,1
DA:42,1
DA:43,1
DA:45,1
DA:47,1
DA:48,1
DA:50,1
DA:51,1
DA:52,1
DA:53,1
DA:54,1
DA:56,1
DA:57,1
DA:59,1
DA:61,1
DA:62,1
DA:64,1
DA:65,1
DA:66,1
DA:67,1
DA:68,1
DA:69,1
DA:71,1
DA:72,1
DA:73,1
DA:74,1
DA:75,1
DA:76,1
DA:77,1
DA:79,1
DA:80,1
DA:81,1
DA:82,1
DA:83,1
DA:84,1
DA:85,1
LF:70
LH:70
BRDA:9,0,0,1
BRDA:22,1,0,3
BRDA:32,2,0,3
BRDA:36,3,0,1
BRDA:50,4,0,1
BRDA:64,5,0,1
BRF:6
BRH:6
end_of_record
TN:
SF:src/tests/TournamentView.test.ts
FNF:0
FNH:0
DA:1,1
DA:2,1
DA:3,1
DA:4,1
DA:5,1
DA:6,1
DA:8,1
DA:9,1
DA:10,1
DA:12,1
DA:13,1
DA:14,1
DA:15,1
DA:16,1
DA:18,1
DA:19,1
DA:20,1
DA:21,1
DA:22,1
DA:23,1
DA:24,1
DA:25,1
DA:26,1
DA:27,1
DA:29,1
DA:30,1
DA:31,1
DA:32,1
DA:33,1
DA:34,1
DA:36,1
DA:37,1
DA:38,1
DA:39,1
DA:40,1
DA:41,1
DA:42,1
DA:44,1
DA:45,1
DA:46,1
DA:47,1
DA:48,1
DA:49,1
DA:50,1
DA:52,1
DA:53,1
DA:54,1
DA:55,1
DA:56,1
DA:57,1
DA:59,1
DA:60,1
DA:61,1
DA:62,1
DA:63,1
DA:64,1
DA:65,1
DA:66,1
DA:68,1
DA:69,1
DA:70,1
DA:71,1
DA:72,1
DA:73,1
DA:75,1
DA:76,1
DA:77,1
DA:78,1
DA:79,1
DA:80,1
LF:70
LH:70
BRDA:8,0,0,1
BRDA:12,1,0,1
BRDA:18,2,0,1
BRDA:29,3,0,1
BRDA:36,4,0,1
BRDA:44,5,0,1
BRDA:52,6,0,1
BRDA:59,7,0,1
BRDA:68,8,0,1
BRDA:75,9,0,1
BRF:10
BRH:10
end_of_record
TN:
SF:src/tests/auth.test.ts
FNF:0
FNH:0
DA:1,1
DA:2,1
DA:3,1
DA:4,1
DA:5,1
DA:6,1
DA:8,1
DA:9,1
DA:11,1
DA:12,6
DA:13,6
DA:14,6
DA:15,1
DA:17,1
DA:18,1
DA:19,1
DA:21,1
DA:23,1
DA:24,1
DA:25,1
DA:26,1
DA:27,1
DA:28,1
DA:29,1
DA:30,1
DA:31,1
DA:32,1
DA:33,1
DA:35,1
DA:36,1
DA:37,1
DA:39,1
DA:40,1
DA:41,1
DA:42,1
DA:43,1
DA:45,1
DA:46,1
DA:47,1
DA:48,1
DA:49,1
DA:50,1
DA:51,1
DA:52,1
DA:53,1
DA:55,1
DA:56,1
DA:57,1
DA:59,1
DA:61,1
DA:62,1
DA:63,1
DA:64,1
DA:65,1
DA:66,1
DA:67,1
DA:68,1
DA:69,1
DA:70,1
DA:72,1
DA:73,1
DA:74,1
DA:75,1
DA:76,1
DA:77,1
DA:79,1
DA:80,1
DA:82,1
DA:84,1
DA:85,1
DA:86,1
DA:87,1
DA:88,1
DA:89,1
DA:90,1
DA:92,1
DA:93,1
DA:95,1
DA:97,1
DA:98,1
DA:99,1
DA:100,1
DA:101,1
DA:102,1
DA:103,1
DA:104,1
DA:105,1
LF:87
LH:87
BRDA:8,0,0,1
BRDA:11,1,0,6
BRDA:17,2,0,1
BRDA:35,3,0,1
BRDA:40,4,0,0
BRDA:55,5,0,1
BRDA:72,6,0,1
BRDA:79,7,0,1
BRDA:92,8,0,1
BRF:9
BRH:8
end_of_record
TN:
SF:src/tests/gameService.test.ts
FNF:0
FNH:0
DA:1,1
DA:2,1
DA:12,1
DA:13,1
DA:14,1
DA:15,1
DA:17,1
DA:18,1
DA:19,1
DA:20,1
DA:21,1
DA:22,1
DA:23,1
DA:24,1
DA:25,1
DA:26,1
DA:28,1
DA:30,1
DA:31,1
DA:32,1
DA:33,1
DA:34,1
DA:35,1
DA:36,1
DA:38,1
DA:39,1
DA:40,1
DA:41,1
DA:42,1
DA:43,1
DA:44,1
DA:45,1
DA:46,1
DA:48,1
DA:50,1
DA:51,1
DA:52,1
DA:53,1
DA:55,1
DA:56,1
DA:57,1
DA:58,1
DA:59,1
DA:61,1
DA:62,1
DA:64,1
DA:65,1
DA:66,1
DA:68,1
DA:69,1
DA:70,1
DA:71,1
DA:73,1
DA:74,1
DA:76,1
DA:77,1
DA:78,1
DA:80,1
DA:81,1
DA:82,1
DA:83,1
DA:85,1
DA:86,1
DA:88,1
DA:89,1
DA:90,1
DA:91,1
DA:92,1
DA:93,1
DA:95,1
DA:96,1
DA:97,1
DA:98,1
DA:99,1
DA:101,1
DA:103,1
DA:104,1
DA:106,1
DA:107,1
DA:108,1
DA:109,1
DA:111,1
DA:113,1
DA:114,1
DA:116,1
DA:117,1
DA:118,1
DA:119,1
DA:121,1
DA:123,1
DA:124,1
DA:125,1
DA:127,1
DA:128,1
DA:129,1
DA:130,1
DA:132,1
DA:133,1
DA:134,1
DA:135,1
DA:136,1
DA:138,1
DA:139,1
DA:140,1
DA:141,1
DA:143,1
DA:144,1
DA:146,1
DA:147,1
DA:148,1
DA:150,1
DA:151,1
DA:153,1
DA:154,1
DA:155,1
DA:156,1
DA:158,1
DA:159,1
DA:160,1
DA:162,1
DA:163,1
DA:164,1
DA:165,1
DA:166,1
DA:168,1
DA:169,1
DA:170,1
DA:172,1
DA:173,1
DA:174,1
DA:175,1
DA:176,1
DA:177,1
DA:179,1
DA:180,1
DA:181,1
DA:182,1
DA:183,1
DA:184,1
DA:185,1
DA:186,1
DA:188,1
DA:189,1
DA:191,1
DA:192,24
DA:193,24
DA:195,1
DA:196,1
DA:197,1
DA:198,1
DA:199,1
DA:201,1
DA:202,1
DA:203,1
DA:204,1
DA:205,1
DA:206,1
DA:207,1
DA:208,1
DA:210,1
DA:211,1
DA:212,1
DA:213,24
DA:214,24
DA:216,18
DA:217,24
DA:218,1
DA:219,1
DA:220,1
DA:221,1
DA:223,1
DA:224,1
DA:225,1
DA:226,1
DA:227,1
DA:228,1
DA:229,1
DA:230,1
DA:231,1
DA:233,1
DA:234,1
DA:235,1
DA:236,1
DA:237,1
DA:239,1
DA:240,1
DA:242,1
DA:243,1
DA:244,1
DA:245,1
DA:247,1
DA:248,1
DA:250,1
DA:251,24
DA:252,24
DA:254,1
DA:255,1
DA:257,1
DA:258,1
DA:260,1
DA:261,1
DA:263,1
DA:264,1
DA:266,1
DA:267,24
DA:268,24
DA:270,1
DA:271,1
DA:273,1
DA:274,1
DA:275,1
DA:277,1
DA:278,1
DA:279,1
DA:281,1
DA:282,1
DA:283,1
DA:284,1
DA:286,1
DA:287,2
DA:288,1
DA:290,1
DA:291,1
DA:293,1
DA:295,1
DA:296,1
DA:297,1
DA:299,1
DA:300,1
DA:302,1
DA:303,1
DA:304,1
DA:305,1
DA:306,1
DA:308,1
DA:309,1
DA:310,1
DA:311,1
DA:313,1
DA:314,1
DA:315,1
DA:317,1
DA:318,1
DA:320,1
DA:321,1
DA:322,1
DA:323,1
DA:324,1
DA:325,1
DA:326,1
DA:328,1
DA:329,1
DA:331,1
DA:332,1
DA:333,1
DA:335,1
DA:336,1
DA:338,1
DA:339,1
DA:340,1
DA:341,1
DA:342,1
DA:343,1
DA:344,1
DA:345,1
DA:347,1
DA:348,1
DA:349,1
DA:351,1
DA:352,1
DA:355,1
DA:356,1
DA:357,1
DA:360,1
DA:361,1
DA:362,1
DA:365,1
DA:366,1
DA:367,1
DA:368,1
DA:369,1
DA:371,1
DA:372,1
DA:373,1
DA:376,1
DA:377,1
DA:380,1
DA:381,1
DA:382,1
DA:385,1
DA:386,1
DA:387,1
DA:390,1
DA:391,1
DA:392,1
DA:395,1
DA:396,1
DA:397,1
DA:398,1
DA:401,1
DA:402,1
DA:403,1
DA:404,1
DA:407,1
DA:408,1
DA:409,1
DA:410,1
DA:411,1
DA:412,1
DA:415,1
DA:416,1
DA:417,1
DA:418,1
DA:419,1
DA:420,1
LF:315
LH:315
BRDA:17,0,0,1
BRDA:18,1,0,1
BRDA:38,2,0,1
BRDA:55,3,0,1
BRDA:56,4,0,1
BRDA:68,5,0,1
BRDA:80,6,0,1
BRDA:95,7,0,1
BRDA:96,8,0,1
BRDA:106,9,0,1
BRDA:116,10,0,1
BRDA:127,11,0,1
BRDA:128,12,0,1
BRDA:132,13,0,1
BRDA:133,14,0,1
BRDA:134,15,0,1
BRDA:135,16,0,1
BRDA:138,17,0,1
BRDA:143,18,0,1
BRDA:146,19,0,1
BRDA:150,20,0,1
BRDA:153,21,0,1
BRDA:158,22,0,1
BRDA:159,23,0,1
BRDA:162,24,0,1
BRDA:168,25,0,1
BRDA:172,26,0,1
BRDA:173,27,0,1
BRDA:179,28,0,1
BRDA:188,29,0,1
BRDA:191,30,0,24
BRDA:201,31,0,1
BRDA:210,32,0,1
BRDA:212,33,0,24
BRDA:214,34,0,6
BRDA:214,35,0,18
BRDA:223,36,0,1
BRDA:233,37,0,1
BRDA:234,38,0,1
BRDA:247,39,0,1
BRDA:250,40,0,24
BRDA:263,41,0,1
BRDA:266,42,0,24
BRDA:277,43,0,1
BRDA:281,44,0,1
BRDA:286,45,0,2
BRDA:290,46,0,1
BRDA:299,47,0,1
BRDA:303,48,0,0
BRDA:313,49,0,1
BRDA:314,50,0,1
BRDA:328,51,0,1
BRDA:347,52,0,1
BRDA:348,53,0,1
BRDA:355,54,0,24
BRDA:371,55,0,1
BRDA:372,56,0,1
BRDA:380,57,0,24
BRF:58
BRH:57
end_of_record
TN:
SF:src/tests/gameStore.test.ts
FNF:0
FNH:0
DA:1,1
DA:2,1
DA:3,1
DA:4,1
DA:5,1
DA:6,1
DA:7,1
DA:9,1
DA:10,1
DA:12,1
DA:13,5
DA:14,5
DA:15,1
DA:17,1
DA:18,1
DA:20,1
DA:21,1
DA:22,1
DA:23,1
DA:24,1
DA:25,1
DA:26,1
DA:27,1
DA:28,1
DA:29,1
DA:30,1
DA:31,1
DA:32,1
DA:33,1
DA:34,1
DA:35,1
DA:36,1
DA:37,1
DA:38,1
DA:39,1
DA:40,1
DA:41,1
DA:42,1
DA:43,1
DA:44,1
DA:45,1
DA:46,1
DA:47,1
DA:48,1
DA:49,1
DA:50,1
DA:51,1
DA:52,1
DA:53,1
DA:54,1
DA:56,1
DA:57,1
DA:59,1
DA:60,1
DA:61,1
DA:62,1
DA:63,1
DA:64,1
DA:65,1
DA:66,1
DA:67,1
DA:68,1
DA:69,1
DA:70,1
DA:71,1
DA:73,1
DA:74,1
DA:76,1
DA:77,1
DA:78,1
DA:79,1
DA:80,1
DA:81,1
DA:82,1
DA:83,1
DA:84,1
DA:85,1
DA:87,1
DA:88,1
DA:89,1
DA:90,1
DA:91,1
DA:92,1
DA:94,1
DA:95,1
DA:96,1
DA:97,1
DA:98,1
DA:99,1
DA:100,1
DA:101,1
DA:102,1
DA:103,1
DA:105,1
DA:107,1
DA:109,1
DA:110,1
DA:112,1
DA:113,1
DA:114,1
DA:115,1
DA:116,1
DA:117,1
DA:118,1
DA:119,1
DA:120,1
DA:121,1
DA:122,1
DA:123,1
DA:124,1
DA:126,1
DA:127,1
DA:129,1
DA:130,1
DA:131,1
DA:132,1
DA:133,1
DA:134,1
DA:135,1
DA:136,1
DA:137,1
DA:138,1
DA:139,1
LF:123
LH:123
BRDA:9,0,0,1
BRDA:12,1,0,5
BRDA:17,2,0,1
BRDA:59,3,0,1
BRDA:87,4,0,1
BRDA:94,5,0,1
BRDA:112,6,0,1
BRF:7
BRH:7
end_of_record
TN:
SF:src/tests/inviteService.test.ts
FNF:0
FNH:0
DA:1,1
DA:2,1
DA:3,1
DA:4,1
DA:5,1
DA:6,1
DA:7,1
DA:8,1
DA:10,1
DA:11,1
DA:13,1
DA:14,1
DA:15,1
DA:16,1
DA:17,1
DA:18,1
DA:19,1
DA:21,1
DA:22,9
DA:23,1
DA:25,1
DA:26,1
DA:27,1
DA:29,1
DA:31,1
DA:32,1
DA:33,1
DA:34,1
DA:36,1
DA:37,1
DA:38,1
DA:39,1
DA:41,1
DA:43,1
DA:44,1
DA:46,1
DA:47,1
DA:49,1
DA:51,1
DA:52,1
DA:53,1
DA:55,1
DA:56,1
DA:57,1
DA:59,1
DA:61,1
DA:62,1
DA:63,1
DA:65,1
DA:66,1
DA:68,1
DA:69,1
DA:70,1
DA:71,1
DA:72,1
DA:73,1
DA:74,1
DA:76,1
DA:77,1
DA:78,1
DA:79,1
DA:80,1
DA:81,1
DA:82,1
DA:83,1
DA:84,1
DA:85,1
DA:87,1
DA:89,1
DA:90,1
DA:92,1
DA:93,1
DA:94,1
DA:96,1
DA:98,1
DA:99,1
DA:100,1
DA:102,1
DA:103,1
DA:104,1
DA:105,1
DA:106,1
DA:107,1
DA:108,1
DA:110,1
DA:112,1
DA:113,1
DA:114,1
DA:116,1
DA:117,1
DA:119,1
DA:121,1
DA:122,1
DA:123,1
DA:124,1
DA:125,1
LF:96
LH:96
BRDA:10,0,0,1
BRDA:13,1,0,1
BRDA:21,2,0,9
BRDA:25,3,0,1
BRDA:26,4,0,1
BRDA:36,5,0,1
BRDA:37,6,0,1
BRDA:46,7,0,1
BRDA:55,8,0,1
BRDA:56,9,0,1
BRDA:65,10,0,1
BRDA:69,11,0,0
BRDA:76,12,0,1
BRDA:77,13,0,1
BRDA:92,14,0,1
BRDA:102,15,0,1
BRDA:103,16,0,1
BRDA:116,17,0,1
BRF:18
BRH:17
end_of_record
TN:
SF:src/tests/tournamentService.test.ts
FNF:0
FNH:0
DA:1,1
DA:14,1
DA:15,1
DA:17,1
DA:18,1
DA:19,1
DA:20,1
DA:22,1
DA:23,1
DA:24,1
DA:25,1
DA:26,1
DA:27,1
DA:28,1
DA:30,1
DA:31,1
DA:33,1
DA:34,2
DA:35,2
DA:36,1
DA:38,1
DA:39,1
DA:40,1
DA:41,1
DA:42,1
DA:43,1
DA:44,1
DA:45,1
DA:46,1
DA:47,1
DA:48,1
DA:49,1
DA:50,1
DA:52,1
DA:53,1
DA:54,1
DA:55,1
DA:57,1
DA:58,1
DA:59,1
DA:60,1
DA:61,1
DA:63,1
DA:65,1
DA:66,1
DA:68,1
DA:69,2
DA:70,2
DA:71,1
DA:73,1
DA:74,1
DA:75,1
DA:76,1
DA:77,1
DA:78,1
DA:79,1
DA:80,1
DA:81,1
DA:82,1
DA:83,1
DA:84,1
DA:86,1
DA:87,1
DA:88,1
DA:89,1
DA:91,1
DA:92,1
DA:93,1
DA:94,1
DA:95,1
DA:96,1
DA:98,1
DA:99,1
DA:101,1
DA:102,2
DA:103,2
DA:104,1
DA:106,1
DA:107,1
DA:108,1
DA:109,1
DA:110,1
DA:111,1
DA:112,1
DA:113,1
DA:114,1
DA:115,1
DA:116,1
DA:117,1
DA:118,1
DA:119,1
DA:120,1
DA:121,1
DA:122,1
DA:123,1
DA:124,1
DA:125,1
DA:126,1
DA:127,1
DA:128,1
DA:130,1
DA:131,1
DA:132,1
DA:133,1
DA:135,1
DA:136,1
DA:137,1
DA:138,1
DA:139,1
DA:140,1
LF:110
LH:110
BRDA:14,0,0,1
BRDA:17,1,0,1
BRDA:22,2,0,1
BRDA:30,3,0,1
BRDA:33,4,0,2
BRDA:38,5,0,1
BRDA:57,6,0,1
BRDA:65,7,0,1
BRDA:68,8,0,2
BRDA:73,9,0,1
BRDA:91,10,0,1
BRDA:98,11,0,1
BRDA:101,12,0,2
BRDA:106,13,0,1
BRDA:135,14,0,1
BRF:15
BRH:15
end_of_record
TN:
SF:src/tests/ws.test.ts
FNF:0
FNH:0
DA:1,1
DA:11,1
DA:12,1
DA:13,14
DA:14,1
DA:16,1
DA:17,1
DA:18,1
DA:19,1
DA:20,1
DA:21,1
DA:22,1
DA:23,1
DA:25,1
DA:27,1
DA:29,1
DA:30,1
DA:31,1
DA:32,1
DA:33,1
DA:35,1
DA:36,1
DA:38,1
DA:40,1
DA:41,1
DA:42,1
DA:44,1
DA:45,1
DA:46,1
DA:47,1
DA:48,1
DA:49,1
DA:51,1
DA:53,1
DA:54,1
DA:55,1
DA:57,1
DA:58,1
DA:60,1
DA:62,1
DA:63,1
DA:64,1
DA:66,1
DA:67,1
DA:69,1
DA:70,3
DA:71,3
DA:72,3
DA:73,3
DA:74,1
DA:76,1
DA:77,1
DA:78,1
DA:79,1
DA:81,1
DA:83,1
DA:84,1
DA:85,1
DA:87,1
DA:88,1
DA:90,1
DA:92,1
DA:93,1
DA:95,1
DA:96,1
DA:97,1
DA:98,1
DA:100,1
DA:102,1
DA:103,1
DA:104,1
DA:105,1
DA:107,1
DA:108,1
DA:109,1
DA:110,1
DA:112,1
DA:114,1
DA:115,1
DA:117,1
DA:118,1
DA:119,1
DA:121,1
DA:123,1
DA:124,1
DA:126,1
DA:127,1
DA:128,1
DA:130,1
DA:132,1
DA:133,1
DA:135,1
DA:136,1
DA:137,1
DA:139,1
DA:140,1
DA:142,1
DA:143,1
DA:145,1
DA:146,1
DA:147,1
DA:149,1
DA:150,1
DA:152,1
DA:153,1
DA:155,1
DA:156,1
DA:157,1
DA:159,1
DA:161,1
DA:162,1
DA:164,1
DA:165,1
DA:166,1
DA:168,1
DA:170,1
DA:171,1
DA:172,1
DA:173,1
LF:119
LH:119
BRDA:11,0,0,1
BRDA:12,1,0,14
BRDA:16,2,0,1
BRDA:17,3,0,1
BRDA:23,4,0,1
BRDA:35,5,0,1
BRDA:44,6,0,1
BRDA:45,7,0,1
BRDA:57,8,0,1
BRDA:66,9,0,1
BRDA:69,10,0,3
BRDA:76,11,0,1
BRDA:77,12,0,1
BRDA:87,13,0,1
BRDA:95,14,0,1
BRDA:96,15,0,1
BRDA:107,16,0,1
BRDA:108,17,0,1
BRDA:109,18,0,1
BRDA:117,19,0,1
BRDA:118,20,0,1
BRDA:126,21,0,1
BRDA:127,22,0,1
BRDA:135,23,0,1
BRDA:145,24,0,1
BRDA:155,25,0,1
BRDA:156,26,0,1
BRDA:164,27,0,1
BRDA:165,28,0,1
BRF:29
BRH:29
end_of_record
TN:
SF:src/tests/wsStore.test.ts
FNF:0
FNH:0
DA:1,1
DA:10,1
DA:11,1
DA:12,5
DA:13,1
DA:15,1
DA:16,1
DA:17,1
DA:18,1
DA:19,1
DA:21,1
DA:23,1
DA:24,1
DA:25,1
DA:27,1
DA:28,1
DA:29,1
DA:31,1
DA:33,1
DA:34,1
DA:35,1
DA:37,1
DA:38,1
DA:39,1
DA:41,1
DA:43,1
DA:44,1
DA:46,1
DA:47,1
DA:48,1
DA:50,1
DA:52,1
DA:53,1
DA:54,1
DA:56,1
DA:57,1
DA:58,1
DA:59,1
DA:60,1
DA:62,1
DA:64,1
DA:65,1
DA:66,1
LF:43
LH:43
BRDA:10,0,0,1
BRDA:11,1,0,5
BRDA:15,2,0,1
BRDA:27,3,0,1
BRDA:37,4,0,1
BRDA:46,5,0,1
BRDA:56,6,0,1
BRF:7
BRH:7
end_of_record
TN:
SF:src/views/GameView.vue
FN:226,setup
FN:260,sendPreformedMessage
FN:273,passTheTurn
FN:285,buttonShower
FN:289,requestTimeout
FN:301,updateRemainingTime
FN:314,confirmQuit
FN:325,cancelQuit
FN:329,getAISuggestion
FN:374,formatWinMessage
FN:382,goHome
FN:385,diceThrow
FN:395,movePiece
FN:407,getGameOverShareText
FN:417,shareOnWhatsApp
FN:421,shareOnTwitter
FN:425,shareOnFacebook
FN:429,startPlaying
FN:432,throwStartDice
FN:441,proposeDoubling
FN:450,acceptDoubling
FN:459,rejectDoubling
FN:470,isYourTurn
FN:473,diceThrown
FN:476,isPlayer1
FN:479,startDiceThrowAllowed
FN:483,canDouble
FN:493,diceThrowAllowed
FN:496,winnerMessage
FN:506,starter
FN:514,winsP1
FN:520,winsP2
FN:526,last_updated
FN:109,__vite_ssr_import_11__.createElementBlock.__vite_ssr_import_11__.createElementVNode._ctx.started.__vite_ssr_import_11__.createElementBlock.__vite_ssr_import_11__.createElementVNode._ctx.canDouble.__vite_ssr_import_11__.createElementBlock.onClick._cache.<computed>._cache.<computed>
FN:127,__vite_ssr_import_11__.createElementBlock.__vite_ssr_import_11__.createElementVNode._ctx.started.__vite_ssr_import_11__.createElementBlock._ctx.isYourTurn.__vite_ssr_import_11__.createElementBlock.onClick._cache.<computed>._cache.<computed>
FN:154,onClick
FN:161,__vite_ssr_import_11__.createElementBlock.__vite_ssr_import_11__.createElementVNode._ctx.configuration._ctx.started.__vite_ssr_import_11__.createElementBlock.__vite_ssr_import_11__.createElementVNode.onClick._cache.<computed>._cache.<computed>
FN:167,__vite_ssr_import_11__.createElementBlock.__vite_ssr_import_11__.createElementVNode._ctx.configuration._ctx.started.__vite_ssr_import_11__.createElementBlock._ctx.isYourTurn._ctx.diceThrown.__vite_ssr_import_11__.createElementBlock.onClick._cache.<computed>._cache.<computed>
FN:171,__vite_ssr_import_11__.createElementBlock.__vite_ssr_import_11__.createElementVNode._ctx.configuration._ctx.started.__vite_ssr_import_11__.createElementBlock.__vite_ssr_import_11__.createElementVNode._ctx.showPassButton._ctx.isYourTurn._ctx.diceThrown.__vite_ssr_import_11__.createElementBlock.onClick._cache.<computed>._cache.<computed>
FNF:39
FNH:32
FNDA:25,setup
FNDA:1,sendPreformedMessage
FNDA:1,passTheTurn
FNDA:26,buttonShower
FNDA:1,requestTimeout
FNDA:22,updateRemainingTime
FNDA:1,confirmQuit
FNDA:1,cancelQuit
FNDA:0,getAISuggestion
FNDA:66,formatWinMessage
FNDA:0,goHome
FNDA:1,diceThrow
FNDA:1,movePiece
FNDA:4,getGameOverShareText
FNDA:1,shareOnWhatsApp
FNDA:1,shareOnTwitter
FNDA:1,shareOnFacebook
FNDA:1,startPlaying
FNDA:1,throwStartDice
FNDA:1,proposeDoubling
FNDA:1,acceptDoubling
FNDA:1,rejectDoubling
FNDA:25,isYourTurn
FNDA:26,diceThrown
FNDA:26,isPlayer1
FNDA:19,startDiceThrowAllowed
FNDA:25,canDouble
FNDA:25,diceThrowAllowed
FNDA:63,winnerMessage
FNDA:76,starter
FNDA:21,winsP1
FNDA:1,winsP2
FNDA:11,last_updated
FNDA:0,__vite_ssr_import_11__.createElementBlock.__vite_ssr_import_11__.createElementVNode._ctx.started.__vite_ssr_import_11__.createElementBlock.__vite_ssr_import_11__.createElementVNode._ctx.canDouble.__vite_ssr_import_11__.createElementBlock.onClick._cache.<computed>._cache.<computed>
FNDA:0,__vite_ssr_import_11__.createElementBlock.__vite_ssr_import_11__.createElementVNode._ctx.started.__vite_ssr_import_11__.createElementBlock._ctx.isYourTurn.__vite_ssr_import_11__.createElementBlock.onClick._cache.<computed>._cache.<computed>
FNDA:1,onClick
FNDA:0,__vite_ssr_import_11__.createElementBlock.__vite_ssr_import_11__.createElementVNode._ctx.configuration._ctx.started.__vite_ssr_import_11__.createElementBlock.__vite_ssr_import_11__.createElementVNode.onClick._cache.<computed>._cache.<computed>
FNDA:0,__vite_ssr_import_11__.createElementBlock.__vite_ssr_import_11__.createElementVNode._ctx.configuration._ctx.started.__vite_ssr_import_11__.createElementBlock._ctx.isYourTurn._ctx.diceThrown.__vite_ssr_import_11__.createElementBlock.onClick._cache.<computed>._cache.<computed>
FNDA:0,__vite_ssr_import_11__.createElementBlock.__vite_ssr_import_11__.createElementVNode._ctx.configuration._ctx.started.__vite_ssr_import_11__.createElementBlock.__vite_ssr_import_11__.createElementVNode._ctx.showPassButton._ctx.isYourTurn._ctx.diceThrown.__vite_ssr_import_11__.createElementBlock.onClick._cache.<computed>._cache.<computed>
DA:1,30
DA:2,25
DA:3,25
DA:4,25
DA:5,1
DA:6,1
DA:7,1
DA:8,1
DA:9,1
DA:10,1
DA:11,1
DA:12,1
DA:13,1
DA:14,1
DA:15,1
DA:16,1
DA:17,1
DA:19,1
DA:21,25
DA:23,1
DA:24,1
DA:25,1
DA:26,1
DA:27,1
DA:28,1
DA:29,1
DA:30,1
DA:31,1
DA:32,1
DA:33,1
DA:34,1
DA:35,1
DA:36,1
DA:37,1
DA:38,1
DA:40,25
DA:41,1
DA:42,1
DA:44,25
DA:45,1
DA:46,1
DA:48,25
DA:49,1
DA:50,1
DA:51,1
DA:52,1
DA:53,1
DA:54,1
DA:55,1
DA:56,1
DA:57,1
DA:58,1
DA:59,1
DA:60,1
DA:61,1
DA:62,1
DA:63,1
DA:64,1
DA:65,1
DA:66,1
DA:67,1
DA:68,1
DA:69,1
DA:70,1
DA:71,1
DA:72,1
DA:73,1
DA:74,1
DA:75,1
DA:76,1
DA:77,1
DA:78,1
DA:79,1
DA:80,1
DA:81,1
DA:82,1
DA:83,1
DA:84,1
DA:85,1
DA:86,1
DA:87,1
DA:88,1
DA:89,0
DA:90,0
DA:92,0
DA:93,1
DA:94,1
DA:95,1
DA:107,1
DA:108,1
DA:109,1
DA:110,1
DA:111,1
DA:123,1
DA:124,1
DA:125,1
DA:126,1
DA:127,1
DA:128,1
DA:129,1
DA:142,1
DA:143,1
DA:144,1
DA:145,1
DA:146,1
DA:147,1
DA:148,1
DA:149,1
DA:150,1
DA:151,1
DA:152,1
DA:153,1
DA:154,1
DA:155,1
DA:156,1
DA:157,1
DA:158,1
DA:159,1
DA:160,1
DA:161,1
DA:163,1
DA:165,1
DA:166,0
DA:167,0
DA:168,0
DA:169,1
DA:170,1
DA:171,1
DA:173,1
DA:174,1
DA:175,1
DA:176,1
DA:177,1
DA:178,1
DA:179,1
DA:181,1
DA:182,1
DA:183,1
DA:185,1
DA:186,1
DA:187,1
DA:188,1
DA:189,1
DA:190,1
DA:191,1
DA:192,1
DA:193,1
DA:194,1
DA:195,1
DA:196,1
DA:197,1
DA:198,1
DA:199,1
DA:200,1
DA:201,1
DA:202,1
DA:206,1
DA:207,1
DA:208,1
DA:209,1
DA:211,1
DA:212,1
DA:213,1
DA:214,1
DA:215,1
DA:216,1
DA:217,1
DA:219,1
DA:220,1
DA:221,1
DA:222,1
DA:223,1
DA:224,1
DA:225,1
DA:226,1
DA:227,25
DA:228,25
DA:229,25
DA:230,25
DA:231,25
DA:232,25
DA:233,25
DA:234,25
DA:235,25
DA:236,25
DA:237,25
DA:238,25
DA:239,25
DA:240,25
DA:241,25
DA:242,25
DA:243,25
DA:245,25
DA:246,25
DA:248,25
DA:250,25
DA:251,25
DA:252,25
DA:253,25
DA:254,25
DA:255,25
DA:256,25
DA:258,25
DA:260,25
DA:261,1
DA:262,1
DA:263,1
DA:264,0
DA:265,0
DA:266,0
DA:267,0
DA:268,1
DA:270,25
DA:271,25
DA:273,25
DA:274,1
DA:275,1
DA:276,1
DA:277,1
DA:278,0
DA:279,0
DA:280,0
DA:281,0
DA:282,1
DA:284,25
DA:285,25
DA:286,26
DA:287,26
DA:289,25
DA:290,1
DA:291,1
DA:292,1
DA:293,1
DA:294,1
DA:295,1
DA:296,1
DA:297,1
DA:299,25
DA:301,25
DA:302,22
DA:303,22
DA:304,22
DA:305,22
DA:306,22
DA:307,22
DA:308,22
DA:309,22
DA:310,22
DA:311,22
DA:313,25
DA:314,25
DA:315,1
DA:316,1
DA:317,1
DA:318,1
DA:319,0
DA:320,0
DA:321,0
DA:322,0
DA:323,1
DA:325,25
DA:326,1
DA:327,1
DA:329,25
DA:330,0
DA:331,0
DA:333,25
DA:334,25
DA:335,25
DA:336,25
DA:337,25
DA:338,25
DA:339,25
DA:340,25
DA:341,25
DA:342,25
DA:343,25
DA:344,25
DA:345,25
DA:346,25
DA:347,25
DA:348,25
DA:349,25
DA:350,25
DA:351,25
DA:352,25
DA:353,25
DA:354,25
DA:355,25
DA:356,25
DA:357,25
DA:358,25
DA:359,25
DA:360,25
DA:361,25
DA:362,25
DA:363,25
DA:364,25
DA:365,25
DA:366,25
DA:367,25
DA:368,25
DA:369,25
DA:370,25
DA:371,25
DA:372,25
DA:373,1
DA:374,1
DA:375,66
DA:376,66
DA:377,66
DA:378,65
DA:379,65
DA:380,66
DA:381,66
DA:382,1
DA:383,0
DA:384,0
DA:385,1
DA:386,1
DA:387,1
DA:388,1
DA:389,1
DA:390,0
DA:391,0
DA:392,0
DA:393,0
DA:394,1
DA:395,1
DA:396,1
DA:397,1
DA:398,1
DA:399,1
DA:400,1
DA:401,1
DA:402,1
DA:403,1
DA:404,1
DA:405,1
DA:406,1
DA:407,1
DA:408,4
DA:409,0
DA:410,4
DA:411,1
DA:412,4
DA:413,0
DA:414,3
DA:415,3
DA:416,3
DA:417,1
DA:418,1
DA:419,1
DA:420,1
DA:421,1
DA:422,1
DA:423,1
DA:424,1
DA:425,1
DA:426,1
DA:427,1
DA:428,1
DA:429,1
DA:430,1
DA:431,1
DA:432,1
DA:433,1
DA:434,1
DA:435,1
DA:436,1
DA:437,1
DA:438,1
DA:439,1
DA:440,1
DA:441,1
DA:442,1
DA:443,1
DA:444,1
DA:445,1
DA:446,1
DA:447,1
DA:448,1
DA:449,1
DA:450,1
DA:451,1
DA:452,1
DA:453,1
DA:454,1
DA:455,1
DA:456,1
DA:457,1
DA:458,1
DA:459,1
DA:460,1
DA:461,1
DA:462,1
DA:463,1
DA:464,1
DA:465,1
DA:466,1
DA:467,1
DA:468,1
DA:469,1
DA:470,1
DA:471,25
DA:472,25
DA:473,1
DA:474,26
DA:475,26
DA:476,1
DA:477,26
DA:478,26
DA:479,1
DA:480,19
DA:481,19
DA:482,19
DA:483,1
DA:484,25
DA:485,25
DA:486,25
DA:488,25
DA:490,25
DA:491,25
DA:492,25
DA:493,1
DA:494,25
DA:495,25
DA:496,1
DA:497,63
DA:498,41
DA:499,63
DA:500,22
DA:501,22
DA:502,0
DA:503,63
DA:504,1
DA:505,1
DA:506,1
DA:507,76
DA:508,76
DA:509,57
DA:510,57
DA:511,38
DA:512,38
DA:513,76
DA:514,1
DA:515,21
DA:516,0
DA:517,0
DA:518,0
DA:519,21
DA:520,1
DA:521,1
DA:522,0
DA:523,0
DA:524,0
DA:525,1
DA:526,1
DA:527,11
DA:528,11
DA:529,1
DA:530,1
LF:462
LH:427
BRDA:226,0,0,25
BRDA:252,1,0,25
BRDA:254,2,0,0
BRDA:260,3,0,1
BRDA:263,4,0,0
BRDA:273,5,0,1
BRDA:277,6,0,0
BRDA:285,7,0,26
BRDA:289,8,0,1
BRDA:291,9,0,0
BRDA:294,10,0,0
BRDA:301,11,0,22
BRDA:307,12,0,0
BRDA:314,13,0,1
BRDA:318,14,0,0
BRDA:325,15,0,1
BRDA:334,16,0,25
BRDA:337,17,0,26
BRDA:337,18,0,25
BRDA:337,19,0,1
BRDA:338,20,0,25
BRDA:338,21,0,0
BRDA:340,22,0,26
BRDA:341,23,0,19
BRDA:361,24,0,98
BRDA:361,25,0,57
BRDA:374,26,0,66
BRDA:377,27,0,1
BRDA:377,28,0,65
BRDA:379,29,0,1
BRDA:385,30,0,1
BRDA:389,31,0,0
BRDA:395,32,0,1
BRDA:401,33,0,1
BRDA:403,34,0,0
BRDA:407,35,0,4
BRDA:408,36,0,0
BRDA:408,37,0,0
BRDA:410,38,0,1
BRDA:412,39,0,3
BRDA:412,40,0,0
BRDA:412,41,0,0
BRDA:417,42,0,1
BRDA:421,43,0,1
BRDA:425,44,0,1
BRDA:429,45,0,1
BRDA:432,46,0,1
BRDA:435,47,0,1
BRDA:437,48,0,0
BRDA:441,49,0,1
BRDA:444,50,0,1
BRDA:446,51,0,0
BRDA:450,52,0,1
BRDA:453,53,0,1
BRDA:455,54,0,0
BRDA:459,55,0,1
BRDA:462,56,0,1
BRDA:464,57,0,0
BRDA:470,58,0,25
BRDA:471,59,0,0
BRDA:473,60,0,26
BRDA:474,61,0,25
BRDA:476,62,0,26
BRDA:479,63,0,19
BRDA:480,64,0,0
BRDA:483,65,0,25
BRDA:485,66,0,0
BRDA:486,67,0,0
BRDA:490,68,0,0
BRDA:490,69,0,0
BRDA:490,70,0,0
BRDA:490,71,0,0
BRDA:491,72,0,0
BRDA:493,73,0,25
BRDA:494,74,0,0
BRDA:494,75,0,0
BRDA:496,76,0,63
BRDA:497,77,0,41
BRDA:499,78,0,22
BRDA:501,79,0,0
BRDA:506,80,0,76
BRDA:507,81,0,19
BRDA:508,82,0,19
BRDA:508,83,0,57
BRDA:509,84,0,19
BRDA:509,85,0,19
BRDA:510,86,0,19
BRDA:510,87,0,38
BRDA:511,88,0,19
BRDA:511,89,0,19
BRDA:511,90,0,0
BRDA:512,91,0,19
BRDA:514,92,0,21
BRDA:515,93,0,0
BRDA:520,94,0,1
BRDA:521,95,0,0
BRDA:526,96,0,11
BRDA:1,97,0,25
BRDA:9,98,0,0
BRDA:10,99,0,0
BRDA:19,100,0,25
BRDA:25,101,0,6
BRDA:25,102,0,136
BRDA:26,103,0,0
BRDA:1,104,0,30
BRDA:38,105,0,25
BRDA:42,106,0,25
BRDA:46,107,0,25
BRDA:1,108,0,94
BRDA:51,109,0,78
BRDA:51,110,0,94
BRDA:1,111,0,30
BRDA:84,112,0,19
BRDA:1,113,0,0
BRDA:88,114,0,0
BRDA:109,115,0,0
BRDA:123,116,0,0
BRDA:127,117,0,25
BRDA:1,118,0,2
BRDA:1,119,0,30
BRDA:1,120,0,30
BRDA:1,121,0,30
BRDA:161,122,0,25
BRDA:165,123,0,0
BRDA:165,124,0,0
BRDA:1,125,0,30
BRDA:14,126,0,224
BRDA:14,127,0,202
BRDA:30,128,0,284
BRDA:30,129,0,142
BRDA:147,130,0,0
BRDA:154,131,0,1
BRF:132
BRH:89
end_of_record
TN:
SF:src/views/HomeView.vue
FN:104,setup
FN:122,logout
FN:127,receiveInvites
FN:136,showInvites
FN:141,acceptInvite
FN:153,closeOverlay
FN:81,__vite_ssr_import_6__.createElementBlock.__vite_ssr_import_6__.createElementVNode.__vite_ssr_import_6__.createElementVNode.__vite_ssr_import_6__.createElementVNode.onClick._cache.<computed>._cache.<computed>
FNF:7
FNH:7
FNDA:11,setup
FNDA:1,logout
FNDA:1,receiveInvites
FNDA:1,showInvites
FNDA:1,acceptInvite
FNDA:1,closeOverlay
FNDA:1,__vite_ssr_import_6__.createElementBlock.__vite_ssr_import_6__.createElementVNode.__vite_ssr_import_6__.createElementVNode.__vite_ssr_import_6__.createElementVNode.onClick._cache.<computed>._cache.<computed>
DA:1,1
DA:2,1
DA:3,1
DA:4,1
DA:5,1
DA:6,1
DA:7,1
DA:9,1
DA:10,1
DA:11,1
DA:12,1
DA:13,1
DA:14,1
DA:15,1
DA:16,1
DA:17,1
DA:18,1
DA:19,1
DA:20,1
DA:21,1
DA:22,1
DA:23,1
DA:24,1
DA:26,1
DA:27,1
DA:28,1
DA:29,1
DA:30,1
DA:31,1
DA:32,1
DA:33,1
DA:35,1
DA:36,1
DA:37,1
DA:38,1
DA:39,1
DA:40,1
DA:41,1
DA:42,1
DA:44,1
DA:45,1
DA:46,1
DA:47,1
DA:48,1
DA:49,1
DA:50,1
DA:51,1
DA:53,1
DA:54,1
DA:55,1
DA:57,1
DA:58,1
DA:59,1
DA:60,1
DA:61,1
DA:62,1
DA:63,1
DA:64,1
DA:65,1
DA:66,1
DA:67,1
DA:68,1
DA:69,1
DA:70,1
DA:71,1
DA:72,1
DA:73,1
DA:74,1
DA:75,1
DA:76,1
DA:77,1
DA:78,1
DA:79,1
DA:80,1
DA:81,1
DA:82,1
DA:83,1
DA:84,1
DA:85,1
DA:89,1
DA:90,1
DA:91,1
DA:92,1
DA:93,1
DA:94,1
DA:102,1
DA:103,1
DA:104,1
DA:105,11
DA:107,11
DA:108,11
DA:109,11
DA:110,11
DA:112,11
DA:113,11
DA:114,11
DA:116,11
DA:117,11
DA:118,11
DA:119,0
DA:120,11
DA:122,11
DA:123,1
DA:124,1
DA:125,1
DA:127,11
DA:128,1
DA:129,1
DA:130,1
DA:131,1
DA:132,0
DA:133,0
DA:134,1
DA:136,11
DA:137,1
DA:138,1
DA:139,1
DA:141,11
DA:142,1
DA:143,1
DA:144,1
DA:145,1
DA:146,1
DA:147,1
DA:148,1
DA:149,1
DA:150,1
DA:151,1
DA:153,11
DA:154,1
DA:155,1
DA:157,11
DA:158,11
DA:159,1
LF:134
LH:131
BRDA:104,0,0,11
BRDA:112,1,0,11
BRDA:113,2,0,11
BRDA:122,3,0,1
BRDA:124,4,0,0
BRDA:127,5,0,1
BRDA:131,6,0,0
BRDA:136,7,0,1
BRDA:141,8,0,1
BRDA:153,9,0,1
BRDA:1,10,0,23
BRDA:46,11,0,11
BRDA:51,12,0,11
BRDA:62,13,0,3
BRDA:63,14,0,3
BRDA:63,15,0,1
BRDA:1,16,0,24
BRDA:81,17,0,11
BRDA:11,18,0,29
BRDA:12,19,0,6
BRDA:16,20,0,23
BRDA:16,21,0,6
BRDA:21,22,0,6
BRDA:24,23,0,3
BRDA:30,24,0,29
BRDA:33,25,0,11
BRDA:39,26,0,29
BRDA:42,27,0,11
BRDA:46,28,0,1
BRDA:1,29,0,1
BRDA:81,30,0,1
BRF:31
BRH:29
end_of_record
TN:
SF:src/views/LeaderboardView.vue
FN:115,setup
FN:142,goHome
FN:145,getPositionColor
FN:157,toggleGoogleFriends
FN:15,__vite_ssr_import_5__.createElementBlock.__vite_ssr_import_5__.createElementVNode._ctx.myData.__vite_ssr_import_5__.createElementBlock._ctx.isGoogle.__vite_ssr_import_5__.createElementBlock.__vite_ssr_import_5__.withDirectives.__vite_ssr_import_5__.createElementVNode.onChange._cache.<computed>._cache.<computed>
FN:15,__vite_ssr_import_5__.createElementBlock.__vite_ssr_import_5__.createElementVNode._ctx.myData.__vite_ssr_import_5__.createElementBlock._ctx.isGoogle.__vite_ssr_import_5__.createElementBlock.__vite_ssr_import_5__.withDirectives.__vite_ssr_import_5__.createElementVNode.onUpdate:modelValue._cache.<computed>._cache.<computed>
FNF:6
FNH:4
FNDA:4,setup
FNDA:1,goHome
FNDA:43,getPositionColor
FNDA:2,toggleGoogleFriends
FNDA:0,__vite_ssr_import_5__.createElementBlock.__vite_ssr_import_5__.createElementVNode._ctx.myData.__vite_ssr_import_5__.createElementBlock._ctx.isGoogle.__vite_ssr_import_5__.createElementBlock.__vite_ssr_import_5__.withDirectives.__vite_ssr_import_5__.createElementVNode.onChange._cache.<computed>._cache.<computed>
FNDA:0,__vite_ssr_import_5__.createElementBlock.__vite_ssr_import_5__.createElementVNode._ctx.myData.__vite_ssr_import_5__.createElementBlock._ctx.isGoogle.__vite_ssr_import_5__.createElementBlock.__vite_ssr_import_5__.withDirectives.__vite_ssr_import_5__.createElementVNode.onUpdate:modelValue._cache.<computed>._cache.<computed>
DA:1,0
DA:2,1
DA:3,1
DA:4,1
DA:6,1
DA:8,1
DA:10,1
DA:11,1
DA:13,1
DA:14,1
DA:15,1
DA:16,1
DA:18,1
DA:19,1
DA:20,1
DA:21,1
DA:22,1
DA:23,1
DA:24,1
DA:26,1
DA:27,1
DA:28,1
DA:29,1
DA:30,1
DA:31,1
DA:32,1
DA:33,1
DA:34,1
DA:35,1
DA:36,1
DA:37,1
DA:38,1
DA:39,1
DA:41,1
DA:42,1
DA:43,1
DA:44,1
DA:45,1
DA:46,1
DA:48,1
DA:49,1
DA:50,1
DA:51,1
DA:52,1
DA:53,1
DA:54,1
DA:55,1
DA:56,1
DA:58,1
DA:59,1
DA:60,1
DA:61,1
DA:62,1
DA:64,1
DA:65,1
DA:66,1
DA:67,1
DA:68,1
DA:69,1
DA:70,1
DA:72,1
DA:73,1
DA:74,1
DA:75,1
DA:76,1
DA:77,1
DA:78,1
DA:79,1
DA:80,1
DA:81,1
DA:82,1
DA:83,1
DA:84,1
DA:85,1
DA:86,1
DA:87,1
DA:88,1
DA:89,1
DA:91,1
DA:92,1
DA:93,1
DA:94,1
DA:95,1
DA:96,1
DA:100,1
DA:101,1
DA:102,1
DA:103,1
DA:104,1
DA:113,1
DA:114,1
DA:115,1
DA:116,4
DA:117,4
DA:118,4
DA:119,4
DA:120,4
DA:122,4
DA:123,4
DA:124,3
DA:126,3
DA:127,3
DA:130,3
DA:131,3
DA:132,3
DA:133,3
DA:134,3
DA:135,3
DA:136,3
DA:137,4
DA:139,4
DA:140,4
DA:141,1
DA:142,1
DA:143,1
DA:144,1
DA:145,1
DA:146,43
DA:147,43
DA:148,5
DA:149,43
DA:150,5
DA:151,43
DA:152,5
DA:153,43
DA:154,28
DA:155,43
DA:156,43
DA:157,1
DA:158,2
DA:159,1
DA:160,1
DA:161,1
DA:162,1
DA:163,2
DA:164,1
DA:165,1
LF:137
LH:136
BRDA:115,0,0,4
BRDA:122,1,0,4
BRDA:123,2,0,3
BRDA:126,3,0,18
BRDA:127,4,0,63
BRDA:142,5,0,1
BRDA:145,6,0,43
BRDA:147,7,0,5
BRDA:149,8,0,5
BRDA:151,9,0,5
BRDA:153,10,0,28
BRDA:157,11,0,2
BRDA:158,12,0,1
BRDA:45,13,0,4
BRDA:68,14,0,5
BRDA:1,15,0,0
BRDA:1,16,0,0
BRDA:22,17,0,10
BRF:18
BRH:16
end_of_record
TN:
SF:src/views/MatchOverView.vue
FN:111,setup
FNF:1
FNH:0
FNDA:0,setup
DA:1,1
DA:3,1
DA:4,1
DA:6,1
DA:7,1
DA:8,1
DA:9,1
DA:10,1
DA:11,1
DA:13,1
DA:14,1
DA:15,1
DA:17,1
DA:18,1
DA:19,1
DA:21,1
DA:22,1
DA:23,1
DA:24,1
DA:25,1
DA:26,1
DA:27,1
DA:28,1
DA:29,1
DA:30,1
DA:31,1
DA:32,1
DA:33,1
DA:34,1
DA:35,1
DA:36,1
DA:37,1
DA:38,1
DA:39,1
DA:40,1
DA:41,1
DA:42,1
DA:43,1
DA:44,1
DA:46,1
DA:47,1
DA:48,1
DA:49,1
DA:50,1
DA:52,1
DA:53,1
DA:54,1
DA:55,1
DA:56,1
DA:57,1
DA:58,1
DA:59,1
DA:60,1
DA:61,1
DA:62,1
DA:63,1
DA:64,1
DA:65,1
DA:66,1
DA:67,1
DA:68,1
DA:69,1
DA:70,1
DA:71,1
DA:73,1
DA:74,1
DA:75,1
DA:76,1
DA:77,1
DA:78,1
DA:79,1
DA:80,1
DA:81,1
DA:82,1
DA:83,1
DA:84,1
DA:85,1
DA:86,1
DA:87,1
DA:89,1
DA:90,1
DA:91,1
DA:92,1
DA:94,1
DA:95,1
DA:96,1
DA:97,1
DA:102,1
DA:103,1
DA:104,1
DA:105,1
DA:106,1
DA:107,1
DA:109,1
DA:110,1
DA:111,1
DA:112,0
DA:113,0
DA:115,0
DA:116,0
DA:117,0
DA:119,0
DA:120,0
DA:121,0
DA:124,0
DA:125,0
DA:128,0
DA:129,0
DA:130,0
DA:132,0
DA:134,0
DA:135,0
DA:136,0
DA:137,0
DA:138,0
DA:139,0
DA:140,0
DA:144,0
DA:145,0
DA:146,0
DA:147,0
DA:148,0
DA:149,0
DA:151,0
DA:152,0
DA:153,0
DA:154,0
DA:155,0
DA:156,0
DA:157,0
DA:158,0
DA:159,0
DA:160,0
DA:161,0
DA:162,0
DA:164,0
DA:165,0
DA:166,0
DA:167,0
DA:168,0
DA:169,0
DA:170,0
DA:171,0
DA:173,0
DA:174,0
DA:175,0
DA:176,0
DA:178,0
DA:179,0
DA:180,0
DA:181,0
DA:182,0
DA:183,0
DA:184,0
DA:185,0
DA:186,0
DA:187,0
DA:188,0
DA:189,0
DA:190,0
DA:191,0
DA:192,0
DA:193,0
DA:194,0
DA:195,1
LF:165
LH:97
BRF:0
BRH:0
end_of_record
TN:
SF:src/views/PasswordRecoveryView.vue
FN:74,setup
FN:78,buttonRequestPasswordRecovery
FN:87,goBack
FNF:3
FNH:2
FNDA:2,setup
FNDA:2,buttonRequestPasswordRecovery
FNDA:0,goBack
DA:1,2
DA:2,1
DA:3,1
DA:4,1
DA:5,1
DA:6,1
DA:7,1
DA:8,1
DA:9,1
DA:10,1
DA:11,1
DA:12,1
DA:13,1
DA:14,1
DA:15,1
DA:16,1
DA:17,1
DA:18,1
DA:45,1
DA:46,1
DA:47,1
DA:48,1
DA:49,1
DA:50,1
DA:51,1
DA:52,1
DA:53,1
DA:55,1
DA:56,1
DA:57,1
DA:58,1
DA:59,1
DA:60,1
DA:61,1
DA:62,1
DA:63,1
DA:64,1
DA:65,1
DA:69,1
DA:70,1
DA:72,1
DA:73,1
DA:74,1
DA:75,2
DA:76,2
DA:78,2
DA:79,2
DA:80,2
DA:81,2
DA:82,2
DA:83,1
DA:84,1
DA:85,2
DA:87,2
DA:88,0
DA:89,0
DA:91,2
DA:92,2
DA:93,1
LF:59
LH:57
BRDA:74,0,0,2
BRDA:78,1,0,2
BRDA:80,2,0,1
BRDA:81,3,0,0
BRDA:82,4,0,1
BRDA:1,5,0,2
BRF:6
BRH:5
end_of_record
TN:
SF:src/views/PasswordResetView.vue
FN:62,setup
FN:74,buttonResetPassword
FN:87,goBack
FNF:3
FNH:2
FNDA:2,setup
FNDA:2,buttonResetPassword
FNDA:0,goBack
DA:1,1
DA:2,1
DA:3,1
DA:4,1
DA:5,1
DA:6,1
DA:7,1
DA:8,1
DA:9,1
DA:10,1
DA:11,1
DA:12,1
DA:13,1
DA:14,1
DA:15,1
DA:16,1
DA:17,1
DA:18,1
DA:19,1
DA:20,1
DA:21,1
DA:22,1
DA:23,1
DA:24,1
DA:25,1
DA:26,1
DA:27,1
DA:28,1
DA:29,1
DA:30,1
DA:31,1
DA:32,1
DA:33,1
DA:34,1
DA:35,1
DA:36,1
DA:37,1
DA:38,1
DA:39,1
DA:40,1
DA:42,1
DA:43,1
DA:44,1
DA:45,1
DA:46,1
DA:47,1
DA:48,1
DA:49,1
DA:50,1
DA:51,1
DA:52,1
DA:56,1
DA:57,1
DA:58,1
DA:60,1
DA:61,1
DA:62,1
DA:63,2
DA:64,2
DA:65,2
DA:66,2
DA:67,2
DA:68,2
DA:70,2
DA:71,2
DA:72,2
DA:74,2
DA:75,2
DA:76,0
DA:77,0
DA:78,0
DA:79,2
DA:80,2
DA:81,2
DA:82,2
DA:83,1
DA:84,1
DA:85,2
DA:87,2
DA:88,0
DA:89,0
DA:91,2
DA:92,2
DA:93,1
LF:84
LH:79
BRDA:62,0,0,2
BRDA:70,1,0,2
BRDA:71,2,0,0
BRDA:74,3,0,2
BRDA:75,4,0,0
BRDA:80,5,0,1
BRDA:81,6,0,0
BRDA:82,7,0,1
BRF:8
BRH:5
end_of_record
TN:
SF:src/views/PlayAiView.vue
FN:64,setup
FN:75,data
FN:89,goHome
FN:92,startGame
FN:18,__vite_ssr_import_4__.createElementBlock.__vite_ssr_import_4__.createElementVNode.__vite_ssr_import_4__.createElementVNode.__vite_ssr_import_4__.createElementVNode.__vite_ssr_import_4__.createElementVNode.__vite_ssr_import_4__.createElementVNode.__vite_ssr_import_4__.createElementVNode.__vite_ssr_import_4__.withDirectives.__vite_ssr_import_4__.createElementVNode.onUpdate:modelValue._cache.<computed>._cache.<computed>
FN:31,__vite_ssr_import_4__.createElementBlock.__vite_ssr_import_4__.createElementVNode.__vite_ssr_import_4__.createElementVNode.__vite_ssr_import_4__.createElementVNode.__vite_ssr_import_4__.createElementVNode.__vite_ssr_import_4__.createElementVNode.__vite_ssr_import_4__.createElementVNode.__vite_ssr_import_4__.withDirectives.__vite_ssr_import_4__.createElementVNode.onUpdate:modelValue._cache.<computed>._cache.<computed>
FN:42,__vite_ssr_import_4__.createElementBlock.__vite_ssr_import_4__.createElementVNode.__vite_ssr_import_4__.createElementVNode.__vite_ssr_import_4__.createElementVNode.__vite_ssr_import_4__.createElementVNode.onClick._cache.<computed>._cache.<computed>
FNF:7
FNH:5
FNDA:3,setup
FNDA:3,data
FNDA:1,goHome
FNDA:0,startGame
FNDA:1,__vite_ssr_import_4__.createElementBlock.__vite_ssr_import_4__.createElementVNode.__vite_ssr_import_4__.createElementVNode.__vite_ssr_import_4__.createElementVNode.__vite_ssr_import_4__.createElementVNode.__vite_ssr_import_4__.createElementVNode.__vite_ssr_import_4__.createElementVNode.__vite_ssr_import_4__.withDirectives.__vite_ssr_import_4__.createElementVNode.onUpdate:modelValue._cache.<computed>._cache.<computed>
FNDA:1,__vite_ssr_import_4__.createElementBlock.__vite_ssr_import_4__.createElementVNode.__vite_ssr_import_4__.createElementVNode.__vite_ssr_import_4__.createElementVNode.__vite_ssr_import_4__.createElementVNode.__vite_ssr_import_4__.createElementVNode.__vite_ssr_import_4__.createElementVNode.__vite_ssr_import_4__.withDirectives.__vite_ssr_import_4__.createElementVNode.onUpdate:modelValue._cache.<computed>._cache.<computed>
FNDA:0,__vite_ssr_import_4__.createElementBlock.__vite_ssr_import_4__.createElementVNode.__vite_ssr_import_4__.createElementVNode.__vite_ssr_import_4__.createElementVNode.__vite_ssr_import_4__.createElementVNode.onClick._cache.<computed>._cache.<computed>
DA:1,1
DA:2,1
DA:3,1
DA:4,1
DA:6,1
DA:8,1
DA:10,1
DA:11,1
DA:13,1
DA:14,1
DA:15,1
DA:16,1
DA:17,1
DA:18,1
DA:19,1
DA:20,1
DA:21,1
DA:22,1
DA:23,1
DA:24,1
DA:25,1
DA:27,1
DA:28,1
DA:29,1
DA:30,1
DA:31,1
DA:32,1
DA:33,1
DA:34,1
DA:35,1
DA:36,1
DA:37,1
DA:38,1
DA:39,1
DA:41,1
DA:42,1
DA:43,1
DA:44,1
DA:45,1
DA:46,1
DA:47,1
DA:49,1
DA:50,1
DA:51,1
DA:52,1
DA:53,1
DA:57,1
DA:58,1
DA:59,1
DA:60,1
DA:62,1
DA:63,1
DA:64,1
DA:65,3
DA:67,3
DA:68,3
DA:69,3
DA:70,0
DA:71,3
DA:73,3
DA:74,3
DA:75,1
DA:79,3
DA:80,3
DA:81,3
DA:82,3
DA:83,3
DA:84,3
DA:85,3
DA:86,1
DA:87,1
DA:88,1
DA:89,1
DA:90,1
DA:91,1
DA:92,1
DA:93,0
DA:94,0
DA:95,0
DA:96,0
DA:97,0
DA:98,0
DA:99,0
DA:100,1
DA:101,1
DA:102,1
DA:103,1
LF:87
LH:79
BRDA:64,0,0,3
BRDA:75,1,0,3
BRDA:89,2,0,1
BRDA:18,3,0,3
BRDA:31,4,0,3
BRDA:42,5,0,3
BRDA:18,6,0,1
BRDA:31,7,0,1
BRF:8
BRH:8
end_of_record
TN:
SF:src/views/PlayHumanView.vue
FN:86,setup
FN:100,data
FN:120,filteredUsers
FN:125,filteredEmails
FN:150,goHome
FN:153,fetchUsers
FN:169,selectUser
FN:174,selectEmail
FN:179,sendInvite
FN:188,sendRandomInvite
FN:199,toggleGoogleFriends
FN:208,searchQuery
FN:13,__vite_ssr_import_7__.createElementBlock.__vite_ssr_import_7__.createElementVNode.__vite_ssr_import_7__.createElementVNode.__vite_ssr_import_7__.createElementVNode.onClick._cache.<computed>._cache.<computed>
FN:26,__vite_ssr_import_7__.createElementBlock.__vite_ssr_import_7__.createElementVNode.__vite_ssr_import_7__.createElementVNode._ctx.isGoogle.__vite_ssr_import_7__.createElementBlock.__vite_ssr_import_7__.withDirectives.__vite_ssr_import_7__.createElementVNode.onUpdate:modelValue._cache.<computed>._cache.<computed>
FN:27,__vite_ssr_import_7__.createElementBlock.__vite_ssr_import_7__.createElementVNode.__vite_ssr_import_7__.createElementVNode._ctx.isGoogle.__vite_ssr_import_7__.createElementBlock.__vite_ssr_import_7__.withDirectives.__vite_ssr_import_7__.createElementVNode.onChange._cache.<computed>._cache.<computed>
FN:32,__vite_ssr_import_7__.createElementBlock.__vite_ssr_import_7__.createElementVNode.__vite_ssr_import_7__.createElementVNode.__vite_ssr_import_7__.createElementVNode.__vite_ssr_import_7__.withDirectives.__vite_ssr_import_7__.createElementVNode.onInput._cache.<computed>._cache.<computed>
FN:39,onClick
FN:49,__vite_ssr_import_7__.createElementBlock.__vite_ssr_import_7__.createElementVNode.__vite_ssr_import_7__.createElementVNode.__vite_ssr_import_7__.createElementVNode.__vite_ssr_import_7__.createElementVNode.__vite_ssr_import_7__.createElementVNode.__vite_ssr_import_7__.withDirectives.__vite_ssr_import_7__.createElementVNode.onUpdate:modelValue._cache.<computed>._cache.<computed>
FN:59,__vite_ssr_import_7__.createElementBlock.__vite_ssr_import_7__.createElementVNode.__vite_ssr_import_7__.createElementVNode.__vite_ssr_import_7__.createElementVNode.__vite_ssr_import_7__.createElementVNode.onClick._cache.<computed>._cache.<computed>
FNF:19
FNH:12
FNDA:15,setup
FNDA:15,data
FNDA:3,filteredUsers
FNDA:4,filteredEmails
FNDA:1,goHome
FNDA:3,fetchUsers
FNDA:1,selectUser
FNDA:1,selectEmail
FNDA:1,sendInvite
FNDA:1,sendRandomInvite
FNDA:1,toggleGoogleFriends
FNDA:14,searchQuery
FNDA:0,__vite_ssr_import_7__.createElementBlock.__vite_ssr_import_7__.createElementVNode.__vite_ssr_import_7__.createElementVNode.__vite_ssr_import_7__.createElementVNode.onClick._cache.<computed>._cache.<computed>
FNDA:0,__vite_ssr_import_7__.createElementBlock.__vite_ssr_import_7__.createElementVNode.__vite_ssr_import_7__.createElementVNode._ctx.isGoogle.__vite_ssr_import_7__.createElementBlock.__vite_ssr_import_7__.withDirectives.__vite_ssr_import_7__.createElementVNode.onUpdate:modelValue._cache.<computed>._cache.<computed>
FNDA:0,__vite_ssr_import_7__.createElementBlock.__vite_ssr_import_7__.createElementVNode.__vite_ssr_import_7__.createElementVNode._ctx.isGoogle.__vite_ssr_import_7__.createElementBlock.__vite_ssr_import_7__.withDirectives.__vite_ssr_import_7__.createElementVNode.onChange._cache.<computed>._cache.<computed>
FNDA:0,__vite_ssr_import_7__.createElementBlock.__vite_ssr_import_7__.createElementVNode.__vite_ssr_import_7__.createElementVNode.__vite_ssr_import_7__.createElementVNode.__vite_ssr_import_7__.withDirectives.__vite_ssr_import_7__.createElementVNode.onInput._cache.<computed>._cache.<computed>
FNDA:0,onClick
FNDA:0,__vite_ssr_import_7__.createElementBlock.__vite_ssr_import_7__.createElementVNode.__vite_ssr_import_7__.createElementVNode.__vite_ssr_import_7__.createElementVNode.__vite_ssr_import_7__.createElementVNode.__vite_ssr_import_7__.createElementVNode.__vite_ssr_import_7__.withDirectives.__vite_ssr_import_7__.createElementVNode.onUpdate:modelValue._cache.<computed>._cache.<computed>
FNDA:0,__vite_ssr_import_7__.createElementBlock.__vite_ssr_import_7__.createElementVNode.__vite_ssr_import_7__.createElementVNode.__vite_ssr_import_7__.createElementVNode.__vite_ssr_import_7__.createElementVNode.onClick._cache.<computed>._cache.<computed>
DA:1,29
DA:2,1
DA:3,1
DA:4,1
DA:6,1
DA:8,1
DA:10,1
DA:11,1
DA:12,1
DA:13,1
DA:14,1
DA:16,1
DA:18,1
DA:19,1
DA:20,1
DA:21,1
DA:22,1
DA:24,1
DA:25,1
DA:26,1
DA:27,1
DA:28,1
DA:30,1
DA:31,1
DA:32,1
DA:33,1
DA:34,1
DA:35,1
DA:36,1
DA:37,1
DA:38,1
DA:39,1
DA:40,1
DA:41,1
DA:42,1
DA:43,1
DA:45,1
DA:46,1
DA:47,1
DA:48,1
DA:49,1
DA:50,1
DA:51,1
DA:52,1
DA:53,1
DA:54,1
DA:55,1
DA:56,1
DA:58,1
DA:59,1
DA:60,1
DA:61,1
DA:62,1
DA:63,1
DA:64,1
DA:66,1
DA:67,1
DA:68,1
DA:69,1
DA:70,1
DA:71,1
DA:76,1
DA:77,1
DA:78,1
DA:79,1
DA:80,1
DA:81,1
DA:82,1
DA:84,1
DA:85,1
DA:86,1
DA:87,15
DA:88,15
DA:89,15
DA:90,15
DA:92,15
DA:93,15
DA:94,15
DA:95,0
DA:96,15
DA:98,15
DA:99,15
DA:100,1
DA:108,15
DA:109,15
DA:110,15
DA:111,15
DA:112,15
DA:113,15
DA:114,15
DA:115,15
DA:116,15
DA:117,15
DA:118,15
DA:119,1
DA:120,1
DA:121,3
DA:122,2
DA:123,3
DA:124,3
DA:125,1
DA:126,4
DA:127,12
DA:128,4
DA:129,4
DA:130,1
DA:131,1
DA:132,1
DA:138,3
DA:139,3
DA:140,3
DA:141,1
DA:142,0
DA:143,1
DA:144,1
DA:145,1
DA:146,3
DA:147,2
DA:148,2
DA:149,1
DA:150,1
DA:151,1
DA:152,1
DA:153,1
DA:154,3
DA:155,3
DA:156,3
DA:157,3
DA:158,2
DA:159,2
DA:160,3
DA:161,0
DA:162,0
DA:163,2
DA:164,3
DA:165,1
DA:166,1
DA:167,1
DA:168,3
DA:169,1
DA:170,1
DA:171,1
DA:172,1
DA:173,1
DA:174,1
DA:175,1
DA:176,1
DA:177,1
DA:178,1
DA:179,1
DA:180,1
DA:181,1
DA:182,1
DA:183,1
DA:184,1
DA:185,0
DA:186,0
DA:187,1
DA:188,1
DA:189,1
DA:190,1
DA:191,1
DA:192,0
DA:193,0
DA:194,1
DA:195,1
DA:196,0
DA:197,0
DA:198,1
DA:199,1
DA:200,1
DA:201,1
DA:202,1
DA:203,1
DA:204,1
DA:205,1
DA:206,1
DA:207,1
DA:208,1
DA:209,14
DA:210,3
DA:211,3
DA:212,14
DA:213,1
DA:214,1
LF:185
LH:175
BRDA:86,0,0,15
BRDA:100,1,0,15
BRDA:120,2,0,3
BRDA:121,3,0,2
BRDA:125,4,0,4
BRDA:126,5,0,12
BRDA:132,6,0,3
BRDA:140,7,0,1
BRDA:141,8,0,0
BRDA:146,9,0,2
BRDA:150,10,0,1
BRDA:153,11,0,3
BRDA:157,12,0,2
BRDA:160,13,0,0
BRDA:162,14,0,2
BRDA:164,15,0,1
BRDA:159,16,0,1
BRDA:169,17,0,1
BRDA:174,18,0,1
BRDA:179,19,0,1
BRDA:184,20,0,0
BRDA:188,21,0,1
BRDA:191,22,0,0
BRDA:195,23,0,0
BRDA:199,24,0,1
BRDA:201,25,0,1
BRDA:208,26,0,14
BRDA:209,27,0,3
BRDA:13,28,0,15
BRDA:32,29,0,15
BRDA:33,30,0,1
BRDA:33,31,0,31
BRDA:34,32,0,15
BRDA:1,33,0,29
BRDA:49,34,0,15
BRDA:59,35,0,2
BRDA:59,36,0,15
BRDA:40,37,0,0
BRF:38
BRH:32
end_of_record
TN:
SF:src/views/RegisterView.vue
FN:670,setup
FN:680,goBack
FN:684,toggleTerms
FN:688,toggleRegisterLogin
FN:693,togglePasswordVisibility
FN:697,registerUser
FN:34,__vite_ssr_import_4__.createElementBlock.__vite_ssr_import_4__.createElementVNode.__vite_ssr_import_4__.createElementVNode.__vite_ssr_import_4__.createElementVNode.__vite_ssr_import_4__.createElementVNode.__vite_ssr_import_4__.createElementVNode.__vite_ssr_import_4__.createElementVNode.__vite_ssr_import_4__.createElementVNode.__vite_ssr_import_4__.createElementVNode.__vite_ssr_import_4__.withDirectives.__vite_ssr_import_4__.createElementVNode.onUpdate:modelValue._cache.<computed>._cache.<computed>
FN:62,__vite_ssr_import_4__.createElementBlock.__vite_ssr_import_4__.createElementVNode.__vite_ssr_import_4__.createElementVNode.__vite_ssr_import_4__.createElementVNode.__vite_ssr_import_4__.createElementVNode.__vite_ssr_import_4__.createElementVNode._ctx.showRegisterForm.__vite_ssr_import_4__.createElementBlock.__vite_ssr_import_4__.createElementVNode.__vite_ssr_import_4__.createElementVNode.__vite_ssr_import_4__.withDirectives.__vite_ssr_import_4__.createElementVNode.onUpdate:modelValue._cache.<computed>._cache.<computed>
FN:112,__vite_ssr_import_4__.createElementBlock.__vite_ssr_import_4__.createElementVNode.__vite_ssr_import_4__.createElementVNode.__vite_ssr_import_4__.createElementVNode.__vite_ssr_import_4__.createElementVNode.__vite_ssr_import_4__.createElementVNode.__vite_ssr_import_4__.createElementVNode.__vite_ssr_import_4__.createElementVNode.__vite_ssr_import_4__.createElementVNode._ctx.showPassword.__vite_ssr_import_4__.createElementBlock.onClick._cache.<computed>._cache.<computed>
FN:126,__vite_ssr_import_4__.createElementBlock.__vite_ssr_import_4__.createElementVNode.__vite_ssr_import_4__.createElementVNode.__vite_ssr_import_4__.createElementVNode.__vite_ssr_import_4__.createElementVNode.__vite_ssr_import_4__.createElementVNode.__vite_ssr_import_4__.createElementVNode.__vite_ssr_import_4__.createElementVNode.__vite_ssr_import_4__.createElementVNode._ctx.showPassword.__vite_ssr_import_4__.createElementBlock.onClick._cache.<computed>._cache.<computed>
FN:182,__vite_ssr_import_4__.createElementBlock.__vite_ssr_import_4__.createElementVNode.__vite_ssr_import_4__.createElementVNode.__vite_ssr_import_4__.createElementVNode.__vite_ssr_import_4__.createElementVNode.__vite_ssr_import_4__.createElementVNode.__vite_ssr_import_4__.createElementVNode.onClick._cache.<computed>._cache.<computed>
FNF:11
FNH:5
FNDA:4,setup
FNDA:0,goBack
FNDA:2,toggleTerms
FNDA:2,toggleRegisterLogin
FNDA:2,togglePasswordVisibility
FNDA:2,registerUser
FNDA:0,__vite_ssr_import_4__.createElementBlock.__vite_ssr_import_4__.createElementVNode.__vite_ssr_import_4__.createElementVNode.__vite_ssr_import_4__.createElementVNode.__vite_ssr_import_4__.createElementVNode.__vite_ssr_import_4__.createElementVNode.__vite_ssr_import_4__.createElementVNode.__vite_ssr_import_4__.createElementVNode.__vite_ssr_import_4__.createElementVNode.__vite_ssr_import_4__.withDirectives.__vite_ssr_import_4__.createElementVNode.onUpdate:modelValue._cache.<computed>._cache.<computed>
FNDA:0,__vite_ssr_import_4__.createElementBlock.__vite_ssr_import_4__.createElementVNode.__vite_ssr_import_4__.createElementVNode.__vite_ssr_import_4__.createElementVNode.__vite_ssr_import_4__.createElementVNode.__vite_ssr_import_4__.createElementVNode._ctx.showRegisterForm.__vite_ssr_import_4__.createElementBlock.__vite_ssr_import_4__.createElementVNode.__vite_ssr_import_4__.createElementVNode.__vite_ssr_import_4__.withDirectives.__vite_ssr_import_4__.createElementVNode.onUpdate:modelValue._cache.<computed>._cache.<computed>
FNDA:0,__vite_ssr_import_4__.createElementBlock.__vite_ssr_import_4__.createElementVNode.__vite_ssr_import_4__.createElementVNode.__vite_ssr_import_4__.createElementVNode.__vite_ssr_import_4__.createElementVNode.__vite_ssr_import_4__.createElementVNode.__vite_ssr_import_4__.createElementVNode.__vite_ssr_import_4__.createElementVNode.__vite_ssr_import_4__.createElementVNode._ctx.showPassword.__vite_ssr_import_4__.createElementBlock.onClick._cache.<computed>._cache.<computed>
FNDA:0,__vite_ssr_import_4__.createElementBlock.__vite_ssr_import_4__.createElementVNode.__vite_ssr_import_4__.createElementVNode.__vite_ssr_import_4__.createElementVNode.__vite_ssr_import_4__.createElementVNode.__vite_ssr_import_4__.createElementVNode.__vite_ssr_import_4__.createElementVNode.__vite_ssr_import_4__.createElementVNode.__vite_ssr_import_4__.createElementVNode._ctx.showPassword.__vite_ssr_import_4__.createElementBlock.onClick._cache.<computed>._cache.<computed>
FNDA:0,__vite_ssr_import_4__.createElementBlock.__vite_ssr_import_4__.createElementVNode.__vite_ssr_import_4__.createElementVNode.__vite_ssr_import_4__.createElementVNode.__vite_ssr_import_4__.createElementVNode.__vite_ssr_import_4__.createElementVNode.__vite_ssr_import_4__.createElementVNode.onClick._cache.<computed>._cache.<computed>
DA:1,5
DA:2,1
DA:3,1
DA:4,1
DA:5,1
DA:6,1
DA:7,1
DA:8,1
DA:9,1
DA:10,1
DA:12,5
DA:13,5
DA:14,5
DA:15,5
DA:16,3
DA:17,3
DA:18,3
DA:20,3
DA:21,3
DA:22,3
DA:23,3
DA:24,1
DA:25,1
DA:26,1
DA:28,1
DA:29,1
DA:30,1
DA:31,1
DA:32,1
DA:33,1
DA:34,1
DA:35,0
DA:36,1
DA:37,1
DA:38,1
DA:39,1
DA:40,1
DA:41,1
DA:42,1
DA:43,1
DA:44,1
DA:45,1
DA:46,1
DA:48,1
DA:49,1
DA:50,1
DA:51,1
DA:52,1
DA:53,1
DA:54,1
DA:55,1
DA:56,1
DA:57,1
DA:58,1
DA:59,1
DA:60,1
DA:61,1
DA:62,1
DA:63,0
DA:64,1
DA:65,1
DA:66,1
DA:67,1
DA:68,1
DA:95,1
DA:96,1
DA:97,1
DA:98,1
DA:99,1
DA:100,1
DA:101,1
DA:102,1
DA:103,1
DA:104,1
DA:105,1
DA:106,1
DA:107,1
DA:108,1
DA:109,1
DA:110,1
DA:111,1
DA:112,1
DA:113,1
DA:114,1
DA:115,1
DA:116,1
DA:117,1
DA:119,4
DA:120,4
DA:121,4
DA:122,4
DA:123,4
DA:124,4
DA:126,1
DA:127,1
DA:128,1
DA:129,1
DA:130,1
DA:131,1
DA:133,1
DA:134,1
DA:135,1
DA:136,1
DA:137,1
DA:138,1
DA:139,1
DA:140,1
DA:141,1
DA:142,1
DA:143,1
DA:144,1
DA:145,1
DA:146,1
DA:147,1
DA:148,1
DA:149,1
DA:150,1
DA:151,1
DA:152,1
DA:153,1
DA:154,1
DA:155,1
DA:157,1
DA:158,1
DA:159,1
DA:160,1
DA:161,1
DA:162,1
DA:163,1
DA:165,1
DA:166,1
DA:167,1
DA:168,1
DA:169,1
DA:170,1
DA:171,1
DA:173,1
DA:175,1
DA:176,1
DA:177,1
DA:178,1
DA:179,1
DA:181,1
DA:182,1
DA:215,1
DA:216,1
DA:217,1
DA:218,1
DA:219,1
DA:220,1
DA:221,1
DA:651,1
DA:652,1
DA:654,1
DA:655,1
DA:656,1
DA:657,1
DA:658,1
DA:659,1
DA:663,1
DA:664,1
DA:665,1
DA:666,1
DA:668,1
DA:669,1
DA:670,1
DA:671,4
DA:672,4
DA:673,4
DA:674,4
DA:675,4
DA:676,4
DA:677,4
DA:678,4
DA:680,4
DA:681,0
DA:682,0
DA:684,4
DA:685,2
DA:686,2
DA:688,4
DA:689,2
DA:690,2
DA:691,2
DA:693,4
DA:694,2
DA:695,2
DA:697,4
DA:698,2
DA:699,2
DA:700,2
DA:701,2
DA:702,1
DA:703,1
DA:704,1
DA:705,1
DA:706,0
DA:707,0
DA:708,1
DA:709,2
DA:711,4
DA:712,4
DA:713,4
DA:714,4
DA:715,4
DA:716,4
DA:717,4
DA:718,4
DA:719,4
DA:720,4
DA:721,4
DA:722,4
DA:723,4
DA:724,4
DA:725,4
DA:726,4
DA:727,1
LF:217
LH:211
BRDA:670,0,0,4
BRDA:684,1,0,2
BRDA:688,2,0,2
BRDA:693,3,0,2
BRDA:697,4,0,2
BRDA:700,5,0,1
BRDA:701,6,0,1
BRDA:705,7,0,0
BRDA:7,8,0,4
BRDA:9,9,0,3
BRDA:9,10,0,5
BRDA:10,11,0,5
BRDA:15,12,0,3
BRDA:34,13,0,4
BRDA:62,14,0,2
BRDA:1,15,0,2
BRDA:1,16,0,5
BRDA:104,17,0,0
BRDA:112,18,0,4
BRDA:117,19,0,4
BRDA:1,20,0,3
BRDA:1,21,0,5
BRDA:182,22,0,4
BRDA:144,23,0,4
BRF:24
BRH:22
end_of_record
TN:
SF:src/views/TournamentView.vue
FN:71,setup
FN:89,data
FN:100,goHome
FN:103,updateTournament
FN:110,showCreatePanel
FN:115,showJoinPanel
FN:120,showActivePanel
FN:124,showConcludedPanel
FN:130,showTournamentResultPanel
FN:134,hideTournamentResultPanel
FN:13,__vite_ssr_import_6__.createElementBlock.__vite_ssr_import_6__.createElementVNode.__vite_ssr_import_6__.createElementVNode._ctx.hasCreatedTournament.__vite_ssr_import_6__.createElementBlock.onClick._cache.<computed>._cache.<computed>
FN:15,__vite_ssr_import_6__.createElementBlock.__vite_ssr_import_6__.createElementVNode.__vite_ssr_import_6__.createElementVNode._ctx.hasCreatedTournament.__vite_ssr_import_6__.createElementBlock.onClick._cache.<computed>._cache.<computed>
FN:17,__vite_ssr_import_6__.createElementBlock.__vite_ssr_import_6__.createElementVNode.__vite_ssr_import_6__.createElementVNode._ctx.hasCreatedTournament.__vite_ssr_import_6__.createElementBlock.onClick._cache.<computed>._cache.<computed>
FN:19,__vite_ssr_import_6__.createElementBlock.__vite_ssr_import_6__.createElementVNode.__vite_ssr_import_6__.createElementVNode.__vite_ssr_import_6__.createElementVNode.onClick._cache.<computed>._cache.<computed>
FNF:14
FNH:10
FNDA:8,setup
FNDA:8,data
FNDA:1,goHome
FNDA:1,updateTournament
FNDA:1,showCreatePanel
FNDA:1,showJoinPanel
FNDA:2,showActivePanel
FNDA:1,showConcludedPanel
FNDA:1,showTournamentResultPanel
FNDA:1,hideTournamentResultPanel
FNDA:0,__vite_ssr_import_6__.createElementBlock.__vite_ssr_import_6__.createElementVNode.__vite_ssr_import_6__.createElementVNode._ctx.hasCreatedTournament.__vite_ssr_import_6__.createElementBlock.onClick._cache.<computed>._cache.<computed>
FNDA:0,__vite_ssr_import_6__.createElementBlock.__vite_ssr_import_6__.createElementVNode.__vite_ssr_import_6__.createElementVNode._ctx.hasCreatedTournament.__vite_ssr_import_6__.createElementBlock.onClick._cache.<computed>._cache.<computed>
FNDA:0,__vite_ssr_import_6__.createElementBlock.__vite_ssr_import_6__.createElementVNode.__vite_ssr_import_6__.createElementVNode._ctx.hasCreatedTournament.__vite_ssr_import_6__.createElementBlock.onClick._cache.<computed>._cache.<computed>
FNDA:0,__vite_ssr_import_6__.createElementBlock.__vite_ssr_import_6__.createElementVNode.__vite_ssr_import_6__.createElementVNode.__vite_ssr_import_6__.createElementVNode.onClick._cache.<computed>._cache.<computed>
DA:1,0
DA:2,1
DA:3,1
DA:4,1
DA:6,1
DA:8,1
DA:10,1
DA:11,1
DA:12,1
DA:13,1
DA:14,1
DA:15,11
DA:16,1
DA:17,1
DA:18,1
DA:19,1
DA:20,1
DA:22,1
DA:23,1
DA:24,1
DA:25,1
DA:26,1
DA:27,1
DA:28,1
DA:29,1
DA:30,1
DA:31,1
DA:32,1
DA:33,1
DA:34,1
DA:35,1
DA:36,1
DA:38,1
DA:39,1
DA:40,1
DA:41,1
DA:42,1
DA:43,1
DA:44,1
DA:45,1
DA:47,1
DA:48,1
DA:49,1
DA:50,1
DA:51,1
DA:56,1
DA:57,1
DA:58,1
DA:59,1
DA:60,1
DA:61,1
DA:64,1
DA:65,1
DA:66,1
DA:67,1
DA:68,1
DA:69,1
DA:70,1
DA:71,1
DA:72,8
DA:73,8
DA:74,8
DA:76,8
DA:77,0
DA:78,0
DA:79,0
DA:80,0
DA:81,8
DA:83,8
DA:84,0
DA:85,8
DA:87,8
DA:88,8
DA:89,1
DA:90,8
DA:91,8
DA:92,8
DA:93,8
DA:94,8
DA:95,8
DA:96,8
DA:97,8
DA:98,8
DA:99,1
DA:100,1
DA:101,1
DA:102,1
DA:103,1
DA:104,1
DA:105,1
DA:106,1
DA:107,1
DA:108,1
DA:109,1
DA:110,1
DA:111,1
DA:112,1
DA:113,1
DA:114,1
DA:115,1
DA:116,1
DA:117,1
DA:118,1
DA:119,1
DA:120,1
DA:121,2
DA:122,2
DA:123,2
DA:124,1
DA:125,1
DA:126,1
DA:127,1
DA:128,1
DA:129,1
DA:130,1
DA:131,1
DA:132,1
DA:133,1
DA:134,1
DA:135,1
DA:136,1
DA:137,1
DA:138,1
DA:140,1
DA:142,1
LF:125
LH:119
BRDA:71,0,0,8
BRDA:89,1,0,8
BRDA:100,2,0,1
BRDA:103,3,0,1
BRDA:110,4,0,1
BRDA:115,5,0,1
BRDA:120,6,0,2
BRDA:124,7,0,1
BRDA:130,8,0,1
BRDA:134,9,0,1
BRDA:12,10,0,9
BRDA:12,11,0,2
BRDA:13,12,0,8
BRDA:13,13,0,1
BRDA:14,14,0,11
BRDA:14,15,0,1
BRDA:14,16,0,10
BRDA:15,17,0,8
BRDA:15,18,0,1
BRDA:16,19,0,1
BRDA:16,20,0,0
BRDA:17,21,0,11
BRDA:19,22,0,8
BRDA:24,23,0,11
BRDA:25,24,0,11
BRDA:25,25,0,9
BRDA:25,26,0,3
BRDA:26,27,0,11
BRDA:26,28,0,1
BRDA:26,29,0,11
BRDA:27,30,0,1
BRDA:33,31,0,11
BRDA:1,32,0,11
BRF:33
BRH:32
end_of_record
